ASSERTION	AAEAAQ1JbnZva2UgYWN0aW9uAgIAAAAAAAAAAAA=
ASSERTION	AAEAAQ1JbnZva2UgYWN0aW9uAQACBwAAAAAA8Gn4QA==
ASSERTION	AAEAAQ1JbnZva2UgYWN0aW9uAwACBwCuR+F6FK7vPw==
RUN	org.apache.openwhisk.BlockingInvokeOneActionSimulation		blockinginvokeoneactionsimulation	1543874066303	 	2.0
USER	Invoke one action blocking	1	START	1543874069072	1543874069072
REQUEST	Invoke one action blocking	1		Create action	1543874069281	1543874069675	OK	 
REQUEST	Invoke one action blocking	1		Warm containers up	1543874069770	1543874070892	OK	 
REQUEST	Invoke one action blocking	1		Warm containers up	1543874070901	1543874070982	OK	 
REQUEST	Invoke one action blocking	1		Warm containers up	1543874070983	1543874070999	OK	 
REQUEST	Invoke one action blocking	1		Warm containers up	1543874071000	1543874071016	OK	 
REQUEST	Invoke one action blocking	1		Warm containers up	1543874071017	1543874071033	OK	 
REQUEST	Invoke one action blocking	1		Warm containers up	1543874071034	1543874071053	OK	 
REQUEST	Invoke one action blocking	1		Warm containers up	1543874071054	1543874071070	OK	 
REQUEST	Invoke one action blocking	1		Warm containers up	1543874071071	1543874071090	OK	 
REQUEST	Invoke one action blocking	1		Warm containers up	1543874071091	1543874071105	OK	 
REQUEST	Invoke one action blocking	1		Warm containers up	1543874071106	1543874071121	OK	 
REQUEST	Invoke one action blocking	1		Warm containers up	1543874071122	1543874071137	OK	 
REQUEST	Invoke one action blocking	1		Warm containers up	1543874071138	1543874071152	OK	 
REQUEST	Invoke one action blocking	1		Warm containers up	1543874071153	1543874071172	OK	 
REQUEST	Invoke one action blocking	1		Warm containers up	1543874071173	1543874071189	OK	 
REQUEST	Invoke one action blocking	1		Warm containers up	1543874071190	1543874071207	OK	 
REQUEST	Invoke one action blocking	1		Warm containers up	1543874071209	1543874071226	OK	 
REQUEST	Invoke one action blocking	1		Warm containers up	1543874071227	1543874071252	OK	 
REQUEST	Invoke one action blocking	1		Warm containers up	1543874071253	1543874071292	OK	 
REQUEST	Invoke one action blocking	1		Warm containers up	1543874071293	1543874071311	OK	 
REQUEST	Invoke one action blocking	1		Warm containers up	1543874071312	1543874071327	OK	 
REQUEST	Invoke one action blocking	1		Warm containers up	1543874071328	1543874071350	OK	 
REQUEST	Invoke one action blocking	1		Warm containers up	1543874071351	1543874071365	OK	 
REQUEST	Invoke one action blocking	1		Warm containers up	1543874071367	1543874071390	OK	 
REQUEST	Invoke one action blocking	1		Warm containers up	1543874071391	1543874071419	OK	 
REQUEST	Invoke one action blocking	1		Warm containers up	1543874071419	1543874071437	OK	 
REQUEST	Invoke one action blocking	1		Warm containers up	1543874071438	1543874071462	OK	 
REQUEST	Invoke one action blocking	1		Warm containers up	1543874071463	1543874071479	OK	 
REQUEST	Invoke one action blocking	1		Warm containers up	1543874071480	1543874074009	OK	 
REQUEST	Invoke one action blocking	1		Warm containers up	1543874074010	1543874074025	OK	 
REQUEST	Invoke one action blocking	1		Warm containers up	1543874074027	1543874074041	OK	 
REQUEST	Invoke one action blocking	1		Warm containers up	1543874074042	1543874074061	OK	 
REQUEST	Invoke one action blocking	1		Warm containers up	1543874074062	1543874074083	OK	 
REQUEST	Invoke one action blocking	1		Warm containers up	1543874074084	1543874074099	OK	 
REQUEST	Invoke one action blocking	1		Warm containers up	1543874074100	1543874074114	OK	 
REQUEST	Invoke one action blocking	1		Warm containers up	1543874074115	1543874074128	OK	 
REQUEST	Invoke one action blocking	1		Warm containers up	1543874074129	1543874074148	OK	 
REQUEST	Invoke one action blocking	1		Warm containers up	1543874074149	1543874074168	OK	 
REQUEST	Invoke one action blocking	1		Warm containers up	1543874074169	1543874074182	OK	 
REQUEST	Invoke one action blocking	1		Warm containers up	1543874074183	1543874074198	OK	 
REQUEST	Invoke one action blocking	1		Warm containers up	1543874074198	1543874074220	OK	 
REQUEST	Invoke one action blocking	1		Warm containers up	1543874074221	1543874074236	OK	 
REQUEST	Invoke one action blocking	1		Warm containers up	1543874074237	1543874074260	OK	 
REQUEST	Invoke one action blocking	1		Warm containers up	1543874074261	1543874074277	OK	 
REQUEST	Invoke one action blocking	1		Warm containers up	1543874074278	1543874074298	OK	 
REQUEST	Invoke one action blocking	1		Warm containers up	1543874074299	1543874074313	OK	 
REQUEST	Invoke one action blocking	1		Warm containers up	1543874074314	1543874074330	OK	 
REQUEST	Invoke one action blocking	1		Warm containers up	1543874074331	1543874074347	OK	 
REQUEST	Invoke one action blocking	1		Warm containers up	1543874074347	1543874074368	OK	 
REQUEST	Invoke one action blocking	1		Warm containers up	1543874074369	1543874074392	OK	 
REQUEST	Invoke one action blocking	1		Warm containers up	1543874074393	1543874074412	OK	 
REQUEST	Invoke one action blocking	1		Warm containers up	1543874074413	1543874074428	OK	 
REQUEST	Invoke one action blocking	1		Warm containers up	1543874074429	1543874074444	OK	 
REQUEST	Invoke one action blocking	1		Warm containers up	1543874074445	1543874074464	OK	 
REQUEST	Invoke one action blocking	1		Warm containers up	1543874074465	1543874074491	OK	 
REQUEST	Invoke one action blocking	1		Warm containers up	1543874074492	1543874074509	OK	 
REQUEST	Invoke one action blocking	1		Warm containers up	1543874074509	1543874074532	OK	 
REQUEST	Invoke one action blocking	1		Warm containers up	1543874074533	1543874074547	OK	 
REQUEST	Invoke one action blocking	1		Warm containers up	1543874074548	1543874074573	OK	 
REQUEST	Invoke one action blocking	1		Warm containers up	1543874074574	1543874074590	OK	 
REQUEST	Invoke one action blocking	1		Warm containers up	1543874074591	1543874074608	OK	 
REQUEST	Invoke one action blocking	1		Warm containers up	1543874074609	1543874074612	KO	status.find.in(200,304,201,202,203,204,205,206,207,208,209), but actually found 429
REQUEST	Invoke one action blocking	1		Warm containers up	1543874074643	1543874074647	KO	status.find.in(200,304,201,202,203,204,205,206,207,208,209), but actually found 429
REQUEST	Invoke one action blocking	1		Warm containers up	1543874074651	1543874074654	KO	status.find.in(200,304,201,202,203,204,205,206,207,208,209), but actually found 429
REQUEST	Invoke one action blocking	1		Warm containers up	1543874074656	1543874074662	KO	status.find.in(200,304,201,202,203,204,205,206,207,208,209), but actually found 429
REQUEST	Invoke one action blocking	1		Warm containers up	1543874074664	1543874074670	KO	status.find.in(200,304,201,202,203,204,205,206,207,208,209), but actually found 429
REQUEST	Invoke one action blocking	1		Warm containers up	1543874074672	1543874074675	KO	status.find.in(200,304,201,202,203,204,205,206,207,208,209), but actually found 429
REQUEST	Invoke one action blocking	1		Warm containers up	1543874074677	1543874074682	KO	status.find.in(200,304,201,202,203,204,205,206,207,208,209), but actually found 429
REQUEST	Invoke one action blocking	1		Warm containers up	1543874074684	1543874074686	KO	status.find.in(200,304,201,202,203,204,205,206,207,208,209), but actually found 429
REQUEST	Invoke one action blocking	1		Warm containers up	1543874074690	1543874074693	KO	status.find.in(200,304,201,202,203,204,205,206,207,208,209), but actually found 429
REQUEST	Invoke one action blocking	1		Warm containers up	1543874074694	1543874074700	KO	status.find.in(200,304,201,202,203,204,205,206,207,208,209), but actually found 429
REQUEST	Invoke one action blocking	1		Warm containers up	1543874074702	1543874074704	KO	status.find.in(200,304,201,202,203,204,205,206,207,208,209), but actually found 429
REQUEST	Invoke one action blocking	1		Warm containers up	1543874074723	1543874074726	KO	status.find.in(200,304,201,202,203,204,205,206,207,208,209), but actually found 429
REQUEST	Invoke one action blocking	1		Warm containers up	1543874074728	1543874074732	KO	status.find.in(200,304,201,202,203,204,205,206,207,208,209), but actually found 429
REQUEST	Invoke one action blocking	1		Warm containers up	1543874074734	1543874074736	KO	status.find.in(200,304,201,202,203,204,205,206,207,208,209), but actually found 429
REQUEST	Invoke one action blocking	1		Warm containers up	1543874074745	1543874074753	KO	status.find.in(200,304,201,202,203,204,205,206,207,208,209), but actually found 429
REQUEST	Invoke one action blocking	1		Invoke action	1543874074771	1543874074774	KO	status.find.in(200,304,201,202,203,204,205,206,207,208,209), but actually found 429
REQUEST	Invoke one action blocking	1		Invoke action	1543874074776	1543874074783	KO	status.find.in(200,304,201,202,203,204,205,206,207,208,209), but actually found 429
REQUEST	Invoke one action blocking	1		Invoke action	1543874074790	1543874074793	KO	status.find.in(200,304,201,202,203,204,205,206,207,208,209), but actually found 429
REQUEST	Invoke one action blocking	1		Invoke action	1543874074800	1543874074803	KO	status.find.in(200,304,201,202,203,204,205,206,207,208,209), but actually found 429
REQUEST	Invoke one action blocking	1		Invoke action	1543874074804	1543874074822	KO	status.find.in(200,304,201,202,203,204,205,206,207,208,209), but actually found 429
REQUEST	Invoke one action blocking	1		Invoke action	1543874074824	1543874074834	KO	status.find.in(200,304,201,202,203,204,205,206,207,208,209), but actually found 429
REQUEST	Invoke one action blocking	1		Invoke action	1543874074841	1543874074845	KO	status.find.in(200,304,201,202,203,204,205,206,207,208,209), but actually found 429
REQUEST	Invoke one action blocking	1		Invoke action	1543874074851	1543874074853	KO	status.find.in(200,304,201,202,203,204,205,206,207,208,209), but actually found 429
REQUEST	Invoke one action blocking	1		Invoke action	1543874074870	1543874074873	KO	status.find.in(200,304,201,202,203,204,205,206,207,208,209), but actually found 429
REQUEST	Invoke one action blocking	1		Invoke action	1543874074880	1543874074883	KO	status.find.in(200,304,201,202,203,204,205,206,207,208,209), but actually found 429
REQUEST	Invoke one action blocking	1		Invoke action	1543874074891	1543874074893	KO	status.find.in(200,304,201,202,203,204,205,206,207,208,209), but actually found 429
REQUEST	Invoke one action blocking	1		Invoke action	1543874074900	1543874074902	KO	status.find.in(200,304,201,202,203,204,205,206,207,208,209), but actually found 429
REQUEST	Invoke one action blocking	1		Invoke action	1543874074904	1543874074912	KO	status.find.in(200,304,201,202,203,204,205,206,207,208,209), but actually found 429
REQUEST	Invoke one action blocking	1		Invoke action	1543874074914	1543874074916	KO	status.find.in(200,304,201,202,203,204,205,206,207,208,209), but actually found 429
REQUEST	Invoke one action blocking	1		Invoke action	1543874074920	1543874074923	KO	status.find.in(200,304,201,202,203,204,205,206,207,208,209), but actually found 429
REQUEST	Invoke one action blocking	1		Invoke action	1543874074924	1543874074927	KO	status.find.in(200,304,201,202,203,204,205,206,207,208,209), but actually found 429
REQUEST	Invoke one action blocking	1		Invoke action	1543874074930	1543874074933	KO	status.find.in(200,304,201,202,203,204,205,206,207,208,209), but actually found 429
REQUEST	Invoke one action blocking	1		Invoke action	1543874074936	1543874074942	KO	status.find.in(200,304,201,202,203,204,205,206,207,208,209), but actually found 429
REQUEST	Invoke one action blocking	1		Invoke action	1543874074960	1543874074963	KO	status.find.in(200,304,201,202,203,204,205,206,207,208,209), but actually found 429
REQUEST	Invoke one action blocking	1		Invoke action	1543874074965	1543874074972	KO	status.find.in(200,304,201,202,203,204,205,206,207,208,209), but actually found 429
REQUEST	Invoke one action blocking	1		Invoke action	1543874074974	1543874074977	KO	status.find.in(200,304,201,202,203,204,205,206,207,208,209), but actually found 429
REQUEST	Invoke one action blocking	1		Invoke action	1543874074981	1543874074983	KO	status.find.in(200,304,201,202,203,204,205,206,207,208,209), but actually found 429
REQUEST	Invoke one action blocking	1		Invoke action	1543874074990	1543874074992	KO	status.find.in(200,304,201,202,203,204,205,206,207,208,209), but actually found 429
REQUEST	Invoke one action blocking	1		Invoke action	1543874074995	1543874075000	KO	status.find.in(200,304,201,202,203,204,205,206,207,208,209), but actually found 429
REQUEST	Invoke one action blocking	1		Invoke action	1543874075011	1543874075051	KO	status.find.in(200,304,201,202,203,204,205,206,207,208,209), but actually found 429
REQUEST	Invoke one action blocking	1		Invoke action	1543874075061	1543874075064	KO	status.find.in(200,304,201,202,203,204,205,206,207,208,209), but actually found 429
REQUEST	Invoke one action blocking	1		Invoke action	1543874075066	1543874075072	KO	status.find.in(200,304,201,202,203,204,205,206,207,208,209), but actually found 429
REQUEST	Invoke one action blocking	1		Invoke action	1543874075074	1543874075076	KO	status.find.in(200,304,201,202,203,204,205,206,207,208,209), but actually found 429
REQUEST	Invoke one action blocking	1		Invoke action	1543874075081	1543874075083	KO	status.find.in(200,304,201,202,203,204,205,206,207,208,209), but actually found 429
REQUEST	Invoke one action blocking	1		Invoke action	1543874075091	1543874075093	KO	status.find.in(200,304,201,202,203,204,205,206,207,208,209), but actually found 429
REQUEST	Invoke one action blocking	1		Invoke action	1543874075095	1543874075097	KO	status.find.in(200,304,201,202,203,204,205,206,207,208,209), but actually found 429
REQUEST	Invoke one action blocking	1		Invoke action	1543874075101	1543874075103	KO	status.find.in(200,304,201,202,203,204,205,206,207,208,209), but actually found 429
REQUEST	Invoke one action blocking	1		Invoke action	1543874075105	1543874075107	KO	status.find.in(200,304,201,202,203,204,205,206,207,208,209), but actually found 429
REQUEST	Invoke one action blocking	1		Invoke action	1543874075110	1543874075113	KO	status.find.in(200,304,201,202,203,204,205,206,207,208,209), but actually found 429
REQUEST	Invoke one action blocking	1		Invoke action	1543874075114	1543874075120	KO	status.find.in(200,304,201,202,203,204,205,206,207,208,209), but actually found 429
REQUEST	Invoke one action blocking	1		Invoke action	1543874075121	1543874075124	KO	status.find.in(200,304,201,202,203,204,205,206,207,208,209), but actually found 429
REQUEST	Invoke one action blocking	1		Invoke action	1543874075125	1543874075128	KO	status.find.in(200,304,201,202,203,204,205,206,207,208,209), but actually found 429
REQUEST	Invoke one action blocking	1		Invoke action	1543874075130	1543874075133	KO	status.find.in(200,304,201,202,203,204,205,206,207,208,209), but actually found 429
REQUEST	Invoke one action blocking	1		Invoke action	1543874075135	1543874075142	KO	status.find.in(200,304,201,202,203,204,205,206,207,208,209), but actually found 429
REQUEST	Invoke one action blocking	1		Invoke action	1543874075161	1543874075163	KO	status.find.in(200,304,201,202,203,204,205,206,207,208,209), but actually found 429
REQUEST	Invoke one action blocking	1		Invoke action	1543874075171	1543874075174	KO	status.find.in(200,304,201,202,203,204,205,206,207,208,209), but actually found 429
REQUEST	Invoke one action blocking	1		Invoke action	1543874075180	1543874075183	KO	status.find.in(200,304,201,202,203,204,205,206,207,208,209), but actually found 429
REQUEST	Invoke one action blocking	1		Invoke action	1543874075184	1543874075190	KO	status.find.in(200,304,201,202,203,204,205,206,207,208,209), but actually found 429
REQUEST	Invoke one action blocking	1		Invoke action	1543874075191	1543874075194	KO	status.find.in(200,304,201,202,203,204,205,206,207,208,209), but actually found 429
REQUEST	Invoke one action blocking	1		Invoke action	1543874075195	1543874075202	KO	status.find.in(200,304,201,202,203,204,205,206,207,208,209), but actually found 429
REQUEST	Invoke one action blocking	1		Invoke action	1543874075203	1543874075206	KO	status.find.in(200,304,201,202,203,204,205,206,207,208,209), but actually found 429
REQUEST	Invoke one action blocking	1		Invoke action	1543874075210	1543874075213	KO	status.find.in(200,304,201,202,203,204,205,206,207,208,209), but actually found 429
REQUEST	Invoke one action blocking	1		Invoke action	1543874075215	1543874075220	KO	status.find.in(200,304,201,202,203,204,205,206,207,208,209), but actually found 429
REQUEST	Invoke one action blocking	1		Invoke action	1543874075222	1543874075230	KO	status.find.in(200,304,201,202,203,204,205,206,207,208,209), but actually found 429
REQUEST	Invoke one action blocking	1		Invoke action	1543874075232	1543874075240	KO	status.find.in(200,304,201,202,203,204,205,206,207,208,209), but actually found 429
REQUEST	Invoke one action blocking	1		Invoke action	1543874075243	1543874075260	KO	status.find.in(200,304,201,202,203,204,205,206,207,208,209), but actually found 429
REQUEST	Invoke one action blocking	1		Invoke action	1543874075262	1543874075270	KO	status.find.in(200,304,201,202,203,204,205,206,207,208,209), but actually found 429
REQUEST	Invoke one action blocking	1		Invoke action	1543874075271	1543874075274	KO	status.find.in(200,304,201,202,203,204,205,206,207,208,209), but actually found 429
REQUEST	Invoke one action blocking	1		Invoke action	1543874075275	1543874075277	KO	status.find.in(200,304,201,202,203,204,205,206,207,208,209), but actually found 429
REQUEST	Invoke one action blocking	1		Invoke action	1543874075280	1543874075283	KO	status.find.in(200,304,201,202,203,204,205,206,207,208,209), but actually found 429
REQUEST	Invoke one action blocking	1		Invoke action	1543874075284	1543874075292	KO	status.find.in(200,304,201,202,203,204,205,206,207,208,209), but actually found 429
REQUEST	Invoke one action blocking	1		Invoke action	1543874075293	1543874075300	KO	status.find.in(200,304,201,202,203,204,205,206,207,208,209), but actually found 429
REQUEST	Invoke one action blocking	1		Invoke action	1543874075302	1543874075304	KO	status.find.in(200,304,201,202,203,204,205,206,207,208,209), but actually found 429
REQUEST	Invoke one action blocking	1		Invoke action	1543874075306	1543874075308	KO	status.find.in(200,304,201,202,203,204,205,206,207,208,209), but actually found 429
REQUEST	Invoke one action blocking	1		Invoke action	1543874075310	1543874075313	KO	status.find.in(200,304,201,202,203,204,205,206,207,208,209), but actually found 429
REQUEST	Invoke one action blocking	1		Invoke action	1543874075314	1543874075320	KO	status.find.in(200,304,201,202,203,204,205,206,207,208,209), but actually found 429
REQUEST	Invoke one action blocking	1		Invoke action	1543874075321	1543874075324	KO	status.find.in(200,304,201,202,203,204,205,206,207,208,209), but actually found 429
REQUEST	Invoke one action blocking	1		Invoke action	1543874075325	1543874075330	KO	status.find.in(200,304,201,202,203,204,205,206,207,208,209), but actually found 429
REQUEST	Invoke one action blocking	1		Invoke action	1543874075331	1543874075333	KO	status.find.in(200,304,201,202,203,204,205,206,207,208,209), but actually found 429
REQUEST	Invoke one action blocking	1		Invoke action	1543874075335	1543874075340	KO	status.find.in(200,304,201,202,203,204,205,206,207,208,209), but actually found 429
REQUEST	Invoke one action blocking	1		Invoke action	1543874075341	1543874075344	KO	status.find.in(200,304,201,202,203,204,205,206,207,208,209), but actually found 429
REQUEST	Invoke one action blocking	1		Invoke action	1543874075350	1543874075363	KO	status.find.in(200,304,201,202,203,204,205,206,207,208,209), but actually found 429
REQUEST	Invoke one action blocking	1		Invoke action	1543874075364	1543874075371	KO	status.find.in(200,304,201,202,203,204,205,206,207,208,209), but actually found 429
REQUEST	Invoke one action blocking	1		Invoke action	1543874075373	1543874075382	KO	status.find.in(200,304,201,202,203,204,205,206,207,208,209), but actually found 429
REQUEST	Invoke one action blocking	1		Invoke action	1543874075383	1543874075390	KO	status.find.in(200,304,201,202,203,204,205,206,207,208,209), but actually found 429
REQUEST	Invoke one action blocking	1		Invoke action	1543874075391	1543874075394	KO	status.find.in(200,304,201,202,203,204,205,206,207,208,209), but actually found 429
REQUEST	Invoke one action blocking	1		Invoke action	1543874075395	1543874075402	KO	status.find.in(200,304,201,202,203,204,205,206,207,208,209), but actually found 429
REQUEST	Invoke one action blocking	1		Invoke action	1543874075403	1543874075405	KO	status.find.in(200,304,201,202,203,204,205,206,207,208,209), but actually found 429
REQUEST	Invoke one action blocking	1		Invoke action	1543874075406	1543874075410	KO	status.find.in(200,304,201,202,203,204,205,206,207,208,209), but actually found 429
REQUEST	Invoke one action blocking	1		Invoke action	1543874075411	1543874075413	KO	status.find.in(200,304,201,202,203,204,205,206,207,208,209), but actually found 429
REQUEST	Invoke one action blocking	1		Invoke action	1543874075415	1543874075422	KO	status.find.in(200,304,201,202,203,204,205,206,207,208,209), but actually found 429
REQUEST	Invoke one action blocking	1		Invoke action	1543874075423	1543874075426	KO	status.find.in(200,304,201,202,203,204,205,206,207,208,209), but actually found 429
REQUEST	Invoke one action blocking	1		Invoke action	1543874075430	1543874075433	KO	status.find.in(200,304,201,202,203,204,205,206,207,208,209), but actually found 429
REQUEST	Invoke one action blocking	1		Invoke action	1543874075442	1543874075450	KO	status.find.in(200,304,201,202,203,204,205,206,207,208,209), but actually found 429
REQUEST	Invoke one action blocking	1		Invoke action	1543874075452	1543874075454	KO	status.find.in(200,304,201,202,203,204,205,206,207,208,209), but actually found 429
REQUEST	Invoke one action blocking	1		Invoke action	1543874075461	1543874075472	KO	status.find.in(200,304,201,202,203,204,205,206,207,208,209), but actually found 429
REQUEST	Invoke one action blocking	1		Invoke action	1543874075473	1543874075482	KO	status.find.in(200,304,201,202,203,204,205,206,207,208,209), but actually found 429
REQUEST	Invoke one action blocking	1		Invoke action	1543874075483	1543874075490	KO	status.find.in(200,304,201,202,203,204,205,206,207,208,209), but actually found 429
REQUEST	Invoke one action blocking	1		Invoke action	1543874075491	1543874075494	KO	status.find.in(200,304,201,202,203,204,205,206,207,208,209), but actually found 429
REQUEST	Invoke one action blocking	1		Invoke action	1543874075500	1543874075502	KO	status.find.in(200,304,201,202,203,204,205,206,207,208,209), but actually found 429
REQUEST	Invoke one action blocking	1		Invoke action	1543874075503	1543874075510	KO	status.find.in(200,304,201,202,203,204,205,206,207,208,209), but actually found 429
REQUEST	Invoke one action blocking	1		Invoke action	1543874075511	1543874075514	KO	status.find.in(200,304,201,202,203,204,205,206,207,208,209), but actually found 429
REQUEST	Invoke one action blocking	1		Invoke action	1543874075515	1543874075522	KO	status.find.in(200,304,201,202,203,204,205,206,207,208,209), but actually found 429
REQUEST	Invoke one action blocking	1		Invoke action	1543874075523	1543874075526	KO	status.find.in(200,304,201,202,203,204,205,206,207,208,209), but actually found 429
REQUEST	Invoke one action blocking	1		Invoke action	1543874075530	1543874075533	KO	status.find.in(200,304,201,202,203,204,205,206,207,208,209), but actually found 429
REQUEST	Invoke one action blocking	1		Invoke action	1543874075534	1543874075544	KO	status.find.in(200,304,201,202,203,204,205,206,207,208,209), but actually found 429
REQUEST	Invoke one action blocking	1		Invoke action	1543874075550	1543874075560	KO	status.find.in(200,304,201,202,203,204,205,206,207,208,209), but actually found 429
REQUEST	Invoke one action blocking	1		Invoke action	1543874075562	1543874075570	KO	status.find.in(200,304,201,202,203,204,205,206,207,208,209), but actually found 429
REQUEST	Invoke one action blocking	1		Invoke action	1543874075571	1543874075574	KO	status.find.in(200,304,201,202,203,204,205,206,207,208,209), but actually found 429
REQUEST	Invoke one action blocking	1		Invoke action	1543874075575	1543874075582	KO	status.find.in(200,304,201,202,203,204,205,206,207,208,209), but actually found 429
REQUEST	Invoke one action blocking	1		Invoke action	1543874075584	1543874075590	KO	status.find.in(200,304,201,202,203,204,205,206,207,208,209), but actually found 429
REQUEST	Invoke one action blocking	1		Invoke action	1543874075591	1543874075593	KO	status.find.in(200,304,201,202,203,204,205,206,207,208,209), but actually found 429
REQUEST	Invoke one action blocking	1		Invoke action	1543874075600	1543874075603	KO	status.find.in(200,304,201,202,203,204,205,206,207,208,209), but actually found 429
REQUEST	Invoke one action blocking	1		Invoke action	1543874075605	1543874075612	KO	status.find.in(200,304,201,202,203,204,205,206,207,208,209), but actually found 429
REQUEST	Invoke one action blocking	1		Invoke action	1543874075613	1543874075620	KO	status.find.in(200,304,201,202,203,204,205,206,207,208,209), but actually found 429
REQUEST	Invoke one action blocking	1		Invoke action	1543874075622	1543874075630	KO	status.find.in(200,304,201,202,203,204,205,206,207,208,209), but actually found 429
REQUEST	Invoke one action blocking	1		Invoke action	1543874075631	1543874075633	KO	status.find.in(200,304,201,202,203,204,205,206,207,208,209), but actually found 429
REQUEST	Invoke one action blocking	1		Invoke action	1543874075635	1543874075642	KO	status.find.in(200,304,201,202,203,204,205,206,207,208,209), but actually found 429
REQUEST	Invoke one action blocking	1		Invoke action	1543874075650	1543874075652	KO	status.find.in(200,304,201,202,203,204,205,206,207,208,209), but actually found 429
REQUEST	Invoke one action blocking	1		Invoke action	1543874075660	1543874075662	KO	status.find.in(200,304,201,202,203,204,205,206,207,208,209), but actually found 429
REQUEST	Invoke one action blocking	1		Invoke action	1543874075663	1543874075670	KO	status.find.in(200,304,201,202,203,204,205,206,207,208,209), but actually found 429
REQUEST	Invoke one action blocking	1		Invoke action	1543874075671	1543874075673	KO	status.find.in(200,304,201,202,203,204,205,206,207,208,209), but actually found 429
REQUEST	Invoke one action blocking	1		Invoke action	1543874075675	1543874075682	KO	status.find.in(200,304,201,202,203,204,205,206,207,208,209), but actually found 429
REQUEST	Invoke one action blocking	1		Invoke action	1543874075684	1543874075690	KO	status.find.in(200,304,201,202,203,204,205,206,207,208,209), but actually found 429
REQUEST	Invoke one action blocking	1		Invoke action	1543874075691	1543874075704	KO	status.find.in(200,304,201,202,203,204,205,206,207,208,209), but actually found 429
REQUEST	Invoke one action blocking	1		Invoke action	1543874075710	1543874075714	KO	status.find.in(200,304,201,202,203,204,205,206,207,208,209), but actually found 429
REQUEST	Invoke one action blocking	1		Invoke action	1543874075721	1543874075724	KO	status.find.in(200,304,201,202,203,204,205,206,207,208,209), but actually found 429
REQUEST	Invoke one action blocking	1		Invoke action	1543874075725	1543874075730	KO	status.find.in(200,304,201,202,203,204,205,206,207,208,209), but actually found 429
REQUEST	Invoke one action blocking	1		Invoke action	1543874075741	1543874075744	KO	status.find.in(200,304,201,202,203,204,205,206,207,208,209), but actually found 429
REQUEST	Invoke one action blocking	1		Invoke action	1543874075745	1543874075753	KO	status.find.in(200,304,201,202,203,204,205,206,207,208,209), but actually found 429
REQUEST	Invoke one action blocking	1		Invoke action	1543874075754	1543874075762	KO	status.find.in(200,304,201,202,203,204,205,206,207,208,209), but actually found 429
REQUEST	Invoke one action blocking	1		Invoke action	1543874075763	1543874075782	KO	status.find.in(200,304,201,202,203,204,205,206,207,208,209), but actually found 429
REQUEST	Invoke one action blocking	1		Delete action	1543874075784	1543874075950	OK	 
USER	Invoke one action blocking	1	END	1543874069072	1543874075960
