ASSERTION	AAEAAR5XYXJtIHB5dGhvbjpkZWZhdWx0IGludm9jYXRpb24EAAECBwAAAAAAAECPQA==
ASSERTION	AAEAAR5XYXJtIHB5dGhvbjpkZWZhdWx0IGludm9jYXRpb24EAAECBgAAAAAAAECPQA==
ASSERTION	AAEAAR5XYXJtIHB5dGhvbjpkZWZhdWx0IGludm9jYXRpb24BAAIHAAAAAADwafhA
ASSERTION	AAEAAR5XYXJtIHB5dGhvbjpkZWZhdWx0IGludm9jYXRpb24DAAIHAK5H4XoUru8/
RUN	org.apache.openwhisk.LatencySimulation		latencysimulation	1543928610131	 	2.0
USER	Invoke one action after each other to test latency	1	START	1543928612741	1543928612741
REQUEST	Invoke one action after each other to test latency	1		Create python:default action	1543928612981	1543928613276	OK	 
REQUEST	Invoke one action after each other to test latency	1		Cold python:default invocation	1543928613360	1543928613637	OK	 
REQUEST	Invoke one action after each other to test latency	1		Warm python:default invocation	1543928613701	1543928616467	OK	 
REQUEST	Invoke one action after each other to test latency	1		Warm python:default invocation	1543928616551	1543928616794	OK	 
REQUEST	Invoke one action after each other to test latency	1		Warm python:default invocation	1543928616900	1543928620109	OK	 
REQUEST	Invoke one action after each other to test latency	1		Warm python:default invocation	1543928620221	1543928620466	OK	 
REQUEST	Invoke one action after each other to test latency	1		Warm python:default invocation	1543928620561	1543928623688	OK	 
REQUEST	Invoke one action after each other to test latency	1		Warm python:default invocation	1543928623781	1543928624027	OK	 
REQUEST	Invoke one action after each other to test latency	1		Warm python:default invocation	1543928624131	1543928627353	OK	 
REQUEST	Invoke one action after each other to test latency	1		Warm python:default invocation	1543928627461	1543928628722	OK	 
REQUEST	Invoke one action after each other to test latency	1		Warm python:default invocation	1543928628821	1543928631062	OK	 
REQUEST	Invoke one action after each other to test latency	1		Warm python:default invocation	1543928631161	1543928631408	OK	 
REQUEST	Invoke one action after each other to test latency	1		Warm python:default invocation	1543928631501	1543928634721	OK	 
REQUEST	Invoke one action after each other to test latency	1		Warm python:default invocation	1543928634831	1543928635063	OK	 
REQUEST	Invoke one action after each other to test latency	1		Warm python:default invocation	1543928635161	1543928638526	OK	 
REQUEST	Invoke one action after each other to test latency	1		Warm python:default invocation	1543928638621	1543928638859	OK	 
REQUEST	Invoke one action after each other to test latency	1		Warm python:default invocation	1543928638970	1543928642222	OK	 
REQUEST	Invoke one action after each other to test latency	1		Warm python:default invocation	1543928642320	1543928642563	OK	 
REQUEST	Invoke one action after each other to test latency	1		Warm python:default invocation	1543928642660	1543928646853	OK	 
REQUEST	Invoke one action after each other to test latency	1		Warm python:default invocation	1543928646951	1543928647181	OK	 
REQUEST	Invoke one action after each other to test latency	1		Warm python:default invocation	1543928647291	1543928650265	OK	 
REQUEST	Invoke one action after each other to test latency	1		Warm python:default invocation	1543928650361	1543928650596	OK	 
REQUEST	Invoke one action after each other to test latency	1		Warm python:default invocation	1543928650691	1543928653792	OK	 
REQUEST	Invoke one action after each other to test latency	1		Warm python:default invocation	1543928653901	1543928654143	OK	 
REQUEST	Invoke one action after each other to test latency	1		Warm python:default invocation	1543928654241	1543928657399	OK	 
REQUEST	Invoke one action after each other to test latency	1		Warm python:default invocation	1543928657501	1543928657734	OK	 
REQUEST	Invoke one action after each other to test latency	1		Warm python:default invocation	1543928657831	1543928661157	OK	 
REQUEST	Invoke one action after each other to test latency	1		Warm python:default invocation	1543928661261	1543928661495	OK	 
REQUEST	Invoke one action after each other to test latency	1		Warm python:default invocation	1543928661591	1543928664811	OK	 
REQUEST	Invoke one action after each other to test latency	1		Warm python:default invocation	1543928664921	1543928665153	OK	 
REQUEST	Invoke one action after each other to test latency	1		Warm python:default invocation	1543928665250	1543928668569	OK	 
REQUEST	Invoke one action after each other to test latency	1		Warm python:default invocation	1543928668661	1543928668914	OK	 
REQUEST	Invoke one action after each other to test latency	1		Warm python:default invocation	1543928669020	1543928672217	OK	 
REQUEST	Invoke one action after each other to test latency	1		Warm python:default invocation	1543928672311	1543928672549	OK	 
REQUEST	Invoke one action after each other to test latency	1		Warm python:default invocation	1543928672651	1543928675851	OK	 
REQUEST	Invoke one action after each other to test latency	1		Warm python:default invocation	1543928675961	1543928676196	OK	 
REQUEST	Invoke one action after each other to test latency	1		Warm python:default invocation	1543928676291	1543928679581	OK	 
REQUEST	Invoke one action after each other to test latency	1		Warm python:default invocation	1543928679691	1543928679920	OK	 
REQUEST	Invoke one action after each other to test latency	1		Warm python:default invocation	1543928680020	1543928683180	OK	 
REQUEST	Invoke one action after each other to test latency	1		Warm python:default invocation	1543928683280	1543928683516	OK	 
REQUEST	Invoke one action after each other to test latency	1		Warm python:default invocation	1543928683611	1543928686841	OK	 
REQUEST	Invoke one action after each other to test latency	1		Warm python:default invocation	1543928686940	1543928687173	OK	 
REQUEST	Invoke one action after each other to test latency	1		Warm python:default invocation	1543928687270	1543928690438	OK	 
REQUEST	Invoke one action after each other to test latency	1		Warm python:default invocation	1543928690541	1543928690780	OK	 
REQUEST	Invoke one action after each other to test latency	1		Warm python:default invocation	1543928690880	1543928694092	OK	 
REQUEST	Invoke one action after each other to test latency	1		Warm python:default invocation	1543928694190	1543928694426	OK	 
REQUEST	Invoke one action after each other to test latency	1		Warm python:default invocation	1543928694530	1543928697734	OK	 
REQUEST	Invoke one action after each other to test latency	1		Warm python:default invocation	1543928697830	1543928698063	OK	 
REQUEST	Invoke one action after each other to test latency	1		Warm python:default invocation	1543928698170	1543928701362	OK	 
REQUEST	Invoke one action after each other to test latency	1		Warm python:default invocation	1543928701461	1543928701692	OK	 
REQUEST	Invoke one action after each other to test latency	1		Warm python:default invocation	1543928701791	1543928705120	OK	 
REQUEST	Invoke one action after each other to test latency	1		Warm python:default invocation	1543928705220	1543928705455	OK	 
REQUEST	Invoke one action after each other to test latency	1		Warm python:default invocation	1543928705560	1543928708742	OK	 
REQUEST	Invoke one action after each other to test latency	1		Warm python:default invocation	1543928708840	1543928709075	OK	 
REQUEST	Invoke one action after each other to test latency	1		Warm python:default invocation	1543928709170	1543928712231	OK	 
REQUEST	Invoke one action after each other to test latency	1		Warm python:default invocation	1543928712340	1543928712573	OK	 
REQUEST	Invoke one action after each other to test latency	1		Warm python:default invocation	1543928712671	1543928715850	OK	 
REQUEST	Invoke one action after each other to test latency	1		Warm python:default invocation	1543928715951	1543928716186	OK	 
REQUEST	Invoke one action after each other to test latency	1		Warm python:default invocation	1543928716280	1543928719452	OK	 
REQUEST	Invoke one action after each other to test latency	1		Warm python:default invocation	1543928719561	1543928719796	OK	 
REQUEST	Invoke one action after each other to test latency	1		Warm python:default invocation	1543928719890	1543928723109	OK	 
REQUEST	Invoke one action after each other to test latency	1		Warm python:default invocation	1543928723201	1543928723440	OK	 
REQUEST	Invoke one action after each other to test latency	1		Warm python:default invocation	1543928723551	1543928726801	OK	 
REQUEST	Invoke one action after each other to test latency	1		Warm python:default invocation	1543928726901	1543928727144	OK	 
REQUEST	Invoke one action after each other to test latency	1		Warm python:default invocation	1543928727241	1543928730552	OK	 
REQUEST	Invoke one action after each other to test latency	1		Warm python:default invocation	1543928730661	1543928730896	OK	 
REQUEST	Invoke one action after each other to test latency	1		Warm python:default invocation	1543928730990	1543928734254	OK	 
REQUEST	Invoke one action after each other to test latency	1		Warm python:default invocation	1543928734351	1543928734586	OK	 
REQUEST	Invoke one action after each other to test latency	1		Warm python:default invocation	1543928734691	1543928737744	OK	 
REQUEST	Invoke one action after each other to test latency	1		Warm python:default invocation	1543928737841	1543928738078	OK	 
REQUEST	Invoke one action after each other to test latency	1		Warm python:default invocation	1543928738181	1543928741445	OK	 
REQUEST	Invoke one action after each other to test latency	1		Warm python:default invocation	1543928741551	1543928741785	OK	 
REQUEST	Invoke one action after each other to test latency	1		Warm python:default invocation	1543928741881	1543928745180	OK	 
REQUEST	Invoke one action after each other to test latency	1		Warm python:default invocation	1543928745281	1543928745511	OK	 
REQUEST	Invoke one action after each other to test latency	1		Warm python:default invocation	1543928745610	1543928748696	OK	 
REQUEST	Invoke one action after each other to test latency	1		Warm python:default invocation	1543928748801	1543928749029	OK	 
REQUEST	Invoke one action after each other to test latency	1		Warm python:default invocation	1543928749121	1543928749360	OK	 
REQUEST	Invoke one action after each other to test latency	1		Warm python:default invocation	1543928749471	1543928752424	OK	 
REQUEST	Invoke one action after each other to test latency	1		Warm python:default invocation	1543928752520	1543928752758	OK	 
REQUEST	Invoke one action after each other to test latency	1		Warm python:default invocation	1543928752860	1543928756042	OK	 
REQUEST	Invoke one action after each other to test latency	1		Warm python:default invocation	1543928756141	1543928756380	OK	 
REQUEST	Invoke one action after each other to test latency	1		Warm python:default invocation	1543928756491	1543928759661	OK	 
REQUEST	Invoke one action after each other to test latency	1		Warm python:default invocation	1543928759750	1543928759985	OK	 
REQUEST	Invoke one action after each other to test latency	1		Warm python:default invocation	1543928760090	1543928763266	OK	 
REQUEST	Invoke one action after each other to test latency	1		Warm python:default invocation	1543928763361	1543928763600	OK	 
REQUEST	Invoke one action after each other to test latency	1		Warm python:default invocation	1543928763711	1543928766835	OK	 
REQUEST	Invoke one action after each other to test latency	1		Warm python:default invocation	1543928766930	1543928767162	OK	 
REQUEST	Invoke one action after each other to test latency	1		Warm python:default invocation	1543928767260	1543928770563	OK	 
REQUEST	Invoke one action after each other to test latency	1		Warm python:default invocation	1543928770670	1543928770898	OK	 
REQUEST	Invoke one action after each other to test latency	1		Warm python:default invocation	1543928770990	1543928774195	OK	 
REQUEST	Invoke one action after each other to test latency	1		Warm python:default invocation	1543928774300	1543928774570	OK	 
REQUEST	Invoke one action after each other to test latency	1		Warm python:default invocation	1543928774661	1543928777743	OK	 
REQUEST	Invoke one action after each other to test latency	1		Warm python:default invocation	1543928777851	1543928778080	OK	 
REQUEST	Invoke one action after each other to test latency	1		Warm python:default invocation	1543928778181	1543928781371	OK	 
REQUEST	Invoke one action after each other to test latency	1		Warm python:default invocation	1543928781471	1543928781705	OK	 
REQUEST	Invoke one action after each other to test latency	1		Warm python:default invocation	1543928781800	1543928784964	OK	 
REQUEST	Invoke one action after each other to test latency	1		Warm python:default invocation	1543928785070	1543928785313	OK	 
REQUEST	Invoke one action after each other to test latency	1		Warm python:default invocation	1543928785410	1543928788500	OK	 
REQUEST	Invoke one action after each other to test latency	1		Warm python:default invocation	1543928788611	1543928788841	OK	 
REQUEST	Invoke one action after each other to test latency	1		Warm python:default invocation	1543928788940	1543928792255	OK	 
REQUEST	Invoke one action after each other to test latency	1		Warm python:default invocation	1543928792350	1543928792610	OK	 
REQUEST	Invoke one action after each other to test latency	1		Warm python:default invocation	1543928792711	1543928795949	OK	 
REQUEST	Invoke one action after each other to test latency	1		Delete python:default action	1543928795950	1543928796145	OK	 
USER	Invoke one action after each other to test latency	1	END	1543928612741	1543928796149
