ASSERTION	AAEAAR5XYXJtIHB5dGhvbjpkZWZhdWx0IGludm9jYXRpb24EAAECBwAAAAAAAABZQA==
ASSERTION	AAEAAR5XYXJtIHB5dGhvbjpkZWZhdWx0IGludm9jYXRpb24EAAECBgAAAAAAAABZQA==
ASSERTION	AAEAAR5XYXJtIHB5dGhvbjpkZWZhdWx0IGludm9jYXRpb24BAAIHAAAAAADwafhA
ASSERTION	AAEAAR5XYXJtIHB5dGhvbjpkZWZhdWx0IGludm9jYXRpb24DAAIHAK5H4XoUru8/
RUN	org.apache.openwhisk.LatencySimulation		latencysimulation	1544623926042	 	2.0
USER	Invoke one action after each other to test latency	1	START	1544623927166	1544623927166
REQUEST	Invoke one action after each other to test latency	1		Warm python:default invocation	1544623927253	1544623930637	OK	 
REQUEST	Invoke one action after each other to test latency	1		Warm python:default invocation	1544623930694	1544623933788	OK	 
REQUEST	Invoke one action after each other to test latency	1		Warm python:default invocation	1544623933795	1544623934813	OK	 
REQUEST	Invoke one action after each other to test latency	1		Warm python:default invocation	1544623934817	1544623935850	OK	 
REQUEST	Invoke one action after each other to test latency	1		Warm python:default invocation	1544623935852	1544623936882	OK	 
REQUEST	Invoke one action after each other to test latency	1		Warm python:default invocation	1544623936887	1544623937885	OK	 
REQUEST	Invoke one action after each other to test latency	1		Warm python:default invocation	1544623937890	1544623938829	OK	 
REQUEST	Invoke one action after each other to test latency	1		Warm python:default invocation	1544623938834	1544623940768	OK	 
REQUEST	Invoke one action after each other to test latency	1		Warm python:default invocation	1544623940771	1544623944499	OK	 
REQUEST	Invoke one action after each other to test latency	1		Warm python:default invocation	1544623944506	1544623947304	OK	 
REQUEST	Invoke one action after each other to test latency	1		Warm python:default invocation	1544623947307	1544623948260	OK	 
REQUEST	Invoke one action after each other to test latency	1		Warm python:default invocation	1544623948262	1544623949244	OK	 
REQUEST	Invoke one action after each other to test latency	1		Warm python:default invocation	1544623949248	1544623950272	OK	 
REQUEST	Invoke one action after each other to test latency	1		Warm python:default invocation	1544623950277	1544623952855	OK	 
REQUEST	Invoke one action after each other to test latency	1		Warm python:default invocation	1544623952859	1544623953961	OK	 
REQUEST	Invoke one action after each other to test latency	1		Warm python:default invocation	1544623953963	1544623954953	OK	 
REQUEST	Invoke one action after each other to test latency	1		Warm python:default invocation	1544623954955	1544623955953	OK	 
REQUEST	Invoke one action after each other to test latency	1		Warm python:default invocation	1544623955955	1544623957046	OK	 
REQUEST	Invoke one action after each other to test latency	1		Warm python:default invocation	1544623957048	1544623958101	OK	 
REQUEST	Invoke one action after each other to test latency	1		Warm python:default invocation	1544623958102	1544623959073	OK	 
REQUEST	Invoke one action after each other to test latency	1		Warm python:default invocation	1544623959074	1544623960055	OK	 
REQUEST	Invoke one action after each other to test latency	1		Warm python:default invocation	1544623960057	1544623961013	OK	 
REQUEST	Invoke one action after each other to test latency	1		Warm python:default invocation	1544623961014	1544623963593	OK	 
REQUEST	Invoke one action after each other to test latency	1		Warm python:default invocation	1544623963595	1544623964589	OK	 
REQUEST	Invoke one action after each other to test latency	1		Warm python:default invocation	1544623964593	1544623966086	OK	 
REQUEST	Invoke one action after each other to test latency	1		Warm python:default invocation	1544623966087	1544623967263	OK	 
REQUEST	Invoke one action after each other to test latency	1		Warm python:default invocation	1544623967266	1544623968203	OK	 
REQUEST	Invoke one action after each other to test latency	1		Warm python:default invocation	1544623968206	1544623969212	OK	 
REQUEST	Invoke one action after each other to test latency	1		Warm python:default invocation	1544623969214	1544623970189	OK	 
REQUEST	Invoke one action after each other to test latency	1		Warm python:default invocation	1544623970192	1544623972840	OK	 
REQUEST	Invoke one action after each other to test latency	1		med2 python:default invocation	1544623972843	1544623975041	OK	 
REQUEST	Invoke one action after each other to test latency	1		med2 python:default invocation	1544623975042	1544623979251	OK	 
REQUEST	Invoke one action after each other to test latency	1		med2 python:default invocation	1544623979255	1544623980495	OK	 
REQUEST	Invoke one action after each other to test latency	1		med2 python:default invocation	1544623980497	1544623981550	OK	 
REQUEST	Invoke one action after each other to test latency	1		med2 python:default invocation	1544623981552	1544623982618	OK	 
REQUEST	Invoke one action after each other to test latency	1		med2 python:default invocation	1544623982620	1544623983657	OK	 
REQUEST	Invoke one action after each other to test latency	1		med2 python:default invocation	1544623983658	1544623985796	OK	 
REQUEST	Invoke one action after each other to test latency	1		med2 python:default invocation	1544623985798	1544623988786	OK	 
REQUEST	Invoke one action after each other to test latency	1		med2 python:default invocation	1544623988789	1544623989899	OK	 
REQUEST	Invoke one action after each other to test latency	1		med2 python:default invocation	1544623989902	1544623991020	OK	 
REQUEST	Invoke one action after each other to test latency	1		med2 python:default invocation	1544623991023	1544623993063	OK	 
REQUEST	Invoke one action after each other to test latency	1		med2 python:default invocation	1544623993065	1544623995830	OK	 
REQUEST	Invoke one action after each other to test latency	1		med2 python:default invocation	1544623995832	1544623996888	OK	 
REQUEST	Invoke one action after each other to test latency	1		med2 python:default invocation	1544623996890	1544623997971	OK	 
REQUEST	Invoke one action after each other to test latency	1		med2 python:default invocation	1544623997972	1544623999060	OK	 
REQUEST	Invoke one action after each other to test latency	1		med2 python:default invocation	1544623999062	1544624000090	OK	 
REQUEST	Invoke one action after each other to test latency	1		med2 python:default invocation	1544624000092	1544624001145	OK	 
REQUEST	Invoke one action after each other to test latency	1		med2 python:default invocation	1544624001146	1544624002148	OK	 
REQUEST	Invoke one action after each other to test latency	1		med2 python:default invocation	1544624002149	1544624003137	OK	 
REQUEST	Invoke one action after each other to test latency	1		med2 python:default invocation	1544624003139	1544624004136	OK	 
REQUEST	Invoke one action after each other to test latency	1		med2 python:default invocation	1544624004137	1544624005155	OK	 
REQUEST	Invoke one action after each other to test latency	1		med2 python:default invocation	1544624005157	1544624006166	OK	 
REQUEST	Invoke one action after each other to test latency	1		med2 python:default invocation	1544624006169	1544624007179	OK	 
REQUEST	Invoke one action after each other to test latency	1		med2 python:default invocation	1544624007180	1544624008185	OK	 
REQUEST	Invoke one action after each other to test latency	1		med2 python:default invocation	1544624008187	1544624010271	OK	 
REQUEST	Invoke one action after each other to test latency	1		med2 python:default invocation	1544624010273	1544624013264	OK	 
REQUEST	Invoke one action after each other to test latency	1		med2 python:default invocation	1544624013266	1544624014307	OK	 
REQUEST	Invoke one action after each other to test latency	1		med2 python:default invocation	1544624014309	1544624015330	OK	 
REQUEST	Invoke one action after each other to test latency	1		med2 python:default invocation	1544624015333	1544624016366	OK	 
REQUEST	Invoke one action after each other to test latency	1		med2 python:default invocation	1544624016367	1544624017463	OK	 
REQUEST	Invoke one action after each other to test latency	1		ligh1 python:default invocation	1544624017464	1544624018440	OK	 
REQUEST	Invoke one action after each other to test latency	1		ligh1 python:default invocation	1544624018441	1544624019459	OK	 
REQUEST	Invoke one action after each other to test latency	1		ligh1 python:default invocation	1544624019461	1544624020427	OK	 
REQUEST	Invoke one action after each other to test latency	1		ligh1 python:default invocation	1544624020428	1544624021358	OK	 
REQUEST	Invoke one action after each other to test latency	1		ligh1 python:default invocation	1544624021359	1544624022340	OK	 
REQUEST	Invoke one action after each other to test latency	1		ligh1 python:default invocation	1544624022341	1544624023323	OK	 
REQUEST	Invoke one action after each other to test latency	1		ligh1 python:default invocation	1544624023325	1544624024324	OK	 
REQUEST	Invoke one action after each other to test latency	1		ligh1 python:default invocation	1544624024326	1544624025304	OK	 
REQUEST	Invoke one action after each other to test latency	1		ligh1 python:default invocation	1544624025305	1544624026304	OK	 
REQUEST	Invoke one action after each other to test latency	1		ligh1 python:default invocation	1544624026306	1544624028243	OK	 
REQUEST	Invoke one action after each other to test latency	1		ligh1 python:default invocation	1544624028246	1544624029461	OK	 
REQUEST	Invoke one action after each other to test latency	1		ligh1 python:default invocation	1544624029465	1544624030502	OK	 
REQUEST	Invoke one action after each other to test latency	1		ligh1 python:default invocation	1544624030504	1544624031508	OK	 
REQUEST	Invoke one action after each other to test latency	1		ligh1 python:default invocation	1544624031510	1544624032506	OK	 
REQUEST	Invoke one action after each other to test latency	1		ligh1 python:default invocation	1544624032508	1544624033541	OK	 
REQUEST	Invoke one action after each other to test latency	1		ligh1 python:default invocation	1544624033542	1544624034519	OK	 
REQUEST	Invoke one action after each other to test latency	1		ligh1 python:default invocation	1544624034520	1544624037062	OK	 
REQUEST	Invoke one action after each other to test latency	1		ligh1 python:default invocation	1544624037064	1544624038118	OK	 
REQUEST	Invoke one action after each other to test latency	1		ligh1 python:default invocation	1544624038119	1544624039121	OK	 
REQUEST	Invoke one action after each other to test latency	1		ligh1 python:default invocation	1544624039122	1544624040102	OK	 
REQUEST	Invoke one action after each other to test latency	1		ligh1 python:default invocation	1544624040104	1544624041130	OK	 
REQUEST	Invoke one action after each other to test latency	1		ligh1 python:default invocation	1544624041132	1544624044680	OK	 
REQUEST	Invoke one action after each other to test latency	1		ligh1 python:default invocation	1544624044683	1544624045845	OK	 
REQUEST	Invoke one action after each other to test latency	1		ligh1 python:default invocation	1544624045848	1544624046879	OK	 
REQUEST	Invoke one action after each other to test latency	1		ligh1 python:default invocation	1544624046881	1544624047851	OK	 
REQUEST	Invoke one action after each other to test latency	1		ligh1 python:default invocation	1544624047852	1544624048848	OK	 
REQUEST	Invoke one action after each other to test latency	1		ligh1 python:default invocation	1544624048849	1544624049852	OK	 
REQUEST	Invoke one action after each other to test latency	1		ligh1 python:default invocation	1544624049854	1544624052528	OK	 
REQUEST	Invoke one action after each other to test latency	1		ligh1 python:default invocation	1544624052531	1544624054782	OK	 
REQUEST	Invoke one action after each other to test latency	1		ligh1 python:default invocation	1544624054785	1544624059135	OK	 
USER	Invoke one action after each other to test latency	1	END	1544623927166	1544624059145
