ASSERTION	AAEAAR5XYXJtIHB5dGhvbjpkZWZhdWx0IGludm9jYXRpb24EAAECBwAAAAAAAABZQA==
ASSERTION	AAEAAR5XYXJtIHB5dGhvbjpkZWZhdWx0IGludm9jYXRpb24EAAECBgAAAAAAAABZQA==
ASSERTION	AAEAAR5XYXJtIHB5dGhvbjpkZWZhdWx0IGludm9jYXRpb24BAAIHAAAAAADwafhA
ASSERTION	AAEAAR5XYXJtIHB5dGhvbjpkZWZhdWx0IGludm9jYXRpb24DAAIHAK5H4XoUru8/
RUN	org.apache.openwhisk.LatencySimulation		latencysimulation	1544020762831	 	2.0
USER	Invoke one action after each other to test latency	1	START	1544020765490	1544020765490
REQUEST	Invoke one action after each other to test latency	1		Warm python:default invocation	1544020765680	1544020766289	OK	 
REQUEST	Invoke one action after each other to test latency	1		Warm python:default invocation	1544020766371	1544020766805	OK	 
REQUEST	Invoke one action after each other to test latency	1		Warm python:default invocation	1544020766808	1544020767451	OK	 
REQUEST	Invoke one action after each other to test latency	1		Warm python:default invocation	1544020767452	1544020768072	OK	 
REQUEST	Invoke one action after each other to test latency	1		Warm python:default invocation	1544020768074	1544020768684	OK	 
REQUEST	Invoke one action after each other to test latency	1		Warm python:default invocation	1544020768685	1544020769271	OK	 
REQUEST	Invoke one action after each other to test latency	1		Warm python:default invocation	1544020769273	1544020769842	OK	 
REQUEST	Invoke one action after each other to test latency	1		Warm python:default invocation	1544020769843	1544020770404	OK	 
REQUEST	Invoke one action after each other to test latency	1		Warm python:default invocation	1544020770405	1544020770951	OK	 
REQUEST	Invoke one action after each other to test latency	1		Warm python:default invocation	1544020770953	1544020771823	OK	 
REQUEST	Invoke one action after each other to test latency	1		Warm python:default invocation	1544020771824	1544020772382	OK	 
REQUEST	Invoke one action after each other to test latency	1		Warm python:default invocation	1544020772383	1544020772934	OK	 
REQUEST	Invoke one action after each other to test latency	1		Warm python:default invocation	1544020772935	1544020773482	OK	 
REQUEST	Invoke one action after each other to test latency	1		Warm python:default invocation	1544020773484	1544020774014	OK	 
REQUEST	Invoke one action after each other to test latency	1		Warm python:default invocation	1544020774015	1544020774523	OK	 
REQUEST	Invoke one action after each other to test latency	1		Warm python:default invocation	1544020774525	1544020775045	OK	 
REQUEST	Invoke one action after each other to test latency	1		Warm python:default invocation	1544020775047	1544020775583	OK	 
REQUEST	Invoke one action after each other to test latency	1		Warm python:default invocation	1544020775585	1544020776122	OK	 
REQUEST	Invoke one action after each other to test latency	1		Warm python:default invocation	1544020776123	1544020776632	OK	 
REQUEST	Invoke one action after each other to test latency	1		Warm python:default invocation	1544020776633	1544020777161	OK	 
REQUEST	Invoke one action after each other to test latency	1		Warm python:default invocation	1544020777162	1544020777683	OK	 
REQUEST	Invoke one action after each other to test latency	1		Warm python:default invocation	1544020777684	1544020779246	OK	 
REQUEST	Invoke one action after each other to test latency	1		Warm python:default invocation	1544020779248	1544020779654	OK	 
REQUEST	Invoke one action after each other to test latency	1		Warm python:default invocation	1544020779655	1544020780183	OK	 
REQUEST	Invoke one action after each other to test latency	1		Warm python:default invocation	1544020780185	1544020780723	OK	 
REQUEST	Invoke one action after each other to test latency	1		Warm python:default invocation	1544020780724	1544020781237	OK	 
REQUEST	Invoke one action after each other to test latency	1		Warm python:default invocation	1544020781238	1544020781762	OK	 
REQUEST	Invoke one action after each other to test latency	1		Warm python:default invocation	1544020781763	1544020782277	OK	 
REQUEST	Invoke one action after each other to test latency	1		Warm python:default invocation	1544020782278	1544020782814	OK	 
REQUEST	Invoke one action after each other to test latency	1		Warm python:default invocation	1544020782815	1544020783337	OK	 
REQUEST	Invoke one action after each other to test latency	1		med2 python:default invocation	1544020783339	1544020784021	OK	 
REQUEST	Invoke one action after each other to test latency	1		med2 python:default invocation	1544020784022	1544020784706	OK	 
REQUEST	Invoke one action after each other to test latency	1		med2 python:default invocation	1544020784707	1544020785371	OK	 
REQUEST	Invoke one action after each other to test latency	1		med2 python:default invocation	1544020785372	1544020786027	OK	 
REQUEST	Invoke one action after each other to test latency	1		med2 python:default invocation	1544020786028	1544020786670	OK	 
REQUEST	Invoke one action after each other to test latency	1		med2 python:default invocation	1544020786671	1544020787303	OK	 
REQUEST	Invoke one action after each other to test latency	1		med2 python:default invocation	1544020787304	1544020787924	OK	 
REQUEST	Invoke one action after each other to test latency	1		med2 python:default invocation	1544020787925	1544020788543	OK	 
REQUEST	Invoke one action after each other to test latency	1		med2 python:default invocation	1544020788545	1544020789154	OK	 
REQUEST	Invoke one action after each other to test latency	1		med2 python:default invocation	1544020789155	1544020789748	OK	 
REQUEST	Invoke one action after each other to test latency	1		med2 python:default invocation	1544020789749	1544020790343	OK	 
REQUEST	Invoke one action after each other to test latency	1		med2 python:default invocation	1544020790344	1544020790920	OK	 
REQUEST	Invoke one action after each other to test latency	1		med2 python:default invocation	1544020790922	1544020791501	OK	 
REQUEST	Invoke one action after each other to test latency	1		med2 python:default invocation	1544020791502	1544020792067	OK	 
REQUEST	Invoke one action after each other to test latency	1		med2 python:default invocation	1544020792068	1544020792617	OK	 
REQUEST	Invoke one action after each other to test latency	1		med2 python:default invocation	1544020792618	1544020793172	OK	 
REQUEST	Invoke one action after each other to test latency	1		med2 python:default invocation	1544020793173	1544020793720	OK	 
REQUEST	Invoke one action after each other to test latency	1		med2 python:default invocation	1544020793721	1544020794262	OK	 
REQUEST	Invoke one action after each other to test latency	1		med2 python:default invocation	1544020794263	1544020794784	OK	 
REQUEST	Invoke one action after each other to test latency	1		med2 python:default invocation	1544020794785	1544020795316	OK	 
REQUEST	Invoke one action after each other to test latency	1		med2 python:default invocation	1544020795317	1544020795834	OK	 
REQUEST	Invoke one action after each other to test latency	1		med2 python:default invocation	1544020795835	1544020796360	OK	 
REQUEST	Invoke one action after each other to test latency	1		med2 python:default invocation	1544020796361	1544020796882	OK	 
REQUEST	Invoke one action after each other to test latency	1		med2 python:default invocation	1544020796883	1544020797390	OK	 
REQUEST	Invoke one action after each other to test latency	1		med2 python:default invocation	1544020797391	1544020797905	OK	 
REQUEST	Invoke one action after each other to test latency	1		med2 python:default invocation	1544020797906	1544020798421	OK	 
REQUEST	Invoke one action after each other to test latency	1		med2 python:default invocation	1544020798422	1544020798951	OK	 
REQUEST	Invoke one action after each other to test latency	1		med2 python:default invocation	1544020798952	1544020799482	OK	 
REQUEST	Invoke one action after each other to test latency	1		med2 python:default invocation	1544020799483	1544020799998	OK	 
REQUEST	Invoke one action after each other to test latency	1		med2 python:default invocation	1544020799999	1544020800531	OK	 
REQUEST	Invoke one action after each other to test latency	1		ligh1 python:default invocation	1544020800532	1544020800931	OK	 
REQUEST	Invoke one action after each other to test latency	1		ligh1 python:default invocation	1544020800932	1544020801324	OK	 
REQUEST	Invoke one action after each other to test latency	1		ligh1 python:default invocation	1544020801325	1544020801720	OK	 
REQUEST	Invoke one action after each other to test latency	1		ligh1 python:default invocation	1544020801722	1544020802126	OK	 
REQUEST	Invoke one action after each other to test latency	1		ligh1 python:default invocation	1544020802127	1544020802543	OK	 
REQUEST	Invoke one action after each other to test latency	1		ligh1 python:default invocation	1544020802544	1544020802957	OK	 
REQUEST	Invoke one action after each other to test latency	1		ligh1 python:default invocation	1544020802958	1544020803383	OK	 
REQUEST	Invoke one action after each other to test latency	1		ligh1 python:default invocation	1544020803384	1544020803817	OK	 
REQUEST	Invoke one action after each other to test latency	1		ligh1 python:default invocation	1544020803818	1544020804249	OK	 
REQUEST	Invoke one action after each other to test latency	1		ligh1 python:default invocation	1544020804250	1544020804692	OK	 
REQUEST	Invoke one action after each other to test latency	1		ligh1 python:default invocation	1544020804692	1544020805140	OK	 
REQUEST	Invoke one action after each other to test latency	1		ligh1 python:default invocation	1544020805141	1544020806620	OK	 
REQUEST	Invoke one action after each other to test latency	1		ligh1 python:default invocation	1544020806622	1544020807003	OK	 
REQUEST	Invoke one action after each other to test latency	1		ligh1 python:default invocation	1544020807004	1544020807471	OK	 
REQUEST	Invoke one action after each other to test latency	1		ligh1 python:default invocation	1544020807472	1544020807941	OK	 
REQUEST	Invoke one action after each other to test latency	1		ligh1 python:default invocation	1544020807942	1544020808420	OK	 
REQUEST	Invoke one action after each other to test latency	1		ligh1 python:default invocation	1544020808422	1544020809935	OK	 
REQUEST	Invoke one action after each other to test latency	1		ligh1 python:default invocation	1544020809936	1544020810334	OK	 
REQUEST	Invoke one action after each other to test latency	1		ligh1 python:default invocation	1544020810335	1544020810831	OK	 
REQUEST	Invoke one action after each other to test latency	1		ligh1 python:default invocation	1544020810832	1544020811349	OK	 
REQUEST	Invoke one action after each other to test latency	1		ligh1 python:default invocation	1544020811350	1544020811873	OK	 
REQUEST	Invoke one action after each other to test latency	1		ligh1 python:default invocation	1544020811874	1544020812384	OK	 
REQUEST	Invoke one action after each other to test latency	1		ligh1 python:default invocation	1544020812385	1544020812900	OK	 
REQUEST	Invoke one action after each other to test latency	1		ligh1 python:default invocation	1544020812901	1544020813429	OK	 
REQUEST	Invoke one action after each other to test latency	1		ligh1 python:default invocation	1544020813431	1544020813952	OK	 
REQUEST	Invoke one action after each other to test latency	1		ligh1 python:default invocation	1544020813953	1544020814466	OK	 
REQUEST	Invoke one action after each other to test latency	1		ligh1 python:default invocation	1544020814467	1544020814972	OK	 
REQUEST	Invoke one action after each other to test latency	1		ligh1 python:default invocation	1544020814973	1544020815493	OK	 
REQUEST	Invoke one action after each other to test latency	1		ligh1 python:default invocation	1544020815494	1544020816011	OK	 
REQUEST	Invoke one action after each other to test latency	1		ligh1 python:default invocation	1544020816012	1544020816541	OK	 
USER	Invoke one action after each other to test latency	1	END	1544020765490	1544020816553
