ASSERTION	AAEAAR5XYXJtIHB5dGhvbjpkZWZhdWx0IGludm9jYXRpb24EAAECBwAAAAAAAHCnQA==
ASSERTION	AAEAAR5XYXJtIHB5dGhvbjpkZWZhdWx0IGludm9jYXRpb24EAAECBgAAAAAAAHCnQA==
ASSERTION	AAEAAR5XYXJtIHB5dGhvbjpkZWZhdWx0IGludm9jYXRpb24BAAIHAAAAAADwafhA
ASSERTION	AAEAAR5XYXJtIHB5dGhvbjpkZWZhdWx0IGludm9jYXRpb24DAAIHAK5H4XoUru8/
RUN	org.apache.openwhisk.LatencySimulation		latencysimulation	1543991371680	 	2.0
USER	Invoke one action after each other to test latency	1	START	1543991374242	1543991374242
REQUEST	Invoke one action after each other to test latency	1		Create python:default action	1543991374472	1543991374742	OK	 
REQUEST	Invoke one action after each other to test latency	1		Cold python:default invocation	1543991374861	1543991375577	OK	 
REQUEST	Invoke one action after each other to test latency	1		Warm python:default invocation	1543991376513	1543991376731	OK	 
REQUEST	Invoke one action after each other to test latency	1		Warm python:default invocation	1543991377733	1543991377849	OK	 
REQUEST	Invoke one action after each other to test latency	1		Warm python:default invocation	1543991378843	1543991378948	OK	 
REQUEST	Invoke one action after each other to test latency	1		Warm python:default invocation	1543991379952	1543991380070	OK	 
REQUEST	Invoke one action after each other to test latency	1		Warm python:default invocation	1543991381063	1543991381158	OK	 
REQUEST	Invoke one action after each other to test latency	1		Warm python:default invocation	1543991382162	1543991382259	OK	 
REQUEST	Invoke one action after each other to test latency	1		Warm python:default invocation	1543991383262	1543991383359	OK	 
REQUEST	Invoke one action after each other to test latency	1		Warm python:default invocation	1543991384363	1543991384467	OK	 
REQUEST	Invoke one action after each other to test latency	1		Warm python:default invocation	1543991385463	1543991385564	OK	 
REQUEST	Invoke one action after each other to test latency	1		Warm python:default invocation	1543991386572	1543991386672	OK	 
REQUEST	Invoke one action after each other to test latency	1		Delete python:default action	1543991386673	1543991386923	OK	 
USER	Invoke one action after each other to test latency	1	END	1543991374242	1543991386932
