ASSERTION	AAEAAQ1JbnZva2UgYWN0aW9uAgIAAAAAAAAAAAA=
ASSERTION	AAEAAQ1JbnZva2UgYWN0aW9uAgIAAAAAAAAA8D8=
ASSERTION	AAEAAQ1JbnZva2UgYWN0aW9uAQACBwAAAAAA8Gn4QA==
ASSERTION	AAEAAQ1JbnZva2UgYWN0aW9uAwACBwCuR+F6FK7vPw==
RUN	org.apache.openwhisk.BlockingInvokeOneActionSimulation		blockinginvokeoneactionsimulation	1543860559193	 	2.0
USER	Invoke one action blocking	1	START	1543860561714	1543860561714
REQUEST	Invoke one action blocking	1		Create action	1543860561923	1543860562181	OK	 
REQUEST	Invoke one action blocking	1		Warm containers up	1543860562263	1543860562367	OK	 
REQUEST	Invoke one action blocking	1		Warm containers up	1543860562370	1543860562391	OK	 
REQUEST	Invoke one action blocking	1		Warm containers up	1543860562392	1543860562407	OK	 
REQUEST	Invoke one action blocking	1		Warm containers up	1543860562409	1543860562424	OK	 
REQUEST	Invoke one action blocking	1		Warm containers up	1543860562425	1543860562442	OK	 
REQUEST	Invoke one action blocking	1		Warm containers up	1543860562443	1543860562458	OK	 
REQUEST	Invoke one action blocking	1		Warm containers up	1543860562459	1543860562478	OK	 
REQUEST	Invoke one action blocking	1		Warm containers up	1543860562479	1543860562493	OK	 
REQUEST	Invoke one action blocking	1		Warm containers up	1543860562494	1543860562520	OK	 
REQUEST	Invoke one action blocking	1		Warm containers up	1543860562521	1543860562542	OK	 
REQUEST	Invoke one action blocking	1		Warm containers up	1543860562543	1543860562568	OK	 
REQUEST	Invoke one action blocking	1		Warm containers up	1543860562569	1543860562584	OK	 
REQUEST	Invoke one action blocking	1		Warm containers up	1543860562585	1543860562606	OK	 
REQUEST	Invoke one action blocking	1		Warm containers up	1543860562607	1543860562623	OK	 
REQUEST	Invoke one action blocking	1		Warm containers up	1543860562624	1543860562644	OK	 
REQUEST	Invoke one action blocking	1		Warm containers up	1543860562645	1543860562660	OK	 
REQUEST	Invoke one action blocking	1		Warm containers up	1543860562661	1543860562675	OK	 
REQUEST	Invoke one action blocking	1		Warm containers up	1543860562676	1543860562691	OK	 
REQUEST	Invoke one action blocking	1		Warm containers up	1543860562692	1543860563731	OK	 
REQUEST	Invoke one action blocking	1		Warm containers up	1543860563733	1543860563813	OK	 
REQUEST	Invoke one action blocking	1		Warm containers up	1543860563814	1543860563834	OK	 
REQUEST	Invoke one action blocking	1		Warm containers up	1543860563836	1543860563850	OK	 
REQUEST	Invoke one action blocking	1		Warm containers up	1543860563851	1543860563868	OK	 
REQUEST	Invoke one action blocking	1		Warm containers up	1543860563869	1543860563886	OK	 
REQUEST	Invoke one action blocking	1		Warm containers up	1543860563887	1543860563923	OK	 
REQUEST	Invoke one action blocking	1		Warm containers up	1543860563924	1543860563961	OK	 
REQUEST	Invoke one action blocking	1		Warm containers up	1543860563962	1543860563978	OK	 
REQUEST	Invoke one action blocking	1		Warm containers up	1543860563979	1543860564003	OK	 
REQUEST	Invoke one action blocking	1		Warm containers up	1543860564004	1543860567128	OK	 
REQUEST	Invoke one action blocking	1		Warm containers up	1543860567130	1543860567145	OK	 
REQUEST	Invoke one action blocking	1		Warm containers up	1543860567146	1543860567178	OK	 
REQUEST	Invoke one action blocking	1		Warm containers up	1543860567179	1543860567195	OK	 
REQUEST	Invoke one action blocking	1		Warm containers up	1543860567196	1543860567218	OK	 
REQUEST	Invoke one action blocking	1		Warm containers up	1543860567219	1543860567234	OK	 
REQUEST	Invoke one action blocking	1		Warm containers up	1543860567234	1543860567250	OK	 
REQUEST	Invoke one action blocking	1		Warm containers up	1543860567251	1543860567333	OK	 
REQUEST	Invoke one action blocking	1		Invoke action	1543860567337	1543860567351	OK	 
REQUEST	Invoke one action blocking	1		Invoke action	1543860567352	1543860568391	OK	 
REQUEST	Invoke one action blocking	1		Delete action	1543860568392	1543860568498	OK	 
USER	Invoke one action blocking	1	END	1543860561714	1543860568503
