ASSERTION	AAEAAR5XYXJtIHB5dGhvbjpkZWZhdWx0IGludm9jYXRpb24EAAECBwAAAAAAAABZQA==
ASSERTION	AAEAAR5XYXJtIHB5dGhvbjpkZWZhdWx0IGludm9jYXRpb24EAAECBgAAAAAAAABZQA==
ASSERTION	AAEAAR5XYXJtIHB5dGhvbjpkZWZhdWx0IGludm9jYXRpb24BAAIHAAAAAADwafhA
ASSERTION	AAEAAR5XYXJtIHB5dGhvbjpkZWZhdWx0IGludm9jYXRpb24DAAIHAK5H4XoUru8/
RUN	org.apache.openwhisk.LatencySimulation		latencysimulation	1544023560801	 	2.0
USER	Invoke one action after each other to test latency	1	START	1544023563452	1544023563452
REQUEST	Invoke one action after each other to test latency	1		Warm python:default invocation	1544023563632	1544023564245	OK	 
REQUEST	Invoke one action after each other to test latency	1		Warm python:default invocation	1544023564330	1544023564742	OK	 
REQUEST	Invoke one action after each other to test latency	1		Warm python:default invocation	1544023564746	1544023565372	OK	 
REQUEST	Invoke one action after each other to test latency	1		Warm python:default invocation	1544023565374	1544023565991	OK	 
REQUEST	Invoke one action after each other to test latency	1		Warm python:default invocation	1544023565992	1544023566600	OK	 
REQUEST	Invoke one action after each other to test latency	1		Warm python:default invocation	1544023566602	1544023567181	OK	 
REQUEST	Invoke one action after each other to test latency	1		Warm python:default invocation	1544023567182	1544023567752	OK	 
REQUEST	Invoke one action after each other to test latency	1		Warm python:default invocation	1544023567753	1544023568322	OK	 
REQUEST	Invoke one action after each other to test latency	1		Warm python:default invocation	1544023568324	1544023568877	OK	 
REQUEST	Invoke one action after each other to test latency	1		Warm python:default invocation	1544023568878	1544023569419	OK	 
REQUEST	Invoke one action after each other to test latency	1		Warm python:default invocation	1544023569421	1544023569952	OK	 
REQUEST	Invoke one action after each other to test latency	1		Warm python:default invocation	1544023569954	1544023570480	OK	 
REQUEST	Invoke one action after each other to test latency	1		Warm python:default invocation	1544023570481	1544023571034	OK	 
REQUEST	Invoke one action after each other to test latency	1		Warm python:default invocation	1544023571036	1544023571552	OK	 
REQUEST	Invoke one action after each other to test latency	1		Warm python:default invocation	1544023571554	1544023572089	OK	 
REQUEST	Invoke one action after each other to test latency	1		Warm python:default invocation	1544023572090	1544023572612	OK	 
REQUEST	Invoke one action after each other to test latency	1		Warm python:default invocation	1544023572613	1544023573128	OK	 
REQUEST	Invoke one action after each other to test latency	1		Warm python:default invocation	1544023573129	1544023573641	OK	 
REQUEST	Invoke one action after each other to test latency	1		Warm python:default invocation	1544023573642	1544023574171	OK	 
REQUEST	Invoke one action after each other to test latency	1		Warm python:default invocation	1544023574172	1544023574699	OK	 
REQUEST	Invoke one action after each other to test latency	1		Warm python:default invocation	1544023574700	1544023575224	OK	 
REQUEST	Invoke one action after each other to test latency	1		Warm python:default invocation	1544023575225	1544023575735	OK	 
REQUEST	Invoke one action after each other to test latency	1		Warm python:default invocation	1544023575736	1544023576250	OK	 
REQUEST	Invoke one action after each other to test latency	1		Warm python:default invocation	1544023576251	1544023576754	OK	 
REQUEST	Invoke one action after each other to test latency	1		Warm python:default invocation	1544023576755	1544023577291	OK	 
REQUEST	Invoke one action after each other to test latency	1		Warm python:default invocation	1544023577292	1544023577812	OK	 
REQUEST	Invoke one action after each other to test latency	1		Warm python:default invocation	1544023577813	1544023578330	OK	 
REQUEST	Invoke one action after each other to test latency	1		Warm python:default invocation	1544023578331	1544023578821	OK	 
REQUEST	Invoke one action after each other to test latency	1		Warm python:default invocation	1544023578822	1544023579339	OK	 
REQUEST	Invoke one action after each other to test latency	1		Warm python:default invocation	1544023579340	1544023579850	OK	 
REQUEST	Invoke one action after each other to test latency	1		med2 python:default invocation	1544023579852	1544023580524	OK	 
REQUEST	Invoke one action after each other to test latency	1		med2 python:default invocation	1544023580525	1544023581200	OK	 
REQUEST	Invoke one action after each other to test latency	1		med2 python:default invocation	1544023581201	1544023581859	OK	 
REQUEST	Invoke one action after each other to test latency	1		med2 python:default invocation	1544023581860	1544023582503	OK	 
REQUEST	Invoke one action after each other to test latency	1		med2 python:default invocation	1544023582504	1544023583142	OK	 
REQUEST	Invoke one action after each other to test latency	1		med2 python:default invocation	1544023583143	1544023583775	OK	 
REQUEST	Invoke one action after each other to test latency	1		med2 python:default invocation	1544023583776	1544023584399	OK	 
REQUEST	Invoke one action after each other to test latency	1		med2 python:default invocation	1544023584400	1544023585021	OK	 
REQUEST	Invoke one action after each other to test latency	1		med2 python:default invocation	1544023585022	1544023585632	OK	 
REQUEST	Invoke one action after each other to test latency	1		med2 python:default invocation	1544023585633	1544023586230	OK	 
REQUEST	Invoke one action after each other to test latency	1		med2 python:default invocation	1544023586231	1544023586812	OK	 
REQUEST	Invoke one action after each other to test latency	1		med2 python:default invocation	1544023586813	1544023587391	OK	 
REQUEST	Invoke one action after each other to test latency	1		med2 python:default invocation	1544023587392	1544023587963	OK	 
REQUEST	Invoke one action after each other to test latency	1		med2 python:default invocation	1544023587964	1544023588530	OK	 
REQUEST	Invoke one action after each other to test latency	1		med2 python:default invocation	1544023588531	1544023589084	OK	 
REQUEST	Invoke one action after each other to test latency	1		med2 python:default invocation	1544023589085	1544023589640	OK	 
REQUEST	Invoke one action after each other to test latency	1		med2 python:default invocation	1544023589641	1544023590183	OK	 
REQUEST	Invoke one action after each other to test latency	1		med2 python:default invocation	1544023590184	1544023590722	OK	 
REQUEST	Invoke one action after each other to test latency	1		med2 python:default invocation	1544023590723	1544023591248	OK	 
REQUEST	Invoke one action after each other to test latency	1		med2 python:default invocation	1544023591249	1544023591770	OK	 
REQUEST	Invoke one action after each other to test latency	1		med2 python:default invocation	1544023591771	1544023592292	OK	 
REQUEST	Invoke one action after each other to test latency	1		med2 python:default invocation	1544023592293	1544023592801	OK	 
REQUEST	Invoke one action after each other to test latency	1		med2 python:default invocation	1544023592802	1544023593315	OK	 
REQUEST	Invoke one action after each other to test latency	1		med2 python:default invocation	1544023593316	1544023593832	OK	 
REQUEST	Invoke one action after each other to test latency	1		med2 python:default invocation	1544023593833	1544023594354	OK	 
REQUEST	Invoke one action after each other to test latency	1		med2 python:default invocation	1544023594355	1544023594856	OK	 
REQUEST	Invoke one action after each other to test latency	1		med2 python:default invocation	1544023594857	1544023595367	OK	 
REQUEST	Invoke one action after each other to test latency	1		med2 python:default invocation	1544023595368	1544023595886	OK	 
REQUEST	Invoke one action after each other to test latency	1		med2 python:default invocation	1544023595887	1544023596396	OK	 
REQUEST	Invoke one action after each other to test latency	1		med2 python:default invocation	1544023596397	1544023596911	OK	 
REQUEST	Invoke one action after each other to test latency	1		ligh1 python:default invocation	1544023596912	1544023597312	OK	 
REQUEST	Invoke one action after each other to test latency	1		ligh1 python:default invocation	1544023597313	1544023597719	OK	 
REQUEST	Invoke one action after each other to test latency	1		ligh1 python:default invocation	1544023597720	1544023598132	OK	 
REQUEST	Invoke one action after each other to test latency	1		ligh1 python:default invocation	1544023598133	1544023598546	OK	 
REQUEST	Invoke one action after each other to test latency	1		ligh1 python:default invocation	1544023598548	1544023598962	OK	 
REQUEST	Invoke one action after each other to test latency	1		ligh1 python:default invocation	1544023598963	1544023599385	OK	 
REQUEST	Invoke one action after each other to test latency	1		ligh1 python:default invocation	1544023599386	1544023599819	OK	 
REQUEST	Invoke one action after each other to test latency	1		ligh1 python:default invocation	1544023599820	1544023600255	OK	 
REQUEST	Invoke one action after each other to test latency	1		ligh1 python:default invocation	1544023600256	1544023600689	OK	 
REQUEST	Invoke one action after each other to test latency	1		ligh1 python:default invocation	1544023600690	1544023601123	OK	 
REQUEST	Invoke one action after each other to test latency	1		ligh1 python:default invocation	1544023601124	1544023601581	OK	 
REQUEST	Invoke one action after each other to test latency	1		ligh1 python:default invocation	1544023601582	1544023602045	OK	 
REQUEST	Invoke one action after each other to test latency	1		ligh1 python:default invocation	1544023602046	1544023602514	OK	 
REQUEST	Invoke one action after each other to test latency	1		ligh1 python:default invocation	1544023602515	1544023602980	OK	 
REQUEST	Invoke one action after each other to test latency	1		ligh1 python:default invocation	1544023602981	1544023603460	OK	 
REQUEST	Invoke one action after each other to test latency	1		ligh1 python:default invocation	1544023603461	1544023603943	OK	 
REQUEST	Invoke one action after each other to test latency	1		ligh1 python:default invocation	1544023603944	1544023604432	OK	 
REQUEST	Invoke one action after each other to test latency	1		ligh1 python:default invocation	1544023604433	1544023604939	OK	 
REQUEST	Invoke one action after each other to test latency	1		ligh1 python:default invocation	1544023604940	1544023605440	OK	 
REQUEST	Invoke one action after each other to test latency	1		ligh1 python:default invocation	1544023605441	1544023605951	OK	 
REQUEST	Invoke one action after each other to test latency	1		ligh1 python:default invocation	1544023605952	1544023606480	OK	 
REQUEST	Invoke one action after each other to test latency	1		ligh1 python:default invocation	1544023606481	1544023607009	OK	 
REQUEST	Invoke one action after each other to test latency	1		ligh1 python:default invocation	1544023607010	1544023607532	OK	 
REQUEST	Invoke one action after each other to test latency	1		ligh1 python:default invocation	1544023607533	1544023608048	OK	 
REQUEST	Invoke one action after each other to test latency	1		ligh1 python:default invocation	1544023608049	1544023608561	OK	 
REQUEST	Invoke one action after each other to test latency	1		ligh1 python:default invocation	1544023608562	1544023609068	OK	 
REQUEST	Invoke one action after each other to test latency	1		ligh1 python:default invocation	1544023609069	1544023609595	OK	 
REQUEST	Invoke one action after each other to test latency	1		ligh1 python:default invocation	1544023609595	1544023610104	OK	 
REQUEST	Invoke one action after each other to test latency	1		ligh1 python:default invocation	1544023610105	1544023610632	OK	 
REQUEST	Invoke one action after each other to test latency	1		ligh1 python:default invocation	1544023610633	1544023611159	OK	 
USER	Invoke one action after each other to test latency	1	END	1544023563452	1544023611166
