ASSERTION	AAEAAR5XYXJtIHB5dGhvbjpkZWZhdWx0IGludm9jYXRpb24EAAECBwAAAAAAAHCnQA==
ASSERTION	AAEAAR5XYXJtIHB5dGhvbjpkZWZhdWx0IGludm9jYXRpb24EAAECBgAAAAAAAHCnQA==
ASSERTION	AAEAAR5XYXJtIHB5dGhvbjpkZWZhdWx0IGludm9jYXRpb24BAAIHAAAAAADwafhA
ASSERTION	AAEAAR5XYXJtIHB5dGhvbjpkZWZhdWx0IGludm9jYXRpb24DAAIHAK5H4XoUru8/
RUN	org.apache.openwhisk.LatencySimulation		latencysimulation	1543992538310	 	2.0
USER	Invoke one action after each other to test latency	1	START	1543992540902	1543992540902
REQUEST	Invoke one action after each other to test latency	1		Create python:default action	1543992541150	1543992541430	OK	 
REQUEST	Invoke one action after each other to test latency	1		Cold python:default invocation	1543992541533	1543992541784	OK	 
REQUEST	Invoke one action after each other to test latency	1		Warm python:default invocation	1543992541832	1543992541917	OK	 
REQUEST	Invoke one action after each other to test latency	1		Warm python:default invocation	1543992542012	1543992542111	OK	 
REQUEST	Invoke one action after each other to test latency	1		Warm python:default invocation	1543992542222	1543992542349	OK	 
REQUEST	Invoke one action after each other to test latency	1		Warm python:default invocation	1543992542442	1543992542575	OK	 
REQUEST	Invoke one action after each other to test latency	1		Warm python:default invocation	1543992542682	1543992542796	OK	 
REQUEST	Invoke one action after each other to test latency	1		Warm python:default invocation	1543992542891	1543992549138	OK	 
REQUEST	Invoke one action after each other to test latency	1		Warm python:default invocation	1543992549241	1543992549342	OK	 
REQUEST	Invoke one action after each other to test latency	1		Warm python:default invocation	1543992549451	1543992549546	OK	 
REQUEST	Invoke one action after each other to test latency	1		Warm python:default invocation	1543992549642	1543992549753	OK	 
REQUEST	Invoke one action after each other to test latency	1		Warm python:default invocation	1543992549851	1543992549981	OK	 
REQUEST	Invoke one action after each other to test latency	1		Warm python:default invocation	1543992550091	1543992550214	OK	 
REQUEST	Invoke one action after each other to test latency	1		Warm python:default invocation	1543992550311	1543992557517	OK	 
REQUEST	Invoke one action after each other to test latency	1		Warm python:default invocation	1543992557612	1543992557720	OK	 
REQUEST	Invoke one action after each other to test latency	1		Warm python:default invocation	1543992557831	1543992557948	OK	 
REQUEST	Invoke one action after each other to test latency	1		Warm python:default invocation	1543992558041	1543992558151	OK	 
REQUEST	Invoke one action after each other to test latency	1		Warm python:default invocation	1543992558252	1543992558369	OK	 
REQUEST	Invoke one action after each other to test latency	1		Warm python:default invocation	1543992558461	1543992558617	OK	 
REQUEST	Invoke one action after each other to test latency	1		Warm python:default invocation	1543992558721	1543992565634	OK	 
REQUEST	Invoke one action after each other to test latency	1		Warm python:default invocation	1543992565742	1543992565841	OK	 
REQUEST	Invoke one action after each other to test latency	1		Warm python:default invocation	1543992565941	1543992566058	OK	 
REQUEST	Invoke one action after each other to test latency	1		Warm python:default invocation	1543992566151	1543992566251	OK	 
REQUEST	Invoke one action after each other to test latency	1		Warm python:default invocation	1543992566361	1543992566464	OK	 
REQUEST	Invoke one action after each other to test latency	1		Warm python:default invocation	1543992566561	1543992566658	OK	 
REQUEST	Invoke one action after each other to test latency	1		Warm python:default invocation	1543992566752	1543992566837	OK	 
REQUEST	Invoke one action after each other to test latency	1		Warm python:default invocation	1543992566941	1543992573433	OK	 
REQUEST	Invoke one action after each other to test latency	1		Warm python:default invocation	1543992573532	1543992573634	OK	 
REQUEST	Invoke one action after each other to test latency	1		Warm python:default invocation	1543992573741	1543992573913	OK	 
REQUEST	Invoke one action after each other to test latency	1		Warm python:default invocation	1543992574011	1543992574129	OK	 
REQUEST	Invoke one action after each other to test latency	1		Warm python:default invocation	1543992574222	1543992574382	OK	 
REQUEST	Invoke one action after each other to test latency	1		Warm python:default invocation	1543992574491	1543992574611	OK	 
REQUEST	Invoke one action after each other to test latency	1		Warm python:default invocation	1543992574711	1543992581396	OK	 
REQUEST	Invoke one action after each other to test latency	1		Warm python:default invocation	1543992581491	1543992581583	OK	 
REQUEST	Invoke one action after each other to test latency	1		Warm python:default invocation	1543992581691	1543992581799	OK	 
REQUEST	Invoke one action after each other to test latency	1		Warm python:default invocation	1543992581892	1543992581996	OK	 
REQUEST	Invoke one action after each other to test latency	1		Warm python:default invocation	1543992582101	1543992582292	OK	 
REQUEST	Invoke one action after each other to test latency	1		Warm python:default invocation	1543992582402	1543992582498	OK	 
REQUEST	Invoke one action after each other to test latency	1		Warm python:default invocation	1543992582591	1543992589346	OK	 
REQUEST	Invoke one action after each other to test latency	1		Warm python:default invocation	1543992589442	1543992589537	OK	 
REQUEST	Invoke one action after each other to test latency	1		Warm python:default invocation	1543992589641	1543992589776	OK	 
REQUEST	Invoke one action after each other to test latency	1		Warm python:default invocation	1543992589871	1543992589973	OK	 
REQUEST	Invoke one action after each other to test latency	1		Warm python:default invocation	1543992590082	1543992590187	OK	 
REQUEST	Invoke one action after each other to test latency	1		Warm python:default invocation	1543992590282	1543992590377	OK	 
REQUEST	Invoke one action after each other to test latency	1		Warm python:default invocation	1543992590481	1543992597374	OK	 
REQUEST	Invoke one action after each other to test latency	1		Warm python:default invocation	1543992597472	1543992597572	OK	 
REQUEST	Invoke one action after each other to test latency	1		Warm python:default invocation	1543992597681	1543992597774	OK	 
REQUEST	Invoke one action after each other to test latency	1		Warm python:default invocation	1543992597871	1543992597963	OK	 
REQUEST	Invoke one action after each other to test latency	1		Warm python:default invocation	1543992598062	1543992598157	OK	 
REQUEST	Invoke one action after each other to test latency	1		Warm python:default invocation	1543992598251	1543992599407	OK	 
REQUEST	Invoke one action after each other to test latency	1		Warm python:default invocation	1543992599512	1543992605377	OK	 
REQUEST	Invoke one action after each other to test latency	1		Warm python:default invocation	1543992605481	1543992605573	OK	 
REQUEST	Invoke one action after each other to test latency	1		Warm python:default invocation	1543992605671	1543992605775	OK	 
REQUEST	Invoke one action after each other to test latency	1		Warm python:default invocation	1543992605881	1543992605980	OK	 
REQUEST	Invoke one action after each other to test latency	1		Warm python:default invocation	1543992606071	1543992606173	OK	 
REQUEST	Invoke one action after each other to test latency	1		Warm python:default invocation	1543992606282	1543992606374	OK	 
REQUEST	Invoke one action after each other to test latency	1		Warm python:default invocation	1543992606471	1543992613493	OK	 
REQUEST	Invoke one action after each other to test latency	1		Warm python:default invocation	1543992613592	1543992613695	OK	 
REQUEST	Invoke one action after each other to test latency	1		Warm python:default invocation	1543992613801	1543992613895	OK	 
REQUEST	Invoke one action after each other to test latency	1		Warm python:default invocation	1543992613991	1543992614126	OK	 
REQUEST	Invoke one action after each other to test latency	1		Warm python:default invocation	1543992614221	1543992614410	OK	 
REQUEST	Invoke one action after each other to test latency	1		Warm python:default invocation	1543992614511	1543992614622	OK	 
REQUEST	Invoke one action after each other to test latency	1		Warm python:default invocation	1543992614731	1543992621774	OK	 
REQUEST	Invoke one action after each other to test latency	1		Warm python:default invocation	1543992621871	1543992621976	OK	 
REQUEST	Invoke one action after each other to test latency	1		Warm python:default invocation	1543992622071	1543992622175	OK	 
REQUEST	Invoke one action after each other to test latency	1		Warm python:default invocation	1543992622281	1543992622382	OK	 
REQUEST	Invoke one action after each other to test latency	1		Warm python:default invocation	1543992622491	1543992622629	OK	 
REQUEST	Invoke one action after each other to test latency	1		Warm python:default invocation	1543992622721	1543992622815	OK	 
REQUEST	Invoke one action after each other to test latency	1		Warm python:default invocation	1543992622912	1543992629676	OK	 
REQUEST	Invoke one action after each other to test latency	1		Warm python:default invocation	1543992629781	1543992629878	OK	 
REQUEST	Invoke one action after each other to test latency	1		Warm python:default invocation	1543992629971	1543992630072	OK	 
REQUEST	Invoke one action after each other to test latency	1		Warm python:default invocation	1543992630181	1543992630280	OK	 
REQUEST	Invoke one action after each other to test latency	1		Warm python:default invocation	1543992630381	1543992630624	OK	 
REQUEST	Invoke one action after each other to test latency	1		Warm python:default invocation	1543992630721	1543992630844	OK	 
REQUEST	Invoke one action after each other to test latency	1		Warm python:default invocation	1543992630951	1543992637800	OK	 
REQUEST	Invoke one action after each other to test latency	1		Warm python:default invocation	1543992637901	1543992637996	OK	 
REQUEST	Invoke one action after each other to test latency	1		Warm python:default invocation	1543992638091	1543992638172	OK	 
REQUEST	Invoke one action after each other to test latency	1		Warm python:default invocation	1543992638271	1543992638360	OK	 
REQUEST	Invoke one action after each other to test latency	1		Warm python:default invocation	1543992638452	1543992638556	OK	 
REQUEST	Invoke one action after each other to test latency	1		Warm python:default invocation	1543992638661	1543992638754	OK	 
REQUEST	Invoke one action after each other to test latency	1		Warm python:default invocation	1543992638862	1543992638959	OK	 
REQUEST	Invoke one action after each other to test latency	1		Warm python:default invocation	1543992639051	1543992645939	OK	 
REQUEST	Invoke one action after each other to test latency	1		Warm python:default invocation	1543992646041	1543992646139	OK	 
REQUEST	Invoke one action after each other to test latency	1		Warm python:default invocation	1543992646241	1543992646337	OK	 
REQUEST	Invoke one action after each other to test latency	1		Warm python:default invocation	1543992646441	1543992646547	OK	 
REQUEST	Invoke one action after each other to test latency	1		Warm python:default invocation	1543992646641	1543992646837	OK	 
REQUEST	Invoke one action after each other to test latency	1		Warm python:default invocation	1543992646941	1543992647060	OK	 
REQUEST	Invoke one action after each other to test latency	1		Warm python:default invocation	1543992647162	1543992653672	OK	 
REQUEST	Invoke one action after each other to test latency	1		Warm python:default invocation	1543992653771	1543992653868	OK	 
REQUEST	Invoke one action after each other to test latency	1		Warm python:default invocation	1543992653971	1543992654077	OK	 
REQUEST	Invoke one action after each other to test latency	1		Warm python:default invocation	1543992654171	1543992654271	OK	 
REQUEST	Invoke one action after each other to test latency	1		Warm python:default invocation	1543992654381	1543992654470	OK	 
REQUEST	Invoke one action after each other to test latency	1		Warm python:default invocation	1543992654561	1543992654666	OK	 
REQUEST	Invoke one action after each other to test latency	1		Warm python:default invocation	1543992654771	1543992662485	OK	 
REQUEST	Invoke one action after each other to test latency	1		Warm python:default invocation	1543992662582	1543992662674	OK	 
REQUEST	Invoke one action after each other to test latency	1		Warm python:default invocation	1543992662781	1543992662869	OK	 
REQUEST	Invoke one action after each other to test latency	1		Warm python:default invocation	1543992662961	1543992663076	OK	 
REQUEST	Invoke one action after each other to test latency	1		Warm python:default invocation	1543992663181	1543992663269	OK	 
REQUEST	Invoke one action after each other to test latency	1		Warm python:default invocation	1543992663371	1543992663565	OK	 
REQUEST	Invoke one action after each other to test latency	1		Warm python:default invocation	1543992663661	1543992670128	OK	 
REQUEST	Invoke one action after each other to test latency	1		Warm python:default invocation	1543992670232	1543992670337	OK	 
REQUEST	Invoke one action after each other to test latency	1		Warm python:default invocation	1543992670432	1543992670523	OK	 
REQUEST	Invoke one action after each other to test latency	1		Delete python:default action	1543992670524	1543992670719	OK	 
USER	Invoke one action after each other to test latency	1	END	1543992540902	1543992670723
