ASSERTION	AAEAAR5XYXJtIHB5dGhvbjpkZWZhdWx0IGludm9jYXRpb24EAAECBwAAAAAAAHCnQA==
ASSERTION	AAEAAR5XYXJtIHB5dGhvbjpkZWZhdWx0IGludm9jYXRpb24EAAECBgAAAAAAAHCnQA==
ASSERTION	AAEAAR5XYXJtIHB5dGhvbjpkZWZhdWx0IGludm9jYXRpb24BAAIHAAAAAADwafhA
ASSERTION	AAEAAR5XYXJtIHB5dGhvbjpkZWZhdWx0IGludm9jYXRpb24DAAIHAK5H4XoUru8/
RUN	org.apache.openwhisk.LatencySimulation		latencysimulation	1543991645953	 	2.0
USER	Invoke one action after each other to test latency	1	START	1543991648590	1543991648590
REQUEST	Invoke one action after each other to test latency	1		Create python:default action	1543991648813	1543991649123	OK	 
REQUEST	Invoke one action after each other to test latency	1		Cold python:default invocation	1543991649231	1543991649355	OK	 
REQUEST	Invoke one action after each other to test latency	1		Warm python:default invocation	1543991650293	1543991650416	OK	 
REQUEST	Invoke one action after each other to test latency	1		Warm python:default invocation	1543991651424	1543991651527	OK	 
REQUEST	Invoke one action after each other to test latency	1		Warm python:default invocation	1543991652523	1543991652653	OK	 
REQUEST	Invoke one action after each other to test latency	1		Warm python:default invocation	1543991653663	1543991653895	OK	 
REQUEST	Invoke one action after each other to test latency	1		Warm python:default invocation	1543991654893	1543991654994	OK	 
REQUEST	Invoke one action after each other to test latency	1		Warm python:default invocation	1543991655993	1543991656120	OK	 
REQUEST	Invoke one action after each other to test latency	1		Warm python:default invocation	1543991657113	1543991657206	OK	 
REQUEST	Invoke one action after each other to test latency	1		Warm python:default invocation	1543991658213	1543991658312	OK	 
REQUEST	Invoke one action after each other to test latency	1		Warm python:default invocation	1543991659303	1543991659399	OK	 
REQUEST	Invoke one action after each other to test latency	1		Warm python:default invocation	1543991660403	1543991660504	OK	 
REQUEST	Invoke one action after each other to test latency	1		Warm python:default invocation	1543991661513	1543991662629	OK	 
REQUEST	Invoke one action after each other to test latency	1		Warm python:default invocation	1543991663623	1543991663724	OK	 
REQUEST	Invoke one action after each other to test latency	1		Warm python:default invocation	1543991664733	1543991664823	OK	 
REQUEST	Invoke one action after each other to test latency	1		Warm python:default invocation	1543991665823	1543991665944	OK	 
REQUEST	Invoke one action after each other to test latency	1		Warm python:default invocation	1543991666943	1543991667032	OK	 
REQUEST	Invoke one action after each other to test latency	1		Warm python:default invocation	1543991668034	1543991668142	OK	 
REQUEST	Invoke one action after each other to test latency	1		Warm python:default invocation	1543991669143	1543991669234	OK	 
REQUEST	Invoke one action after each other to test latency	1		Warm python:default invocation	1543991670233	1543991670328	OK	 
REQUEST	Invoke one action after each other to test latency	1		Warm python:default invocation	1543991671324	1543991671434	OK	 
REQUEST	Invoke one action after each other to test latency	1		Warm python:default invocation	1543991672443	1543991672566	OK	 
REQUEST	Invoke one action after each other to test latency	1		Warm python:default invocation	1543991673564	1543991673654	OK	 
REQUEST	Invoke one action after each other to test latency	1		Warm python:default invocation	1543991674653	1543991674748	OK	 
REQUEST	Invoke one action after each other to test latency	1		Warm python:default invocation	1543991675743	1543991675847	OK	 
REQUEST	Invoke one action after each other to test latency	1		Warm python:default invocation	1543991676853	1543991676969	OK	 
REQUEST	Invoke one action after each other to test latency	1		Warm python:default invocation	1543991677973	1543991678066	OK	 
REQUEST	Invoke one action after each other to test latency	1		Warm python:default invocation	1543991679063	1543991679152	OK	 
REQUEST	Invoke one action after each other to test latency	1		Warm python:default invocation	1543991680154	1543991680255	OK	 
REQUEST	Invoke one action after each other to test latency	1		Warm python:default invocation	1543991681263	1543991681372	OK	 
REQUEST	Invoke one action after each other to test latency	1		Warm python:default invocation	1543991682373	1543991682477	OK	 
REQUEST	Invoke one action after each other to test latency	1		Warm python:default invocation	1543991683473	1543991683564	OK	 
REQUEST	Invoke one action after each other to test latency	1		Warm python:default invocation	1543991684563	1543991689262	OK	 
REQUEST	Invoke one action after each other to test latency	1		Warm python:default invocation	1543991690263	1543991690353	OK	 
REQUEST	Invoke one action after each other to test latency	1		Warm python:default invocation	1543991691353	1543991691448	OK	 
REQUEST	Invoke one action after each other to test latency	1		Warm python:default invocation	1543991692443	1543991692574	OK	 
REQUEST	Invoke one action after each other to test latency	1		Warm python:default invocation	1543991693583	1543991694737	OK	 
REQUEST	Invoke one action after each other to test latency	1		Warm python:default invocation	1543991695733	1543991695870	OK	 
REQUEST	Invoke one action after each other to test latency	1		Warm python:default invocation	1543991696873	1543991696964	OK	 
REQUEST	Invoke one action after each other to test latency	1		Warm python:default invocation	1543991697963	1543991698064	OK	 
REQUEST	Invoke one action after each other to test latency	1		Warm python:default invocation	1543991699063	1543991699155	OK	 
REQUEST	Invoke one action after each other to test latency	1		Warm python:default invocation	1543991700153	1543991700243	OK	 
REQUEST	Invoke one action after each other to test latency	1		Warm python:default invocation	1543991701253	1543991701407	OK	 
REQUEST	Invoke one action after each other to test latency	1		Warm python:default invocation	1543991702404	1543991702492	OK	 
REQUEST	Invoke one action after each other to test latency	1		Warm python:default invocation	1543991703493	1543991703786	OK	 
REQUEST	Invoke one action after each other to test latency	1		Warm python:default invocation	1543991704783	1543991704879	OK	 
REQUEST	Invoke one action after each other to test latency	1		Warm python:default invocation	1543991705883	1543991705975	OK	 
REQUEST	Invoke one action after each other to test latency	1		Warm python:default invocation	1543991706973	1543991707072	OK	 
REQUEST	Invoke one action after each other to test latency	1		Warm python:default invocation	1543991708063	1543991708176	OK	 
REQUEST	Invoke one action after each other to test latency	1		Warm python:default invocation	1543991709183	1543991709280	OK	 
REQUEST	Invoke one action after each other to test latency	1		Warm python:default invocation	1543991710283	1543991710372	OK	 
REQUEST	Invoke one action after each other to test latency	1		Warm python:default invocation	1543991711383	1543991711478	OK	 
REQUEST	Invoke one action after each other to test latency	1		Warm python:default invocation	1543991712473	1543991712570	OK	 
REQUEST	Invoke one action after each other to test latency	1		Warm python:default invocation	1543991713563	1543991713656	OK	 
REQUEST	Invoke one action after each other to test latency	1		Warm python:default invocation	1543991714663	1543991714761	OK	 
REQUEST	Invoke one action after each other to test latency	1		Warm python:default invocation	1543991715753	1543991715853	OK	 
REQUEST	Invoke one action after each other to test latency	1		Warm python:default invocation	1543991716863	1543991716957	OK	 
REQUEST	Invoke one action after each other to test latency	1		Warm python:default invocation	1543991717953	1543991718042	OK	 
REQUEST	Invoke one action after each other to test latency	1		Warm python:default invocation	1543991719053	1543991719143	OK	 
REQUEST	Invoke one action after each other to test latency	1		Warm python:default invocation	1543991720143	1543991720240	OK	 
REQUEST	Invoke one action after each other to test latency	1		Warm python:default invocation	1543991721233	1543991721323	OK	 
REQUEST	Invoke one action after each other to test latency	1		Warm python:default invocation	1543991722333	1543991722473	OK	 
REQUEST	Invoke one action after each other to test latency	1		Warm python:default invocation	1543991723473	1543991727950	OK	 
REQUEST	Invoke one action after each other to test latency	1		Warm python:default invocation	1543991728944	1543991729040	OK	 
REQUEST	Invoke one action after each other to test latency	1		Warm python:default invocation	1543991730033	1543991730135	OK	 
REQUEST	Invoke one action after each other to test latency	1		Warm python:default invocation	1543991731143	1543991731233	OK	 
REQUEST	Invoke one action after each other to test latency	1		Warm python:default invocation	1543991732233	1543991732325	OK	 
REQUEST	Invoke one action after each other to test latency	1		Warm python:default invocation	1543991733323	1543991733415	OK	 
REQUEST	Invoke one action after each other to test latency	1		Warm python:default invocation	1543991734413	1543991734502	OK	 
REQUEST	Invoke one action after each other to test latency	1		Warm python:default invocation	1543991735513	1543991735599	OK	 
REQUEST	Invoke one action after each other to test latency	1		Warm python:default invocation	1543991736593	1543991736683	OK	 
REQUEST	Invoke one action after each other to test latency	1		Warm python:default invocation	1543991737683	1543991737792	OK	 
REQUEST	Invoke one action after each other to test latency	1		Warm python:default invocation	1543991738793	1543991738884	OK	 
REQUEST	Invoke one action after each other to test latency	1		Warm python:default invocation	1543991739883	1543991739981	OK	 
REQUEST	Invoke one action after each other to test latency	1		Warm python:default invocation	1543991740974	1543991741063	OK	 
REQUEST	Invoke one action after each other to test latency	1		Warm python:default invocation	1543991742073	1543991742164	OK	 
REQUEST	Invoke one action after each other to test latency	1		Warm python:default invocation	1543991743163	1543991743272	OK	 
REQUEST	Invoke one action after each other to test latency	1		Warm python:default invocation	1543991744273	1543991744377	OK	 
REQUEST	Invoke one action after each other to test latency	1		Warm python:default invocation	1543991745383	1543991745471	OK	 
REQUEST	Invoke one action after each other to test latency	1		Warm python:default invocation	1543991746463	1543991750414	OK	 
REQUEST	Invoke one action after each other to test latency	1		Warm python:default invocation	1543991751423	1543991751511	OK	 
REQUEST	Invoke one action after each other to test latency	1		Warm python:default invocation	1543991752513	1543991752736	OK	 
REQUEST	Invoke one action after each other to test latency	1		Warm python:default invocation	1543991753734	1543991753822	OK	 
REQUEST	Invoke one action after each other to test latency	1		Warm python:default invocation	1543991754823	1543991754933	OK	 
REQUEST	Invoke one action after each other to test latency	1		Warm python:default invocation	1543991755933	1543991756045	OK	 
REQUEST	Invoke one action after each other to test latency	1		Warm python:default invocation	1543991757044	1543991757136	OK	 
REQUEST	Invoke one action after each other to test latency	1		Warm python:default invocation	1543991758134	1543991758222	OK	 
REQUEST	Invoke one action after each other to test latency	1		Warm python:default invocation	1543991759233	1543991759323	OK	 
REQUEST	Invoke one action after each other to test latency	1		Warm python:default invocation	1543991760323	1543991760445	OK	 
REQUEST	Invoke one action after each other to test latency	1		Warm python:default invocation	1543991761443	1543991761553	OK	 
REQUEST	Invoke one action after each other to test latency	1		Warm python:default invocation	1543991762553	1543991762663	OK	 
REQUEST	Invoke one action after each other to test latency	1		Warm python:default invocation	1543991763664	1543991763767	OK	 
REQUEST	Invoke one action after each other to test latency	1		Warm python:default invocation	1543991764763	1543991764863	OK	 
REQUEST	Invoke one action after each other to test latency	1		Warm python:default invocation	1543991765873	1543991765967	OK	 
REQUEST	Invoke one action after each other to test latency	1		Warm python:default invocation	1543991766963	1543991767056	OK	 
REQUEST	Invoke one action after each other to test latency	1		Warm python:default invocation	1543991768053	1543991768145	OK	 
REQUEST	Invoke one action after each other to test latency	1		Warm python:default invocation	1543991769143	1543991769239	OK	 
REQUEST	Invoke one action after each other to test latency	1		Warm python:default invocation	1543991770243	1543991770362	OK	 
REQUEST	Invoke one action after each other to test latency	1		Warm python:default invocation	1543991771363	1543991771472	OK	 
REQUEST	Invoke one action after each other to test latency	1		Warm python:default invocation	1543991772473	1543991772580	OK	 
REQUEST	Invoke one action after each other to test latency	1		Warm python:default invocation	1543991773584	1543991778244	OK	 
REQUEST	Invoke one action after each other to test latency	1		Warm python:default invocation	1543991779243	1543991779330	OK	 
REQUEST	Invoke one action after each other to test latency	1		Delete python:default action	1543991779331	1543991779578	OK	 
USER	Invoke one action after each other to test latency	1	END	1543991648590	1543991779581
