ASSERTION	AAEAAQ1JbnZva2UgYWN0aW9uAgIAAAAAAAAAAAA=
ASSERTION	AAEAAQ1JbnZva2UgYWN0aW9uAgIAAAAAAAAA8D8=
ASSERTION	AAEAAQ1JbnZva2UgYWN0aW9uAQACBwAAAAAA8Gn4QA==
ASSERTION	AAEAAQ1JbnZva2UgYWN0aW9uAwACBwCuR+F6FK7vPw==
RUN	org.apache.openwhisk.BlockingInvokeOneActionSimulation		blockinginvokeoneactionsimulation	1543863910431	 	2.0
USER	Invoke one action blocking	1	START	1543863913273	1543863913273
REQUEST	Invoke one action blocking	1		Create action	1543863913491	1543863913740	OK	 
REQUEST	Invoke one action blocking	1		Warm containers up	1543863913840	1543863913951	OK	 
REQUEST	Invoke one action blocking	1		Warm containers up	1543863913960	1543863913981	OK	 
REQUEST	Invoke one action blocking	1		Warm containers up	1543863913982	1543863914001	OK	 
REQUEST	Invoke one action blocking	1		Warm containers up	1543863914003	1543863914021	OK	 
REQUEST	Invoke one action blocking	1		Warm containers up	1543863914023	1543863914041	OK	 
REQUEST	Invoke one action blocking	1		Warm containers up	1543863914042	1543863914063	OK	 
REQUEST	Invoke one action blocking	1		Warm containers up	1543863914065	1543863914083	OK	 
REQUEST	Invoke one action blocking	1		Warm containers up	1543863914084	1543863914101	OK	 
REQUEST	Invoke one action blocking	1		Warm containers up	1543863914102	1543863914121	OK	 
REQUEST	Invoke one action blocking	1		Warm containers up	1543863914122	1543863915162	OK	 
REQUEST	Invoke one action blocking	1		Warm containers up	1543863915164	1543863915248	OK	 
REQUEST	Invoke one action blocking	1		Warm containers up	1543863915249	1543863915264	OK	 
REQUEST	Invoke one action blocking	1		Warm containers up	1543863915265	1543863915279	OK	 
REQUEST	Invoke one action blocking	1		Warm containers up	1543863915280	1543863915294	OK	 
REQUEST	Invoke one action blocking	1		Warm containers up	1543863915295	1543863918411	OK	 
REQUEST	Invoke one action blocking	1		Warm containers up	1543863918412	1543863918430	OK	 
REQUEST	Invoke one action blocking	1		Warm containers up	1543863918431	1543863918448	OK	 
REQUEST	Invoke one action blocking	1		Warm containers up	1543863918449	1543863918469	OK	 
REQUEST	Invoke one action blocking	1		Warm containers up	1543863918470	1543863918485	OK	 
REQUEST	Invoke one action blocking	1		Warm containers up	1543863918486	1543863918500	OK	 
REQUEST	Invoke one action blocking	1		Warm containers up	1543863918501	1543863918516	OK	 
REQUEST	Invoke one action blocking	1		Warm containers up	1543863918517	1543863918530	OK	 
REQUEST	Invoke one action blocking	1		Warm containers up	1543863918532	1543863918546	OK	 
REQUEST	Invoke one action blocking	1		Warm containers up	1543863918547	1543863918560	OK	 
REQUEST	Invoke one action blocking	1		Warm containers up	1543863918561	1543863919611	OK	 
REQUEST	Invoke one action blocking	1		Invoke action	1543863919615	1543863919710	OK	 
REQUEST	Invoke one action blocking	1		Invoke action	1543863919711	1543863919726	OK	 
REQUEST	Invoke one action blocking	1		Invoke action	1543863919727	1543863919743	OK	 
REQUEST	Invoke one action blocking	1		Invoke action	1543863919744	1543863919762	OK	 
REQUEST	Invoke one action blocking	1		Invoke action	1543863919763	1543863919779	OK	 
REQUEST	Invoke one action blocking	1		Invoke action	1543863919780	1543863919864	OK	 
REQUEST	Invoke one action blocking	1		Invoke action	1543863919865	1543863919883	OK	 
REQUEST	Invoke one action blocking	1		Invoke action	1543863919883	1543863919904	OK	 
REQUEST	Invoke one action blocking	1		Invoke action	1543863919905	1543863919922	OK	 
REQUEST	Invoke one action blocking	1		Invoke action	1543863919922	1543863919941	OK	 
REQUEST	Invoke one action blocking	1		Invoke action	1543863919942	1543863919955	OK	 
REQUEST	Invoke one action blocking	1		Invoke action	1543863919956	1543863919970	OK	 
REQUEST	Invoke one action blocking	1		Invoke action	1543863919971	1543863919985	OK	 
REQUEST	Invoke one action blocking	1		Invoke action	1543863919986	1543863920001	OK	 
REQUEST	Invoke one action blocking	1		Invoke action	1543863920002	1543863920016	OK	 
REQUEST	Invoke one action blocking	1		Invoke action	1543863920016	1543863920031	OK	 
REQUEST	Invoke one action blocking	1		Invoke action	1543863920032	1543863920046	OK	 
REQUEST	Invoke one action blocking	1		Invoke action	1543863920047	1543863920064	OK	 
REQUEST	Invoke one action blocking	1		Invoke action	1543863920065	1543863920083	OK	 
REQUEST	Invoke one action blocking	1		Invoke action	1543863920084	1543863920099	OK	 
REQUEST	Invoke one action blocking	1		Invoke action	1543863920100	1543863920117	OK	 
REQUEST	Invoke one action blocking	1		Invoke action	1543863920118	1543863920140	OK	 
REQUEST	Invoke one action blocking	1		Invoke action	1543863920140	1543863920157	OK	 
REQUEST	Invoke one action blocking	1		Invoke action	1543863920157	1543863920171	OK	 
REQUEST	Invoke one action blocking	1		Invoke action	1543863920172	1543863920190	OK	 
REQUEST	Invoke one action blocking	1		Invoke action	1543863920190	1543863920211	OK	 
REQUEST	Invoke one action blocking	1		Invoke action	1543863920212	1543863920227	OK	 
REQUEST	Invoke one action blocking	1		Invoke action	1543863920228	1543863920241	OK	 
REQUEST	Invoke one action blocking	1		Invoke action	1543863920242	1543863920259	OK	 
REQUEST	Invoke one action blocking	1		Invoke action	1543863920260	1543863921300	OK	 
REQUEST	Invoke one action blocking	1		Delete action	1543863921301	1543863921424	OK	 
USER	Invoke one action blocking	1	END	1543863913273	1543863921433
