ASSERTION	AAEAAR5XYXJtIHB5dGhvbjpkZWZhdWx0IGludm9jYXRpb24EAAECBwAAAAAAAABZQA==
ASSERTION	AAEAAR5XYXJtIHB5dGhvbjpkZWZhdWx0IGludm9jYXRpb24EAAECBgAAAAAAAABZQA==
ASSERTION	AAEAAR5XYXJtIHB5dGhvbjpkZWZhdWx0IGludm9jYXRpb24BAAIHAAAAAADwafhA
ASSERTION	AAEAAR5XYXJtIHB5dGhvbjpkZWZhdWx0IGludm9jYXRpb24DAAIHAK5H4XoUru8/
RUN	org.apache.openwhisk.LatencySimulation		latencysimulation	1544003709594	 	2.0
USER	Invoke one action after each other to test latency	1	START	1544003712263	1544003712263
REQUEST	Invoke one action after each other to test latency	1		Create python:default action	1544003712492	1544003712834	OK	 
REQUEST	Invoke one action after each other to test latency	1		Cold python:default invocation	1544003712942	1544003713634	OK	 
REQUEST	Invoke one action after each other to test latency	1		Warm python:default invocation	1544003713682	1544003714381	OK	 
REQUEST	Invoke one action after each other to test latency	1		Warm python:default invocation	1544003714482	1544003715148	OK	 
REQUEST	Invoke one action after each other to test latency	1		Warm python:default invocation	1544003715241	1544003715912	OK	 
REQUEST	Invoke one action after each other to test latency	1		Warm python:default invocation	1544003716022	1544003716702	OK	 
REQUEST	Invoke one action after each other to test latency	1		Warm python:default invocation	1544003716802	1544003717546	OK	 
REQUEST	Invoke one action after each other to test latency	1		Warm python:default invocation	1544003717642	1544003718303	OK	 
REQUEST	Invoke one action after each other to test latency	1		Warm python:default invocation	1544003718411	1544003719071	OK	 
REQUEST	Invoke one action after each other to test latency	1		Warm python:default invocation	1544003719171	1544003724866	OK	 
REQUEST	Invoke one action after each other to test latency	1		Warm python:default invocation	1544003724961	1544003725622	OK	 
REQUEST	Invoke one action after each other to test latency	1		Warm python:default invocation	1544003725732	1544003726389	OK	 
REQUEST	Invoke one action after each other to test latency	1		Warm python:default invocation	1544003726482	1544003727179	OK	 
REQUEST	Invoke one action after each other to test latency	1		Warm python:default invocation	1544003727271	1544003727972	OK	 
REQUEST	Invoke one action after each other to test latency	1		Warm python:default invocation	1544003728081	1544003728748	OK	 
REQUEST	Invoke one action after each other to test latency	1		Warm python:default invocation	1544003728841	1544003729500	OK	 
REQUEST	Invoke one action after each other to test latency	1		Warm python:default invocation	1544003729611	1544003730290	OK	 
REQUEST	Invoke one action after each other to test latency	1		Warm python:default invocation	1544003730392	1544003736369	OK	 
REQUEST	Invoke one action after each other to test latency	1		Warm python:default invocation	1544003736462	1544003737132	OK	 
REQUEST	Invoke one action after each other to test latency	1		Warm python:default invocation	1544003737241	1544003737893	OK	 
REQUEST	Invoke one action after each other to test latency	1		Warm python:default invocation	1544003737992	1544003738685	OK	 
REQUEST	Invoke one action after each other to test latency	1		Warm python:default invocation	1544003738782	1544003739468	OK	 
REQUEST	Invoke one action after each other to test latency	1		Warm python:default invocation	1544003739562	1544003740227	OK	 
REQUEST	Invoke one action after each other to test latency	1		Warm python:default invocation	1544003740331	1544003741034	OK	 
REQUEST	Invoke one action after each other to test latency	1		Warm python:default invocation	1544003741141	1544003741824	OK	 
REQUEST	Invoke one action after each other to test latency	1		Warm python:default invocation	1544003741921	1544003747532	OK	 
REQUEST	Invoke one action after each other to test latency	1		Warm python:default invocation	1544003747632	1544003748304	OK	 
REQUEST	Invoke one action after each other to test latency	1		Warm python:default invocation	1544003748402	1544003749062	OK	 
REQUEST	Invoke one action after each other to test latency	1		Warm python:default invocation	1544003749171	1544003749843	OK	 
REQUEST	Invoke one action after each other to test latency	1		Warm python:default invocation	1544003749941	1544003750622	OK	 
REQUEST	Invoke one action after each other to test latency	1		Warm python:default invocation	1544003750721	1544003751393	OK	 
REQUEST	Invoke one action after each other to test latency	1		Warm python:default invocation	1544003751492	1544003752169	OK	 
REQUEST	Invoke one action after each other to test latency	1		Warm python:default invocation	1544003752261	1544003752940	OK	 
REQUEST	Invoke one action after each other to test latency	1		Warm python:default invocation	1544003753041	1544003753691	OK	 
REQUEST	Invoke one action after each other to test latency	1		Warm python:default invocation	1544003753802	1544003754481	OK	 
REQUEST	Invoke one action after each other to test latency	1		Warm python:default invocation	1544003754581	1544003755250	OK	 
REQUEST	Invoke one action after each other to test latency	1		Warm python:default invocation	1544003755341	1544003761275	OK	 
REQUEST	Invoke one action after each other to test latency	1		Warm python:default invocation	1544003761382	1544003762042	OK	 
REQUEST	Invoke one action after each other to test latency	1		Warm python:default invocation	1544003762142	1544003762798	OK	 
REQUEST	Invoke one action after each other to test latency	1		Warm python:default invocation	1544003762902	1544003763591	OK	 
REQUEST	Invoke one action after each other to test latency	1		Warm python:default invocation	1544003763691	1544003764362	OK	 
REQUEST	Invoke one action after each other to test latency	1		Warm python:default invocation	1544003764462	1544003765128	OK	 
REQUEST	Invoke one action after each other to test latency	1		Warm python:default invocation	1544003765221	1544003765890	OK	 
REQUEST	Invoke one action after each other to test latency	1		Warm python:default invocation	1544003765992	1544003771431	OK	 
REQUEST	Invoke one action after each other to test latency	1		Warm python:default invocation	1544003771542	1544003772195	OK	 
REQUEST	Invoke one action after each other to test latency	1		Warm python:default invocation	1544003772291	1544003772956	OK	 
REQUEST	Invoke one action after each other to test latency	1		Warm python:default invocation	1544003773052	1544003773722	OK	 
REQUEST	Invoke one action after each other to test latency	1		Warm python:default invocation	1544003773831	1544003774501	OK	 
REQUEST	Invoke one action after each other to test latency	1		Warm python:default invocation	1544003774602	1544003775271	OK	 
REQUEST	Invoke one action after each other to test latency	1		Warm python:default invocation	1544003775371	1544003776041	OK	 
REQUEST	Invoke one action after each other to test latency	1		Warm python:default invocation	1544003776131	1544003781730	OK	 
REQUEST	Invoke one action after each other to test latency	1		Warm python:default invocation	1544003781842	1544003782532	OK	 
REQUEST	Invoke one action after each other to test latency	1		Warm python:default invocation	1544003782631	1544003783294	OK	 
REQUEST	Invoke one action after each other to test latency	1		Warm python:default invocation	1544003783392	1544003784062	OK	 
REQUEST	Invoke one action after each other to test latency	1		Warm python:default invocation	1544003784161	1544003784860	OK	 
REQUEST	Invoke one action after each other to test latency	1		Warm python:default invocation	1544003784952	1544003785638	OK	 
REQUEST	Invoke one action after each other to test latency	1		Warm python:default invocation	1544003785742	1544003786403	OK	 
REQUEST	Invoke one action after each other to test latency	1		Warm python:default invocation	1544003786511	1544003792028	OK	 
REQUEST	Invoke one action after each other to test latency	1		Warm python:default invocation	1544003792122	1544003792798	OK	 
REQUEST	Invoke one action after each other to test latency	1		Warm python:default invocation	1544003792902	1544003793570	OK	 
REQUEST	Invoke one action after each other to test latency	1		Warm python:default invocation	1544003793671	1544003794335	OK	 
REQUEST	Invoke one action after each other to test latency	1		Warm python:default invocation	1544003794442	1544003795137	OK	 
REQUEST	Invoke one action after each other to test latency	1		Warm python:default invocation	1544003795232	1544003795901	OK	 
REQUEST	Invoke one action after each other to test latency	1		Warm python:default invocation	1544003796011	1544003796705	OK	 
REQUEST	Invoke one action after each other to test latency	1		Warm python:default invocation	1544003796801	1544003802244	OK	 
REQUEST	Invoke one action after each other to test latency	1		Warm python:default invocation	1544003802342	1544003803010	OK	 
REQUEST	Invoke one action after each other to test latency	1		Warm python:default invocation	1544003803112	1544003803782	OK	 
REQUEST	Invoke one action after each other to test latency	1		Warm python:default invocation	1544003803891	1544003804608	OK	 
REQUEST	Invoke one action after each other to test latency	1		Warm python:default invocation	1544003804702	1544003805384	OK	 
REQUEST	Invoke one action after each other to test latency	1		Warm python:default invocation	1544003805482	1544003806237	OK	 
REQUEST	Invoke one action after each other to test latency	1		Warm python:default invocation	1544003806342	1544003807012	OK	 
REQUEST	Invoke one action after each other to test latency	1		Warm python:default invocation	1544003807122	1544003812464	OK	 
REQUEST	Invoke one action after each other to test latency	1		Warm python:default invocation	1544003812561	1544003813232	OK	 
REQUEST	Invoke one action after each other to test latency	1		Warm python:default invocation	1544003813331	1544003813992	OK	 
REQUEST	Invoke one action after each other to test latency	1		Warm python:default invocation	1544003814091	1544003814767	OK	 
REQUEST	Invoke one action after each other to test latency	1		Warm python:default invocation	1544003814862	1544003815529	OK	 
REQUEST	Invoke one action after each other to test latency	1		Warm python:default invocation	1544003815632	1544003816303	OK	 
REQUEST	Invoke one action after each other to test latency	1		Warm python:default invocation	1544003816411	1544003817089	OK	 
REQUEST	Invoke one action after each other to test latency	1		Warm python:default invocation	1544003817181	1544003817849	OK	 
REQUEST	Invoke one action after each other to test latency	1		Warm python:default invocation	1544003817952	1544003823560	OK	 
REQUEST	Invoke one action after each other to test latency	1		Warm python:default invocation	1544003823652	1544003824314	OK	 
REQUEST	Invoke one action after each other to test latency	1		Warm python:default invocation	1544003824421	1544003825089	OK	 
REQUEST	Invoke one action after each other to test latency	1		Warm python:default invocation	1544003825191	1544003825860	OK	 
REQUEST	Invoke one action after each other to test latency	1		Warm python:default invocation	1544003825961	1544003826639	OK	 
REQUEST	Invoke one action after each other to test latency	1		Warm python:default invocation	1544003826732	1544003827412	OK	 
REQUEST	Invoke one action after each other to test latency	1		Warm python:default invocation	1544003827521	1544003828193	OK	 
REQUEST	Invoke one action after each other to test latency	1		Warm python:default invocation	1544003828291	1544003834221	OK	 
REQUEST	Invoke one action after each other to test latency	1		Warm python:default invocation	1544003834331	1544003834998	OK	 
REQUEST	Invoke one action after each other to test latency	1		Warm python:default invocation	1544003835092	1544003835746	OK	 
REQUEST	Invoke one action after each other to test latency	1		Warm python:default invocation	1544003835841	1544003836520	OK	 
REQUEST	Invoke one action after each other to test latency	1		Warm python:default invocation	1544003836631	1544003837313	OK	 
REQUEST	Invoke one action after each other to test latency	1		Warm python:default invocation	1544003837411	1544003838079	OK	 
REQUEST	Invoke one action after each other to test latency	1		Warm python:default invocation	1544003838171	1544003838847	OK	 
REQUEST	Invoke one action after each other to test latency	1		Warm python:default invocation	1544003838951	1544003844581	OK	 
REQUEST	Invoke one action after each other to test latency	1		Warm python:default invocation	1544003844681	1544003845349	OK	 
REQUEST	Invoke one action after each other to test latency	1		Warm python:default invocation	1544003845441	1544003846098	OK	 
REQUEST	Invoke one action after each other to test latency	1		Warm python:default invocation	1544003846201	1544003846876	OK	 
REQUEST	Invoke one action after each other to test latency	1		Warm python:default invocation	1544003846981	1544003847674	OK	 
REQUEST	Invoke one action after each other to test latency	1		Warm python:default invocation	1544003847771	1544003848441	OK	 
REQUEST	Invoke one action after each other to test latency	1		Warm python:default invocation	1544003848551	1544003849214	OK	 
REQUEST	Invoke one action after each other to test latency	1		Warm python:default invocation	1544003849301	1544003854737	OK	 
REQUEST	Invoke one action after each other to test latency	1		Warm python:default invocation	1544003854841	1544003855499	OK	 
REQUEST	Invoke one action after each other to test latency	1		Delete python:default action	1544003855500	1544003855775	OK	 
USER	Invoke one action after each other to test latency	1	END	1544003712263	1544003855779
