ASSERTION	AAEAAQ1JbnZva2UgYWN0aW9uAQACBwAAAAAA8Gn4QA==
ASSERTION	AAEAAQ1JbnZva2UgYWN0aW9uAwACBwCuR+F6FK7vPw==
RUN	org.apache.openwhisk.BlockingInvokeOneActionSimulation		blockinginvokeoneactionsimulation	1543865271812	 	2.0
USER	Invoke one action blocking	1	START	1543865274603	1543865274603
REQUEST	Invoke one action blocking	1		Create action	1543865274812	1543865275094	OK	 
REQUEST	Invoke one action blocking	1		Warm containers up	1543865275201	1543865275305	OK	 
REQUEST	Invoke one action blocking	1		Warm containers up	1543865275312	1543865275330	OK	 
REQUEST	Invoke one action blocking	1		Warm containers up	1543865275332	1543865275347	OK	 
REQUEST	Invoke one action blocking	1		Warm containers up	1543865275348	1543865275363	OK	 
REQUEST	Invoke one action blocking	1		Warm containers up	1543865275364	1543865275385	OK	 
REQUEST	Invoke one action blocking	1		Warm containers up	1543865275386	1543865275401	OK	 
REQUEST	Invoke one action blocking	1		Warm containers up	1543865275402	1543865275420	OK	 
REQUEST	Invoke one action blocking	1		Warm containers up	1543865275422	1543865275436	OK	 
REQUEST	Invoke one action blocking	1		Warm containers up	1543865275438	1543865275451	OK	 
REQUEST	Invoke one action blocking	1		Warm containers up	1543865275453	1543865275471	OK	 
REQUEST	Invoke one action blocking	1		Warm containers up	1543865275472	1543865275489	OK	 
REQUEST	Invoke one action blocking	1		Warm containers up	1543865275491	1543865275507	OK	 
REQUEST	Invoke one action blocking	1		Warm containers up	1543865275508	1543865275528	OK	 
REQUEST	Invoke one action blocking	1		Warm containers up	1543865275529	1543865275544	OK	 
REQUEST	Invoke one action blocking	1		Warm containers up	1543865275545	1543865275560	OK	 
REQUEST	Invoke one action blocking	1		Warm containers up	1543865275562	1543865275579	OK	 
REQUEST	Invoke one action blocking	1		Warm containers up	1543865275580	1543865275601	OK	 
REQUEST	Invoke one action blocking	1		Warm containers up	1543865275602	1543865275616	OK	 
REQUEST	Invoke one action blocking	1		Warm containers up	1543865275617	1543865275633	OK	 
REQUEST	Invoke one action blocking	1		Warm containers up	1543865275634	1543865275649	OK	 
REQUEST	Invoke one action blocking	1		Warm containers up	1543865275651	1543865275666	OK	 
REQUEST	Invoke one action blocking	1		Warm containers up	1543865275667	1543865275700	OK	 
REQUEST	Invoke one action blocking	1		Warm containers up	1543865275702	1543865275716	OK	 
REQUEST	Invoke one action blocking	1		Warm containers up	1543865275717	1543865275732	OK	 
REQUEST	Invoke one action blocking	1		Warm containers up	1543865275734	1543865275748	OK	 
REQUEST	Invoke one action blocking	1		Warm containers up	1543865275749	1543865275768	OK	 
REQUEST	Invoke one action blocking	1		Warm containers up	1543865275769	1543865275784	OK	 
REQUEST	Invoke one action blocking	1		Warm containers up	1543865275784	1543865275808	OK	 
REQUEST	Invoke one action blocking	1		Warm containers up	1543865275809	1543865275823	OK	 
REQUEST	Invoke one action blocking	1		Warm containers up	1543865275824	1543865275838	OK	 
REQUEST	Invoke one action blocking	1		Warm containers up	1543865275839	1543865275860	OK	 
REQUEST	Invoke one action blocking	1		Warm containers up	1543865275861	1543865275877	OK	 
REQUEST	Invoke one action blocking	1		Warm containers up	1543865275878	1543865275894	OK	 
REQUEST	Invoke one action blocking	1		Warm containers up	1543865275895	1543865275909	OK	 
REQUEST	Invoke one action blocking	1		Warm containers up	1543865275910	1543865275923	OK	 
REQUEST	Invoke one action blocking	1		Warm containers up	1543865275924	1543865275939	OK	 
REQUEST	Invoke one action blocking	1		Warm containers up	1543865275939	1543865275959	OK	 
REQUEST	Invoke one action blocking	1		Warm containers up	1543865275960	1543865276053	OK	 
REQUEST	Invoke one action blocking	1		Warm containers up	1543865276054	1543865276084	OK	 
REQUEST	Invoke one action blocking	1		Warm containers up	1543865276085	1543865276100	OK	 
REQUEST	Invoke one action blocking	1		Warm containers up	1543865276101	1543865276115	OK	 
REQUEST	Invoke one action blocking	1		Warm containers up	1543865276117	1543865276133	OK	 
REQUEST	Invoke one action blocking	1		Warm containers up	1543865276134	1543865276149	OK	 
REQUEST	Invoke one action blocking	1		Warm containers up	1543865276150	1543865276165	OK	 
REQUEST	Invoke one action blocking	1		Warm containers up	1543865276166	1543865276181	OK	 
REQUEST	Invoke one action blocking	1		Warm containers up	1543865276182	1543865276195	OK	 
REQUEST	Invoke one action blocking	1		Warm containers up	1543865276196	1543865276220	OK	 
REQUEST	Invoke one action blocking	1		Warm containers up	1543865276221	1543865276241	OK	 
REQUEST	Invoke one action blocking	1		Warm containers up	1543865276242	1543865276257	OK	 
REQUEST	Invoke one action blocking	1		Warm containers up	1543865276258	1543865276273	OK	 
REQUEST	Invoke one action blocking	1		Warm containers up	1543865276274	1543865276289	OK	 
REQUEST	Invoke one action blocking	1		Warm containers up	1543865276290	1543865276305	OK	 
REQUEST	Invoke one action blocking	1		Warm containers up	1543865276306	1543865276325	OK	 
REQUEST	Invoke one action blocking	1		Warm containers up	1543865276326	1543865276342	OK	 
REQUEST	Invoke one action blocking	1		Warm containers up	1543865276343	1543865277381	OK	 
REQUEST	Invoke one action blocking	1		Warm containers up	1543865277382	1543865279883	OK	 
REQUEST	Invoke one action blocking	1		Warm containers up	1543865279884	1543865279901	OK	 
REQUEST	Invoke one action blocking	1		Warm containers up	1543865279902	1543865279917	OK	 
REQUEST	Invoke one action blocking	1		Warm containers up	1543865279918	1543865279939	OK	 
REQUEST	Invoke one action blocking	1		Warm containers up	1543865279940	1543865279955	OK	 
REQUEST	Invoke one action blocking	1		Warm containers up	1543865279956	1543865279958	KO	status.find.in(200,304,201,202,203,204,205,206,207,208,209), but actually found 429
REQUEST	Invoke one action blocking	1		Warm containers up	1543865279991	1543865279994	KO	status.find.in(200,304,201,202,203,204,205,206,207,208,209), but actually found 429
REQUEST	Invoke one action blocking	1		Warm containers up	1543865279996	1543865280002	KO	status.find.in(200,304,201,202,203,204,205,206,207,208,209), but actually found 429
REQUEST	Invoke one action blocking	1		Warm containers up	1543865280004	1543865280007	KO	status.find.in(200,304,201,202,203,204,205,206,207,208,209), but actually found 429
REQUEST	Invoke one action blocking	1		Warm containers up	1543865280011	1543865280014	KO	status.find.in(200,304,201,202,203,204,205,206,207,208,209), but actually found 429
REQUEST	Invoke one action blocking	1		Warm containers up	1543865280016	1543865280022	KO	status.find.in(200,304,201,202,203,204,205,206,207,208,209), but actually found 429
REQUEST	Invoke one action blocking	1		Warm containers up	1543865280024	1543865280028	KO	status.find.in(200,304,201,202,203,204,205,206,207,208,209), but actually found 429
REQUEST	Invoke one action blocking	1		Warm containers up	1543865280030	1543865280033	KO	status.find.in(200,304,201,202,203,204,205,206,207,208,209), but actually found 429
REQUEST	Invoke one action blocking	1		Warm containers up	1543865280035	1543865280040	KO	status.find.in(200,304,201,202,203,204,205,206,207,208,209), but actually found 429
REQUEST	Invoke one action blocking	1		Warm containers up	1543865280042	1543865280044	KO	status.find.in(200,304,201,202,203,204,205,206,207,208,209), but actually found 429
REQUEST	Invoke one action blocking	1		Warm containers up	1543865280046	1543865280052	KO	status.find.in(200,304,201,202,203,204,205,206,207,208,209), but actually found 429
REQUEST	Invoke one action blocking	1		Warm containers up	1543865280054	1543865280060	KO	status.find.in(200,304,201,202,203,204,205,206,207,208,209), but actually found 429
REQUEST	Invoke one action blocking	1		Warm containers up	1543865280062	1543865280162	OK	 
REQUEST	Invoke one action blocking	1		Warm containers up	1543865280164	1543865280190	OK	 
REQUEST	Invoke one action blocking	1		Invoke action	1543865280194	1543865280208	OK	 
REQUEST	Invoke one action blocking	1		Invoke action	1543865280209	1543865280233	OK	 
REQUEST	Invoke one action blocking	1		Invoke action	1543865280234	1543865280249	OK	 
REQUEST	Invoke one action blocking	1		Invoke action	1543865280250	1543865280266	OK	 
REQUEST	Invoke one action blocking	1		Invoke action	1543865280267	1543865280280	OK	 
REQUEST	Invoke one action blocking	1		Invoke action	1543865280281	1543865280366	OK	 
REQUEST	Invoke one action blocking	1		Invoke action	1543865280367	1543865280381	OK	 
REQUEST	Invoke one action blocking	1		Invoke action	1543865280382	1543865280398	OK	 
REQUEST	Invoke one action blocking	1		Invoke action	1543865280398	1543865280420	OK	 
REQUEST	Invoke one action blocking	1		Invoke action	1543865280421	1543865280435	OK	 
REQUEST	Invoke one action blocking	1		Invoke action	1543865280436	1543865280459	OK	 
REQUEST	Invoke one action blocking	1		Invoke action	1543865280460	1543865280474	OK	 
REQUEST	Invoke one action blocking	1		Invoke action	1543865280475	1543865280488	OK	 
REQUEST	Invoke one action blocking	1		Invoke action	1543865280489	1543865281520	OK	 
REQUEST	Invoke one action blocking	1		Delete action	1543865281522	1543865281657	OK	 
USER	Invoke one action blocking	1	END	1543865274603	1543865281663
