ASSERTION	AAEAAR5XYXJtIHB5dGhvbjpkZWZhdWx0IGludm9jYXRpb24EAAECBwAAAAAAAABZQA==
ASSERTION	AAEAAR5XYXJtIHB5dGhvbjpkZWZhdWx0IGludm9jYXRpb24EAAECBgAAAAAAAABZQA==
ASSERTION	AAEAAR5XYXJtIHB5dGhvbjpkZWZhdWx0IGludm9jYXRpb24BAAIHAAAAAADwafhA
ASSERTION	AAEAAR5XYXJtIHB5dGhvbjpkZWZhdWx0IGludm9jYXRpb24DAAIHAK5H4XoUru8/
RUN	org.apache.openwhisk.LatencySimulation		latencysimulation	1544006678352	 	2.0
USER	Invoke one action after each other to test latency	1	START	1544006680972	1544006680972
REQUEST	Invoke one action after each other to test latency	1		Cold python:default invocation	1544006681152	1544006683481	OK	 
REQUEST	Invoke one action after each other to test latency	1		Warm python:default invocation	1544006683570	1544006684674	OK	 
REQUEST	Invoke one action after each other to test latency	1		Warm python:default invocation	1544006684677	1544006685903	OK	 
REQUEST	Invoke one action after each other to test latency	1		Warm python:default invocation	1544006685904	1544006687143	OK	 
REQUEST	Invoke one action after each other to test latency	1		Warm python:default invocation	1544006687145	1544006688383	OK	 
REQUEST	Invoke one action after each other to test latency	1		Warm python:default invocation	1544006688385	1544006689611	OK	 
REQUEST	Invoke one action after each other to test latency	1		Warm python:default invocation	1544006689613	1544006690842	OK	 
REQUEST	Invoke one action after each other to test latency	1		Warm python:default invocation	1544006690844	1544006692076	OK	 
REQUEST	Invoke one action after each other to test latency	1		Warm python:default invocation	1544006692077	1544006693311	OK	 
REQUEST	Invoke one action after each other to test latency	1		Warm python:default invocation	1544006693313	1544006694550	OK	 
REQUEST	Invoke one action after each other to test latency	1		Warm python:default invocation	1544006694551	1544006695792	OK	 
REQUEST	Invoke one action after each other to test latency	1		Warm python:default invocation	1544006695794	1544006697032	OK	 
REQUEST	Invoke one action after each other to test latency	1		Warm python:default invocation	1544006697034	1544006698268	OK	 
REQUEST	Invoke one action after each other to test latency	1		Warm python:default invocation	1544006698270	1544006699494	OK	 
REQUEST	Invoke one action after each other to test latency	1		Warm python:default invocation	1544006699496	1544006700729	OK	 
REQUEST	Invoke one action after each other to test latency	1		Warm python:default invocation	1544006700731	1544006701969	OK	 
REQUEST	Invoke one action after each other to test latency	1		Warm python:default invocation	1544006701970	1544006703191	OK	 
REQUEST	Invoke one action after each other to test latency	1		Warm python:default invocation	1544006703192	1544006704432	OK	 
REQUEST	Invoke one action after each other to test latency	1		Warm python:default invocation	1544006704434	1544006705674	OK	 
REQUEST	Invoke one action after each other to test latency	1		Warm python:default invocation	1544006705676	1544006706912	OK	 
REQUEST	Invoke one action after each other to test latency	1		Warm python:default invocation	1544006706913	1544006708150	OK	 
REQUEST	Invoke one action after each other to test latency	1		Warm python:default invocation	1544006708151	1544006709378	OK	 
REQUEST	Invoke one action after each other to test latency	1		Warm python:default invocation	1544006709380	1544006710599	OK	 
REQUEST	Invoke one action after each other to test latency	1		Warm python:default invocation	1544006710601	1544006711840	OK	 
REQUEST	Invoke one action after each other to test latency	1		Warm python:default invocation	1544006711841	1544006713075	OK	 
REQUEST	Invoke one action after each other to test latency	1		Warm python:default invocation	1544006713076	1544006714302	OK	 
REQUEST	Invoke one action after each other to test latency	1		Warm python:default invocation	1544006714304	1544006715528	OK	 
REQUEST	Invoke one action after each other to test latency	1		Warm python:default invocation	1544006715529	1544006716750	OK	 
REQUEST	Invoke one action after each other to test latency	1		Warm python:default invocation	1544006716752	1544006717979	OK	 
REQUEST	Invoke one action after each other to test latency	1		Warm python:default invocation	1544006717980	1544006719208	OK	 
REQUEST	Invoke one action after each other to test latency	1		Warm python:default invocation	1544006719210	1544006720442	OK	 
REQUEST	Invoke one action after each other to test latency	1		Warm python:default invocation	1544006720443	1544006721683	OK	 
REQUEST	Invoke one action after each other to test latency	1		Warm python:default invocation	1544006721684	1544006722912	OK	 
REQUEST	Invoke one action after each other to test latency	1		Warm python:default invocation	1544006722913	1544006724152	OK	 
REQUEST	Invoke one action after each other to test latency	1		Warm python:default invocation	1544006724153	1544006725383	OK	 
REQUEST	Invoke one action after each other to test latency	1		Warm python:default invocation	1544006725384	1544006726621	OK	 
REQUEST	Invoke one action after each other to test latency	1		Warm python:default invocation	1544006726622	1544006727850	OK	 
REQUEST	Invoke one action after each other to test latency	1		Warm python:default invocation	1544006727851	1544006729091	OK	 
REQUEST	Invoke one action after each other to test latency	1		Warm python:default invocation	1544006729092	1544006730321	OK	 
REQUEST	Invoke one action after each other to test latency	1		Warm python:default invocation	1544006730322	1544006731560	OK	 
REQUEST	Invoke one action after each other to test latency	1		Warm python:default invocation	1544006731561	1544006732781	OK	 
USER	Invoke one action after each other to test latency	1	END	1544006680972	1544006732793
