ASSERTION	AAEAAQ1JbnZva2UgYWN0aW9uAQACBwAAAAAA8Gn4QA==
ASSERTION	AAEAAQ1JbnZva2UgYWN0aW9uAwACBwCuR+F6FK7vPw==
RUN	org.apache.openwhisk.BlockingInvokeOneActionSimulation		blockinginvokeoneactionsimulation	1543864587372	 	2.0
USER	Invoke one action blocking	1	START	1543864590130	1543864590130
REQUEST	Invoke one action blocking	1		Create action	1543864590342	1543864590622	OK	 
REQUEST	Invoke one action blocking	1		Warm containers up	1543864590712	1543864591842	OK	 
REQUEST	Invoke one action blocking	1		Warm containers up	1543864591851	1543864591933	OK	 
REQUEST	Invoke one action blocking	1		Warm containers up	1543864591935	1543864591952	OK	 
REQUEST	Invoke one action blocking	1		Warm containers up	1543864591953	1543864591968	OK	 
REQUEST	Invoke one action blocking	1		Warm containers up	1543864591969	1543864591984	OK	 
REQUEST	Invoke one action blocking	1		Warm containers up	1543864591986	1543864592009	OK	 
REQUEST	Invoke one action blocking	1		Warm containers up	1543864592010	1543864592028	OK	 
REQUEST	Invoke one action blocking	1		Warm containers up	1543864592029	1543864592044	OK	 
REQUEST	Invoke one action blocking	1		Warm containers up	1543864592046	1543864592068	OK	 
REQUEST	Invoke one action blocking	1		Warm containers up	1543864592069	1543864592085	OK	 
REQUEST	Invoke one action blocking	1		Warm containers up	1543864592086	1543864593132	OK	 
REQUEST	Invoke one action blocking	1		Warm containers up	1543864593133	1543864593219	OK	 
REQUEST	Invoke one action blocking	1		Warm containers up	1543864593220	1543864593235	OK	 
REQUEST	Invoke one action blocking	1		Warm containers up	1543864593236	1543864596568	OK	 
REQUEST	Invoke one action blocking	1		Invoke action	1543864596573	1543864596588	OK	 
REQUEST	Invoke one action blocking	1		Invoke action	1543864596589	1543864596604	OK	 
REQUEST	Invoke one action blocking	1		Invoke action	1543864596605	1543864596621	OK	 
REQUEST	Invoke one action blocking	1		Invoke action	1543864596622	1543864596649	OK	 
REQUEST	Invoke one action blocking	1		Invoke action	1543864596650	1543864596664	OK	 
REQUEST	Invoke one action blocking	1		Invoke action	1543864596665	1543864596679	OK	 
REQUEST	Invoke one action blocking	1		Invoke action	1543864596680	1543864596694	OK	 
REQUEST	Invoke one action blocking	1		Invoke action	1543864596695	1543864596709	OK	 
REQUEST	Invoke one action blocking	1		Invoke action	1543864596710	1543864596731	OK	 
REQUEST	Invoke one action blocking	1		Invoke action	1543864596732	1543864596746	OK	 
REQUEST	Invoke one action blocking	1		Invoke action	1543864596747	1543864596761	OK	 
REQUEST	Invoke one action blocking	1		Invoke action	1543864596762	1543864596783	OK	 
REQUEST	Invoke one action blocking	1		Invoke action	1543864596784	1543864596809	OK	 
REQUEST	Invoke one action blocking	1		Invoke action	1543864596810	1543864596825	OK	 
REQUEST	Invoke one action blocking	1		Invoke action	1543864596826	1543864596843	OK	 
REQUEST	Invoke one action blocking	1		Invoke action	1543864596844	1543864596857	OK	 
REQUEST	Invoke one action blocking	1		Invoke action	1543864596858	1543864596876	OK	 
REQUEST	Invoke one action blocking	1		Invoke action	1543864596877	1543864596894	OK	 
REQUEST	Invoke one action blocking	1		Invoke action	1543864596895	1543864596918	OK	 
REQUEST	Invoke one action blocking	1		Invoke action	1543864596919	1543864596948	OK	 
REQUEST	Invoke one action blocking	1		Invoke action	1543864596949	1543864596973	OK	 
REQUEST	Invoke one action blocking	1		Invoke action	1543864596974	1543864596991	OK	 
REQUEST	Invoke one action blocking	1		Invoke action	1543864596992	1543864597007	OK	 
REQUEST	Invoke one action blocking	1		Invoke action	1543864597007	1543864597022	OK	 
REQUEST	Invoke one action blocking	1		Invoke action	1543864597023	1543864597039	OK	 
REQUEST	Invoke one action blocking	1		Invoke action	1543864597040	1543864598091	OK	 
REQUEST	Invoke one action blocking	1		Delete action	1543864598092	1543864598280	OK	 
USER	Invoke one action blocking	1	END	1543864590130	1543864598287
