ASSERTION	AAEAAR5XYXJtIG5vZGVqczpkZWZhdWx0IGludm9jYXRpb24EAAECBwAAAAAAAECfQA==
ASSERTION	AAEAAR5XYXJtIG5vZGVqczpkZWZhdWx0IGludm9jYXRpb24EAAECBgAAAAAAAECfQA==
ASSERTION	AAEAAR5XYXJtIG5vZGVqczpkZWZhdWx0IGludm9jYXRpb24BAAIHAAAAAADwafhA
ASSERTION	AAEAAR5XYXJtIG5vZGVqczpkZWZhdWx0IGludm9jYXRpb24DAAIHAK5H4XoUru8/
ASSERTION	AAEAAR5XYXJtIHB5dGhvbjpkZWZhdWx0IGludm9jYXRpb24EAAECBwAAAAAAAECfQA==
ASSERTION	AAEAAR5XYXJtIHB5dGhvbjpkZWZhdWx0IGludm9jYXRpb24EAAECBgAAAAAAAECfQA==
ASSERTION	AAEAAR5XYXJtIHB5dGhvbjpkZWZhdWx0IGludm9jYXRpb24BAAIHAAAAAADwafhA
ASSERTION	AAEAAR5XYXJtIHB5dGhvbjpkZWZhdWx0IGludm9jYXRpb24DAAIHAK5H4XoUru8/
RUN	org.apache.openwhisk.LatencySimulation		latencysimulation	1543863231591	 	2.0
USER	Invoke one action after each other to test latency	1	START	1543863234201	1543863234201
REQUEST	Invoke one action after each other to test latency	1		Create nodejs:default action	1543863234439	1543863234715	OK	 
REQUEST	Invoke one action after each other to test latency	1		Cold nodejs:default invocation	1543863234802	1543863234909	OK	 
REQUEST	Invoke one action after each other to test latency	1		Warm nodejs:default invocation	1543863235864	1543863235948	OK	 
REQUEST	Invoke one action after each other to test latency	1		Warm nodejs:default invocation	1543863236934	1543863237066	OK	 
REQUEST	Invoke one action after each other to test latency	1		Warm nodejs:default invocation	1543863238074	1543863240371	OK	 
REQUEST	Invoke one action after each other to test latency	1		Warm nodejs:default invocation	1543863241364	1543863241446	OK	 
REQUEST	Invoke one action after each other to test latency	1		Warm nodejs:default invocation	1543863242454	1543863242536	OK	 
REQUEST	Invoke one action after each other to test latency	1		Warm nodejs:default invocation	1543863243533	1543863243715	OK	 
REQUEST	Invoke one action after each other to test latency	1		Warm nodejs:default invocation	1543863244724	1543863247129	OK	 
REQUEST	Invoke one action after each other to test latency	1		Warm nodejs:default invocation	1543863248124	1543863248206	OK	 
REQUEST	Invoke one action after each other to test latency	1		Warm nodejs:default invocation	1543863249204	1543863249288	OK	 
REQUEST	Invoke one action after each other to test latency	1		Warm nodejs:default invocation	1543863250284	1543863250366	OK	 
REQUEST	Invoke one action after each other to test latency	1		Delete nodejs:default action	1543863250367	1543863250618	OK	 
REQUEST	Invoke one action after each other to test latency	1		Create python:default action	1543863250619	1543863250836	OK	 
REQUEST	Invoke one action after each other to test latency	1		Cold python:default invocation	1543863250837	1543863253747	OK	 
REQUEST	Invoke one action after each other to test latency	1		Warm python:default invocation	1543863254754	1543863256455	OK	 
REQUEST	Invoke one action after each other to test latency	1		Warm python:default invocation	1543863257454	1543863259046	OK	 
REQUEST	Invoke one action after each other to test latency	1		Warm python:default invocation	1543863260043	1543863261661	OK	 
REQUEST	Invoke one action after each other to test latency	1		Warm python:default invocation	1543863262664	1543863264333	OK	 
REQUEST	Invoke one action after each other to test latency	1		Warm python:default invocation	1543863265344	1543863267012	OK	 
REQUEST	Invoke one action after each other to test latency	1		Warm python:default invocation	1543863268004	1543863269681	OK	 
REQUEST	Invoke one action after each other to test latency	1		Warm python:default invocation	1543863270684	1543863272317	OK	 
REQUEST	Invoke one action after each other to test latency	1		Warm python:default invocation	1543863273314	1543863274996	OK	 
REQUEST	Invoke one action after each other to test latency	1		Warm python:default invocation	1543863276004	1543863277713	OK	 
REQUEST	Invoke one action after each other to test latency	1		Warm python:default invocation	1543863278714	1543863280327	OK	 
REQUEST	Invoke one action after each other to test latency	1		Delete python:default action	1543863280328	1543863280542	OK	 
USER	Invoke one action after each other to test latency	1	END	1543863234201	1543863280552
