ASSERTION	AAEAAQ1JbnZva2UgYWN0aW9uAgIAAAAAAAAAAAA=
ASSERTION	AAEAAQ1JbnZva2UgYWN0aW9uAgIAAAAAAAAA8D8=
ASSERTION	AAEAAQ1JbnZva2UgYWN0aW9uAQACBwAAAAAA8Gn4QA==
ASSERTION	AAEAAQ1JbnZva2UgYWN0aW9uAwACBwCuR+F6FK7vPw==
RUN	org.apache.openwhisk.BlockingInvokeOneActionSimulation		blockinginvokeoneactionsimulation	1543862950210	 	2.0
USER	Invoke one action blocking	1	START	1543862952970	1543862952970
USER	Invoke one action blocking	2	START	1543862953203	1543862953203
USER	Invoke one action blocking	3	START	1543862953211	1543862953211
USER	Invoke one action blocking	4	START	1543862953212	1543862953212
USER	Invoke one action blocking	5	START	1543862953212	1543862953212
USER	Invoke one action blocking	6	START	1543862953219	1543862953219
USER	Invoke one action blocking	7	START	1543862953220	1543862953220
USER	Invoke one action blocking	8	START	1543862953220	1543862953220
USER	Invoke one action blocking	9	START	1543862953221	1543862953221
USER	Invoke one action blocking	10	START	1543862953222	1543862953222
REQUEST	Invoke one action blocking	1		Create action	1543862953173	1543862953458	OK	 
REQUEST	Invoke one action blocking	1		Warm containers up	1543862953583	1543862953731	OK	 
REQUEST	Invoke one action blocking	8		Warm containers up	1543862953580	1543862953782	OK	 
REQUEST	Invoke one action blocking	1		Warm containers up	1543862953740	1543862953834	OK	 
REQUEST	Invoke one action blocking	10		Warm containers up	1543862953582	1543862953852	OK	 
REQUEST	Invoke one action blocking	1		Warm containers up	1543862953837	1543862953874	OK	 
REQUEST	Invoke one action blocking	10		Warm containers up	1543862953854	1543862953883	OK	 
REQUEST	Invoke one action blocking	1		Warm containers up	1543862953876	1543862953894	OK	 
REQUEST	Invoke one action blocking	10		Warm containers up	1543862953884	1543862953903	OK	 
REQUEST	Invoke one action blocking	1		Warm containers up	1543862953896	1543862953912	OK	 
REQUEST	Invoke one action blocking	10		Warm containers up	1543862953905	1543862953937	OK	 
REQUEST	Invoke one action blocking	10		Warm containers up	1543862953938	1543862953960	OK	 
REQUEST	Invoke one action blocking	10		Warm containers up	1543862953961	1543862953978	OK	 
REQUEST	Invoke one action blocking	10		Warm containers up	1543862953979	1543862953998	OK	 
REQUEST	Invoke one action blocking	10		Warm containers up	1543862953999	1543862954014	OK	 
REQUEST	Invoke one action blocking	10		Warm containers up	1543862954015	1543862954037	OK	 
REQUEST	Invoke one action blocking	10		Warm containers up	1543862954038	1543862954060	OK	 
REQUEST	Invoke one action blocking	10		Warm containers up	1543862954061	1543862954077	OK	 
REQUEST	Invoke one action blocking	10		Warm containers up	1543862954078	1543862954094	OK	 
REQUEST	Invoke one action blocking	10		Warm containers up	1543862954095	1543862954119	OK	 
REQUEST	Invoke one action blocking	10		Warm containers up	1543862954120	1543862954136	OK	 
REQUEST	Invoke one action blocking	10		Warm containers up	1543862954137	1543862954153	OK	 
REQUEST	Invoke one action blocking	10		Warm containers up	1543862954154	1543862954173	OK	 
REQUEST	Invoke one action blocking	10		Warm containers up	1543862954174	1543862954193	OK	 
REQUEST	Invoke one action blocking	10		Warm containers up	1543862954194	1543862954217	OK	 
REQUEST	Invoke one action blocking	10		Warm containers up	1543862954218	1543862954240	OK	 
REQUEST	Invoke one action blocking	10		Warm containers up	1543862954241	1543862954258	OK	 
REQUEST	Invoke one action blocking	10		Warm containers up	1543862954259	1543862954278	OK	 
REQUEST	Invoke one action blocking	10		Warm containers up	1543862954279	1543862954300	OK	 
REQUEST	Invoke one action blocking	10		Warm containers up	1543862954301	1543862954315	OK	 
REQUEST	Invoke one action blocking	10		Warm containers up	1543862954316	1543862954335	OK	 
REQUEST	Invoke one action blocking	10		Warm containers up	1543862954336	1543862954351	OK	 
REQUEST	Invoke one action blocking	10		Warm containers up	1543862954352	1543862954379	OK	 
REQUEST	Invoke one action blocking	10		Warm containers up	1543862954380	1543862954394	OK	 
REQUEST	Invoke one action blocking	7		Warm containers up	1543862953579	1543862954870	OK	 
REQUEST	Invoke one action blocking	8		Warm containers up	1543862953783	1543862954879	OK	 
REQUEST	Invoke one action blocking	1		Warm containers up	1543862953913	1543862954960	OK	 
REQUEST	Invoke one action blocking	10		Warm containers up	1543862954395	1543862955449	OK	 
REQUEST	Invoke one action blocking	9		Warm containers up	1543862953581	1543862958438	OK	 
REQUEST	Invoke one action blocking	10		Warm containers up	1543862955450	1543862958450	OK	 
REQUEST	Invoke one action blocking	9		Warm containers up	1543862958439	1543862958455	OK	 
REQUEST	Invoke one action blocking	10		Warm containers up	1543862958451	1543862958473	OK	 
REQUEST	Invoke one action blocking	9		Warm containers up	1543862958456	1543862958484	OK	 
REQUEST	Invoke one action blocking	10		Warm containers up	1543862958474	1543862958498	OK	 
REQUEST	Invoke one action blocking	10		Warm containers up	1543862958499	1543862958522	OK	 
REQUEST	Invoke one action blocking	10		Warm containers up	1543862958523	1543862958544	OK	 
REQUEST	Invoke one action blocking	10		Warm containers up	1543862958545	1543862958595	OK	 
REQUEST	Invoke one action blocking	3		Warm containers up	1543862953553	1543862959029	OK	 
REQUEST	Invoke one action blocking	1		Warm containers up	1543862954961	1543862959461	OK	 
REQUEST	Invoke one action blocking	9		Warm containers up	1543862958485	1543862959550	OK	 
REQUEST	Invoke one action blocking	5		Warm containers up	1543862953562	1543862959950	OK	 
REQUEST	Invoke one action blocking	6		Warm containers up	1543862953570	1543862960846	OK	 
REQUEST	Invoke one action blocking	4		Warm containers up	1543862953561	1543862961203	OK	 
REQUEST	Invoke one action blocking	2		Warm containers up	1543862953551	1543862963151	OK	 
REQUEST	Invoke one action blocking	7		Warm containers up	1543862954871	1543862963419	OK	 
REQUEST	Invoke one action blocking	8		Warm containers up	1543862954880	1543862964383	OK	 
REQUEST	Invoke one action blocking	7		Invoke action	1543862964391	1543862964402	KO	status.find.in(200,304,201,202,203,204,205,206,207,208,209), but actually found 429
REQUEST	Invoke one action blocking	4		Invoke action	1543862964388	1543862964394	KO	status.find.in(200,304,201,202,203,204,205,206,207,208,209), but actually found 429
REQUEST	Invoke one action blocking	6		Invoke action	1543862964387	1543862964391	KO	status.find.in(200,304,201,202,203,204,205,206,207,208,209), but actually found 429
REQUEST	Invoke one action blocking	5		Invoke action	1543862964386	1543862964433	OK	 
REQUEST	Invoke one action blocking	2		Invoke action	1543862964390	1543862964410	KO	status.find.in(200,304,201,202,203,204,205,206,207,208,209), but actually found 429
REQUEST	Invoke one action blocking	10		Invoke action	1543862964384	1543862964443	OK	 
REQUEST	Invoke one action blocking	2		Invoke action	1543862964442	1543862964450	KO	status.find.in(200,304,201,202,203,204,205,206,207,208,209), but actually found 429
REQUEST	Invoke one action blocking	6		Invoke action	1543862964441	1543862964450	KO	status.find.in(200,304,201,202,203,204,205,206,207,208,209), but actually found 429
REQUEST	Invoke one action blocking	10		Invoke action	1543862964443	1543862964452	KO	status.find.in(200,304,201,202,203,204,205,206,207,208,209), but actually found 429
REQUEST	Invoke one action blocking	5		Invoke action	1543862964440	1543862964443	KO	status.find.in(200,304,201,202,203,204,205,206,207,208,209), but actually found 429
REQUEST	Invoke one action blocking	8		Invoke action	1543862964392	1543862964401	KO	status.find.in(200,304,201,202,203,204,205,206,207,208,209), but actually found 429
REQUEST	Invoke one action blocking	5		Invoke action	1543862964462	1543862964469	KO	status.find.in(200,304,201,202,203,204,205,206,207,208,209), but actually found 429
REQUEST	Invoke one action blocking	7		Invoke action	1543862964459	1543862964463	KO	status.find.in(200,304,201,202,203,204,205,206,207,208,209), but actually found 429
REQUEST	Invoke one action blocking	6		Invoke action	1543862964462	1543862964472	KO	status.find.in(200,304,201,202,203,204,205,206,207,208,209), but actually found 429
REQUEST	Invoke one action blocking	5		Invoke action	1543862964471	1543862964479	KO	status.find.in(200,304,201,202,203,204,205,206,207,208,209), but actually found 429
REQUEST	Invoke one action blocking	4		Invoke action	1543862964459	1543862964472	KO	status.find.in(200,304,201,202,203,204,205,206,207,208,209), but actually found 429
REQUEST	Invoke one action blocking	8		Invoke action	1543862964469	1543862964473	KO	status.find.in(200,304,201,202,203,204,205,206,207,208,209), but actually found 429
REQUEST	Invoke one action blocking	5		Invoke action	1543862964482	1543862964489	KO	status.find.in(200,304,201,202,203,204,205,206,207,208,209), but actually found 429
REQUEST	Invoke one action blocking	2		Invoke action	1543862964451	1543862964483	KO	status.find.in(200,304,201,202,203,204,205,206,207,208,209), but actually found 429
REQUEST	Invoke one action blocking	10		Invoke action	1543862964461	1543862964493	KO	status.find.in(200,304,201,202,203,204,205,206,207,208,209), but actually found 429
REQUEST	Invoke one action blocking	5		Invoke action	1543862964491	1543862964499	KO	status.find.in(200,304,201,202,203,204,205,206,207,208,209), but actually found 429
REQUEST	Invoke one action blocking	6		Invoke action	1543862964481	1543862964501	KO	status.find.in(200,304,201,202,203,204,205,206,207,208,209), but actually found 429
REQUEST	Invoke one action blocking	8		Invoke action	1543862964490	1543862964499	KO	status.find.in(200,304,201,202,203,204,205,206,207,208,209), but actually found 429
REQUEST	Invoke one action blocking	3		Invoke action	1543862964384	1543862964510	OK	 
REQUEST	Invoke one action blocking	5		Invoke action	1543862964501	1543862964512	KO	status.find.in(200,304,201,202,203,204,205,206,207,208,209), but actually found 429
REQUEST	Invoke one action blocking	3		Invoke action	1543862964510	1543862964519	KO	status.find.in(200,304,201,202,203,204,205,206,207,208,209), but actually found 429
REQUEST	Invoke one action blocking	4		Invoke action	1543862964482	1543862964492	KO	status.find.in(200,304,201,202,203,204,205,206,207,208,209), but actually found 429
REQUEST	Invoke one action blocking	7		Invoke action	1543862964481	1543862964503	KO	status.find.in(200,304,201,202,203,204,205,206,207,208,209), but actually found 429
REQUEST	Invoke one action blocking	1		Invoke action	1543862964385	1543862964532	OK	 
REQUEST	Invoke one action blocking	2		Invoke action	1543862964492	1543862964532	KO	status.find.in(200,304,201,202,203,204,205,206,207,208,209), but actually found 429
REQUEST	Invoke one action blocking	8		Invoke action	1543862964511	1543862964539	KO	status.find.in(200,304,201,202,203,204,205,206,207,208,209), but actually found 429
REQUEST	Invoke one action blocking	6		Invoke action	1543862964512	1543862964519	KO	status.find.in(200,304,201,202,203,204,205,206,207,208,209), but actually found 429
REQUEST	Invoke one action blocking	7		Invoke action	1543862964531	1543862964541	KO	status.find.in(200,304,201,202,203,204,205,206,207,208,209), but actually found 429
REQUEST	Invoke one action blocking	3		Invoke action	1543862964522	1543862964541	KO	status.find.in(200,304,201,202,203,204,205,206,207,208,209), but actually found 429
REQUEST	Invoke one action blocking	5		Invoke action	1543862964521	1543862964543	KO	status.find.in(200,304,201,202,203,204,205,206,207,208,209), but actually found 429
REQUEST	Invoke one action blocking	6		Invoke action	1543862964549	1543862964553	KO	status.find.in(200,304,201,202,203,204,205,206,207,208,209), but actually found 429
REQUEST	Invoke one action blocking	5		Invoke action	1543862964561	1543862964569	KO	status.find.in(200,304,201,202,203,204,205,206,207,208,209), but actually found 429
REQUEST	Invoke one action blocking	3		Invoke action	1543862964543	1543862964563	KO	status.find.in(200,304,201,202,203,204,205,206,207,208,209), but actually found 429
REQUEST	Invoke one action blocking	7		Invoke action	1543862964550	1543862964571	KO	status.find.in(200,304,201,202,203,204,205,206,207,208,209), but actually found 429
REQUEST	Invoke one action blocking	6		Invoke action	1543862964560	1543862964571	KO	status.find.in(200,304,201,202,203,204,205,206,207,208,209), but actually found 429
REQUEST	Invoke one action blocking	3		Invoke action	1543862964572	1543862964581	KO	status.find.in(200,304,201,202,203,204,205,206,207,208,209), but actually found 429
REQUEST	Invoke one action blocking	10		Invoke action	1543862964513	1543862964580	KO	status.find.in(200,304,201,202,203,204,205,206,207,208,209), but actually found 429
REQUEST	Invoke one action blocking	4		Invoke action	1543862964530	1543862964543	KO	status.find.in(200,304,201,202,203,204,205,206,207,208,209), but actually found 429
REQUEST	Invoke one action blocking	7		Invoke action	1543862964572	1543862964590	KO	status.find.in(200,304,201,202,203,204,205,206,207,208,209), but actually found 429
REQUEST	Invoke one action blocking	2		Invoke action	1543862964579	1543862964590	KO	status.find.in(200,304,201,202,203,204,205,206,207,208,209), but actually found 429
REQUEST	Invoke one action blocking	5		Invoke action	1543862964571	1543862964591	KO	status.find.in(200,304,201,202,203,204,205,206,207,208,209), but actually found 429
REQUEST	Invoke one action blocking	1		Invoke action	1543862964540	1543862964573	KO	status.find.in(200,304,201,202,203,204,205,206,207,208,209), but actually found 429
REQUEST	Invoke one action blocking	6		Invoke action	1543862964573	1543862964601	KO	status.find.in(200,304,201,202,203,204,205,206,207,208,209), but actually found 429
REQUEST	Invoke one action blocking	10		Invoke action	1543862964590	1543862964593	KO	status.find.in(200,304,201,202,203,204,205,206,207,208,209), but actually found 429
REQUEST	Invoke one action blocking	6		Invoke action	1543862964602	1543862964610	KO	status.find.in(200,304,201,202,203,204,205,206,207,208,209), but actually found 429
REQUEST	Invoke one action blocking	7		Invoke action	1543862964592	1543862964610	KO	status.find.in(200,304,201,202,203,204,205,206,207,208,209), but actually found 429
REQUEST	Invoke one action blocking	3		Invoke action	1543862964589	1543862964611	KO	status.find.in(200,304,201,202,203,204,205,206,207,208,209), but actually found 429
REQUEST	Invoke one action blocking	2		Invoke action	1543862964592	1543862964611	KO	status.find.in(200,304,201,202,203,204,205,206,207,208,209), but actually found 429
REQUEST	Invoke one action blocking	5		Invoke action	1543862964600	1543862964602	KO	status.find.in(200,304,201,202,203,204,205,206,207,208,209), but actually found 429
REQUEST	Invoke one action blocking	6		Invoke action	1543862964619	1543862964622	KO	status.find.in(200,304,201,202,203,204,205,206,207,208,209), but actually found 429
REQUEST	Invoke one action blocking	8		Invoke action	1543862964541	1543862964552	KO	status.find.in(200,304,201,202,203,204,205,206,207,208,209), but actually found 429
REQUEST	Invoke one action blocking	5		Invoke action	1543862964621	1543862964630	KO	status.find.in(200,304,201,202,203,204,205,206,207,208,209), but actually found 429
REQUEST	Invoke one action blocking	6		Invoke action	1543862964623	1543862964632	KO	status.find.in(200,304,201,202,203,204,205,206,207,208,209), but actually found 429
REQUEST	Invoke one action blocking	3		Invoke action	1543862964612	1543862964632	KO	status.find.in(200,304,201,202,203,204,205,206,207,208,209), but actually found 429
REQUEST	Invoke one action blocking	1		Invoke action	1543862964600	1543862964602	KO	status.find.in(200,304,201,202,203,204,205,206,207,208,209), but actually found 429
REQUEST	Invoke one action blocking	5		Invoke action	1543862964632	1543862964652	KO	status.find.in(200,304,201,202,203,204,205,206,207,208,209), but actually found 429
REQUEST	Invoke one action blocking	8		Invoke action	1543862964630	1543862964642	KO	status.find.in(200,304,201,202,203,204,205,206,207,208,209), but actually found 429
REQUEST	Invoke one action blocking	2		Invoke action	1543862964613	1543862964630	KO	status.find.in(200,304,201,202,203,204,205,206,207,208,209), but actually found 429
REQUEST	Invoke one action blocking	4		Invoke action	1543862964592	1543862964689	KO	status.find.in(200,304,201,202,203,204,205,206,207,208,209), but actually found 429
REQUEST	Invoke one action blocking	10		Invoke action	1543862964611	1543862964690	KO	status.find.in(200,304,201,202,203,204,205,206,207,208,209), but actually found 429
REQUEST	Invoke one action blocking	3		Invoke action	1543862964653	1543862964661	KO	status.find.in(200,304,201,202,203,204,205,206,207,208,209), but actually found 429
REQUEST	Invoke one action blocking	1		Invoke action	1543862964653	1543862964670	KO	status.find.in(200,304,201,202,203,204,205,206,207,208,209), but actually found 429
REQUEST	Invoke one action blocking	7		Invoke action	1543862964613	1543862964650	KO	status.find.in(200,304,201,202,203,204,205,206,207,208,209), but actually found 429
REQUEST	Invoke one action blocking	5		Invoke action	1543862964671	1543862964679	KO	status.find.in(200,304,201,202,203,204,205,206,207,208,209), but actually found 429
REQUEST	Invoke one action blocking	8		Invoke action	1543862964690	1543862964700	KO	status.find.in(200,304,201,202,203,204,205,206,207,208,209), but actually found 429
REQUEST	Invoke one action blocking	6		Invoke action	1543862964651	1543862964662	KO	status.find.in(200,304,201,202,203,204,205,206,207,208,209), but actually found 429
REQUEST	Invoke one action blocking	4		Invoke action	1543862964701	1543862964703	KO	status.find.in(200,304,201,202,203,204,205,206,207,208,209), but actually found 429
REQUEST	Invoke one action blocking	10		Invoke action	1543862964712	1543862964731	KO	status.find.in(200,304,201,202,203,204,205,206,207,208,209), but actually found 429
REQUEST	Invoke one action blocking	7		Invoke action	1543862964729	1543862964732	KO	status.find.in(200,304,201,202,203,204,205,206,207,208,209), but actually found 429
REQUEST	Invoke one action blocking	3		Invoke action	1543862964722	1543862964733	KO	status.find.in(200,304,201,202,203,204,205,206,207,208,209), but actually found 429
REQUEST	Invoke one action blocking	6		Invoke action	1543862964743	1543862964760	KO	status.find.in(200,304,201,202,203,204,205,206,207,208,209), but actually found 429
REQUEST	Invoke one action blocking	5		Invoke action	1543862964751	1543862964762	KO	status.find.in(200,304,201,202,203,204,205,206,207,208,209), but actually found 429
REQUEST	Invoke one action blocking	8		Invoke action	1543862964743	1543862964762	KO	status.find.in(200,304,201,202,203,204,205,206,207,208,209), but actually found 429
REQUEST	Invoke one action blocking	1		Invoke action	1543862964730	1543862964760	KO	status.find.in(200,304,201,202,203,204,205,206,207,208,209), but actually found 429
REQUEST	Invoke one action blocking	2		Invoke action	1543862964690	1543862964782	KO	status.find.in(200,304,201,202,203,204,205,206,207,208,209), but actually found 429
REQUEST	Invoke one action blocking	3		Invoke action	1543862964792	1543862964802	KO	status.find.in(200,304,201,202,203,204,205,206,207,208,209), but actually found 429
REQUEST	Invoke one action blocking	7		Invoke action	1543862964790	1543862964802	KO	status.find.in(200,304,201,202,203,204,205,206,207,208,209), but actually found 429
REQUEST	Invoke one action blocking	6		Invoke action	1543862964820	1543862964829	KO	status.find.in(200,304,201,202,203,204,205,206,207,208,209), but actually found 429
REQUEST	Invoke one action blocking	4		Invoke action	1543862964750	1543862964763	KO	status.find.in(200,304,201,202,203,204,205,206,207,208,209), but actually found 429
REQUEST	Invoke one action blocking	5		Invoke action	1543862964819	1543862964831	KO	status.find.in(200,304,201,202,203,204,205,206,207,208,209), but actually found 429
REQUEST	Invoke one action blocking	8		Invoke action	1543862964821	1543862964833	KO	status.find.in(200,304,201,202,203,204,205,206,207,208,209), but actually found 429
REQUEST	Invoke one action blocking	2		Invoke action	1543862964843	1543862964850	KO	status.find.in(200,304,201,202,203,204,205,206,207,208,209), but actually found 429
REQUEST	Invoke one action blocking	3		Invoke action	1543862964851	1543862964860	KO	status.find.in(200,304,201,202,203,204,205,206,207,208,209), but actually found 429
REQUEST	Invoke one action blocking	10		Invoke action	1543862964791	1543862964881	KO	status.find.in(200,304,201,202,203,204,205,206,207,208,209), but actually found 429
REQUEST	Invoke one action blocking	6		Invoke action	1543862964852	1543862964863	KO	status.find.in(200,304,201,202,203,204,205,206,207,208,209), but actually found 429
REQUEST	Invoke one action blocking	7		Invoke action	1543862964852	1543862964859	KO	status.find.in(200,304,201,202,203,204,205,206,207,208,209), but actually found 429
REQUEST	Invoke one action blocking	1		Invoke action	1543862964849	1543862964854	KO	status.find.in(200,304,201,202,203,204,205,206,207,208,209), but actually found 429
REQUEST	Invoke one action blocking	4		Invoke action	1543862964871	1543862964874	KO	status.find.in(200,304,201,202,203,204,205,206,207,208,209), but actually found 429
REQUEST	Invoke one action blocking	2		Invoke action	1543862964880	1543862964883	KO	status.find.in(200,304,201,202,203,204,205,206,207,208,209), but actually found 429
REQUEST	Invoke one action blocking	5		Invoke action	1543862964871	1543862964879	KO	status.find.in(200,304,201,202,203,204,205,206,207,208,209), but actually found 429
REQUEST	Invoke one action blocking	10		Invoke action	1543862964882	1543862964912	KO	status.find.in(200,304,201,202,203,204,205,206,207,208,209), but actually found 429
REQUEST	Invoke one action blocking	7		Invoke action	1543862964890	1543862964892	KO	status.find.in(200,304,201,202,203,204,205,206,207,208,209), but actually found 429
REQUEST	Invoke one action blocking	8		Invoke action	1543862964871	1543862964919	KO	status.find.in(200,304,201,202,203,204,205,206,207,208,209), but actually found 429
REQUEST	Invoke one action blocking	1		Invoke action	1543862964891	1543862964895	KO	status.find.in(200,304,201,202,203,204,205,206,207,208,209), but actually found 429
REQUEST	Invoke one action blocking	3		Invoke action	1543862964894	1543862964901	KO	status.find.in(200,304,201,202,203,204,205,206,207,208,209), but actually found 429
REQUEST	Invoke one action blocking	6		Invoke action	1543862964882	1543862964892	KO	status.find.in(200,304,201,202,203,204,205,206,207,208,209), but actually found 429
REQUEST	Invoke one action blocking	4		Invoke action	1543862964911	1543862964921	KO	status.find.in(200,304,201,202,203,204,205,206,207,208,209), but actually found 429
REQUEST	Invoke one action blocking	3		Invoke action	1543862964942	1543862964949	KO	status.find.in(200,304,201,202,203,204,205,206,207,208,209), but actually found 429
REQUEST	Invoke one action blocking	7		Invoke action	1543862964921	1543862964930	KO	status.find.in(200,304,201,202,203,204,205,206,207,208,209), but actually found 429
REQUEST	Invoke one action blocking	2		Invoke action	1543862964910	1543862964923	KO	status.find.in(200,304,201,202,203,204,205,206,207,208,209), but actually found 429
REQUEST	Invoke one action blocking	10		Invoke action	1543862964921	1543862964991	KO	status.find.in(200,304,201,202,203,204,205,206,207,208,209), but actually found 429
REQUEST	Invoke one action blocking	5		Invoke action	1543862964911	1543862964929	KO	status.find.in(200,304,201,202,203,204,205,206,207,208,209), but actually found 429
REQUEST	Invoke one action blocking	8		Invoke action	1543862964921	1543862964940	KO	status.find.in(200,304,201,202,203,204,205,206,207,208,209), but actually found 429
REQUEST	Invoke one action blocking	4		Invoke action	1543862964951	1543862964959	KO	status.find.in(200,304,201,202,203,204,205,206,207,208,209), but actually found 429
REQUEST	Invoke one action blocking	1		Invoke action	1543862964942	1543862964960	KO	status.find.in(200,304,201,202,203,204,205,206,207,208,209), but actually found 429
REQUEST	Invoke one action blocking	10		Invoke action	1543862964993	1543862965010	KO	status.find.in(200,304,201,202,203,204,205,206,207,208,209), but actually found 429
REQUEST	Invoke one action blocking	5		Invoke action	1543862965000	1543862965009	KO	status.find.in(200,304,201,202,203,204,205,206,207,208,209), but actually found 429
REQUEST	Invoke one action blocking	7		Invoke action	1543862964973	1543862964983	KO	status.find.in(200,304,201,202,203,204,205,206,207,208,209), but actually found 429
REQUEST	Invoke one action blocking	3		Invoke action	1543862964979	1543862964982	KO	status.find.in(200,304,201,202,203,204,205,206,207,208,209), but actually found 429
REQUEST	Invoke one action blocking	6		Invoke action	1543862964951	1543862964961	KO	status.find.in(200,304,201,202,203,204,205,206,207,208,209), but actually found 429
REQUEST	Invoke one action blocking	1		Invoke action	1543862965031	1543862965040	KO	status.find.in(200,304,201,202,203,204,205,206,207,208,209), but actually found 429
REQUEST	Invoke one action blocking	6		Invoke action	1543862965062	1543862965069	KO	status.find.in(200,304,201,202,203,204,205,206,207,208,209), but actually found 429
REQUEST	Invoke one action blocking	2		Invoke action	1543862964990	1543862965069	KO	status.find.in(200,304,201,202,203,204,205,206,207,208,209), but actually found 429
REQUEST	Invoke one action blocking	7		Invoke action	1543862965044	1543862965072	KO	status.find.in(200,304,201,202,203,204,205,206,207,208,209), but actually found 429
REQUEST	Invoke one action blocking	2		Invoke action	1543862965071	1543862965079	KO	status.find.in(200,304,201,202,203,204,205,206,207,208,209), but actually found 429
REQUEST	Invoke one action blocking	6		Invoke action	1543862965071	1543862965079	KO	status.find.in(200,304,201,202,203,204,205,206,207,208,209), but actually found 429
REQUEST	Invoke one action blocking	10		Invoke action	1543862965043	1543862965081	KO	status.find.in(200,304,201,202,203,204,205,206,207,208,209), but actually found 429
REQUEST	Invoke one action blocking	3		Invoke action	1543862965049	1543862965052	KO	status.find.in(200,304,201,202,203,204,205,206,207,208,209), but actually found 429
REQUEST	Invoke one action blocking	10		Invoke action	1543862965082	1543862965089	KO	status.find.in(200,304,201,202,203,204,205,206,207,208,209), but actually found 429
REQUEST	Invoke one action blocking	7		Invoke action	1543862965082	1543862965089	KO	status.find.in(200,304,201,202,203,204,205,206,207,208,209), but actually found 429
REQUEST	Invoke one action blocking	2		Invoke action	1543862965081	1543862965091	KO	status.find.in(200,304,201,202,203,204,205,206,207,208,209), but actually found 429
REQUEST	Invoke one action blocking	5		Invoke action	1543862965042	1543862965092	KO	status.find.in(200,304,201,202,203,204,205,206,207,208,209), but actually found 429
REQUEST	Invoke one action blocking	6		Invoke action	1543862965081	1543862965090	KO	status.find.in(200,304,201,202,203,204,205,206,207,208,209), but actually found 429
REQUEST	Invoke one action blocking	2		Invoke action	1543862965092	1543862965099	KO	status.find.in(200,304,201,202,203,204,205,206,207,208,209), but actually found 429
REQUEST	Invoke one action blocking	7		Invoke action	1543862965092	1543862965100	KO	status.find.in(200,304,201,202,203,204,205,206,207,208,209), but actually found 429
REQUEST	Invoke one action blocking	8		Invoke action	1543862965030	1543862965033	KO	status.find.in(200,304,201,202,203,204,205,206,207,208,209), but actually found 429
REQUEST	Invoke one action blocking	4		Invoke action	1543862965029	1543862965040	KO	status.find.in(200,304,201,202,203,204,205,206,207,208,209), but actually found 429
REQUEST	Invoke one action blocking	3		Invoke action	1543862965099	1543862965101	KO	status.find.in(200,304,201,202,203,204,205,206,207,208,209), but actually found 429
REQUEST	Invoke one action blocking	10		Invoke action	1543862965091	1543862965102	KO	status.find.in(200,304,201,202,203,204,205,206,207,208,209), but actually found 429
REQUEST	Invoke one action blocking	5		Invoke action	1543862965102	1543862965109	KO	status.find.in(200,304,201,202,203,204,205,206,207,208,209), but actually found 429
REQUEST	Invoke one action blocking	7		Invoke action	1543862965101	1543862965109	KO	status.find.in(200,304,201,202,203,204,205,206,207,208,209), but actually found 429
REQUEST	Invoke one action blocking	6		Invoke action	1543862965100	1543862965111	KO	status.find.in(200,304,201,202,203,204,205,206,207,208,209), but actually found 429
REQUEST	Invoke one action blocking	4		Invoke action	1543862965109	1543862965112	KO	status.find.in(200,304,201,202,203,204,205,206,207,208,209), but actually found 429
REQUEST	Invoke one action blocking	8		Invoke action	1543862965103	1543862965120	KO	status.find.in(200,304,201,202,203,204,205,206,207,208,209), but actually found 429
REQUEST	Invoke one action blocking	10		Invoke action	1543862965110	1543862965129	KO	status.find.in(200,304,201,202,203,204,205,206,207,208,209), but actually found 429
REQUEST	Invoke one action blocking	5		Invoke action	1543862965111	1543862965141	KO	status.find.in(200,304,201,202,203,204,205,206,207,208,209), but actually found 429
REQUEST	Invoke one action blocking	4		Invoke action	1543862965130	1543862965140	KO	status.find.in(200,304,201,202,203,204,205,206,207,208,209), but actually found 429
REQUEST	Invoke one action blocking	2		Invoke action	1543862965101	1543862965132	KO	status.find.in(200,304,201,202,203,204,205,206,207,208,209), but actually found 429
REQUEST	Invoke one action blocking	6		Invoke action	1543862965113	1543862965151	KO	status.find.in(200,304,201,202,203,204,205,206,207,208,209), but actually found 429
REQUEST	Invoke one action blocking	5		Invoke action	1543862965149	1543862965153	KO	status.find.in(200,304,201,202,203,204,205,206,207,208,209), but actually found 429
REQUEST	Invoke one action blocking	3		Invoke action	1543862965142	1543862965159	KO	status.find.in(200,304,201,202,203,204,205,206,207,208,209), but actually found 429
REQUEST	Invoke one action blocking	6		Invoke action	1543862965153	1543862965161	KO	status.find.in(200,304,201,202,203,204,205,206,207,208,209), but actually found 429
REQUEST	Invoke one action blocking	3		Invoke action	1543862965161	1543862965169	KO	status.find.in(200,304,201,202,203,204,205,206,207,208,209), but actually found 429
REQUEST	Invoke one action blocking	4		Invoke action	1543862965151	1543862965169	KO	status.find.in(200,304,201,202,203,204,205,206,207,208,209), but actually found 429
REQUEST	Invoke one action blocking	2		Invoke action	1543862965150	1543862965161	KO	status.find.in(200,304,201,202,203,204,205,206,207,208,209), but actually found 429
REQUEST	Invoke one action blocking	1		Invoke action	1543862965064	1543862965123	KO	status.find.in(200,304,201,202,203,204,205,206,207,208,209), but actually found 429
REQUEST	Invoke one action blocking	4		Invoke action	1543862965173	1543862965189	KO	status.find.in(200,304,201,202,203,204,205,206,207,208,209), but actually found 429
REQUEST	Invoke one action blocking	3		Invoke action	1543862965172	1543862965180	KO	status.find.in(200,304,201,202,203,204,205,206,207,208,209), but actually found 429
REQUEST	Invoke one action blocking	5		Invoke action	1543862965160	1543862965170	KO	status.find.in(200,304,201,202,203,204,205,206,207,208,209), but actually found 429
REQUEST	Invoke one action blocking	6		Invoke action	1543862965163	1543862965181	KO	status.find.in(200,304,201,202,203,204,205,206,207,208,209), but actually found 429
REQUEST	Invoke one action blocking	7		Invoke action	1543862965113	1543862965181	KO	status.find.in(200,304,201,202,203,204,205,206,207,208,209), but actually found 429
REQUEST	Invoke one action blocking	1		Invoke action	1543862965192	1543862965210	KO	status.find.in(200,304,201,202,203,204,205,206,207,208,209), but actually found 429
REQUEST	Invoke one action blocking	8		Invoke action	1543862965130	1543862965171	KO	status.find.in(200,304,201,202,203,204,205,206,207,208,209), but actually found 429
REQUEST	Invoke one action blocking	10		Invoke action	1543862965140	1543862965190	KO	status.find.in(200,304,201,202,203,204,205,206,207,208,209), but actually found 429
REQUEST	Invoke one action blocking	7		Invoke action	1543862965202	1543862965219	KO	status.find.in(200,304,201,202,203,204,205,206,207,208,209), but actually found 429
REQUEST	Invoke one action blocking	10		Invoke action	1543862965295	1543862965303	KO	status.find.in(200,304,201,202,203,204,205,206,207,208,209), but actually found 429
REQUEST	Invoke one action blocking	3		Invoke action	1543862965193	1543862965203	KO	status.find.in(200,304,201,202,203,204,205,206,207,208,209), but actually found 429
REQUEST	Invoke one action blocking	1		Invoke action	1543862965212	1543862965321	KO	status.find.in(200,304,201,202,203,204,205,206,207,208,209), but actually found 429
REQUEST	Invoke one action blocking	4		Invoke action	1543862965200	1543862965330	KO	status.find.in(200,304,201,202,203,204,205,206,207,208,209), but actually found 429
REQUEST	Invoke one action blocking	1		Invoke action	1543862965329	1543862965332	KO	status.find.in(200,304,201,202,203,204,205,206,207,208,209), but actually found 429
REQUEST	Invoke one action blocking	3		Invoke action	1543862965321	1543862965330	KO	status.find.in(200,304,201,202,203,204,205,206,207,208,209), but actually found 429
REQUEST	Invoke one action blocking	2		Invoke action	1543862965191	1543862965312	KO	status.find.in(200,304,201,202,203,204,205,206,207,208,209), but actually found 429
REQUEST	Invoke one action blocking	7		Invoke action	1543862965300	1543862965341	KO	status.find.in(200,304,201,202,203,204,205,206,207,208,209), but actually found 429
REQUEST	Invoke one action blocking	1		Invoke action	1543862965343	1543862965352	KO	status.find.in(200,304,201,202,203,204,205,206,207,208,209), but actually found 429
REQUEST	Invoke one action blocking	4		Invoke action	1543862965331	1543862965333	KO	status.find.in(200,304,201,202,203,204,205,206,207,208,209), but actually found 429
REQUEST	Invoke one action blocking	2		Invoke action	1543862965342	1543862965351	KO	status.find.in(200,304,201,202,203,204,205,206,207,208,209), but actually found 429
REQUEST	Invoke one action blocking	6		Invoke action	1543862965202	1543862965294	KO	status.find.in(200,304,201,202,203,204,205,206,207,208,209), but actually found 429
REQUEST	Invoke one action blocking	10		Invoke action	1543862965312	1543862965360	KO	status.find.in(200,304,201,202,203,204,205,206,207,208,209), but actually found 429
REQUEST	Invoke one action blocking	5		Invoke action	1543862965199	1543862965362	KO	status.find.in(200,304,201,202,203,204,205,206,207,208,209), but actually found 429
REQUEST	Invoke one action blocking	6		Invoke action	1543862965361	1543862965371	KO	status.find.in(200,304,201,202,203,204,205,206,207,208,209), but actually found 429
REQUEST	Invoke one action blocking	8		Invoke action	1543862965211	1543862965323	KO	status.find.in(200,304,201,202,203,204,205,206,207,208,209), but actually found 429
REQUEST	Invoke one action blocking	8		Invoke action	1543862965373	1543862965382	KO	status.find.in(200,304,201,202,203,204,205,206,207,208,209), but actually found 429
REQUEST	Invoke one action blocking	6		Invoke action	1543862965372	1543862965389	KO	status.find.in(200,304,201,202,203,204,205,206,207,208,209), but actually found 429
REQUEST	Invoke one action blocking	3		Invoke action	1543862965341	1543862965350	KO	status.find.in(200,304,201,202,203,204,205,206,207,208,209), but actually found 429
REQUEST	Invoke one action blocking	5		Invoke action	1543862965391	1543862965399	KO	status.find.in(200,304,201,202,203,204,205,206,207,208,209), but actually found 429
REQUEST	Invoke one action blocking	4		Invoke action	1543862965361	1543862965400	KO	status.find.in(200,304,201,202,203,204,205,206,207,208,209), but actually found 429
REQUEST	Invoke one action blocking	8		Invoke action	1543862965383	1543862965402	KO	status.find.in(200,304,201,202,203,204,205,206,207,208,209), but actually found 429
REQUEST	Invoke one action blocking	1		Invoke action	1543862965360	1543862965371	KO	status.find.in(200,304,201,202,203,204,205,206,207,208,209), but actually found 429
REQUEST	Invoke one action blocking	7		Invoke action	1543862965342	1543862965422	KO	status.find.in(200,304,201,202,203,204,205,206,207,208,209), but actually found 429
REQUEST	Invoke one action blocking	10		Invoke action	1543862965363	1543862965423	KO	status.find.in(200,304,201,202,203,204,205,206,207,208,209), but actually found 429
REQUEST	Invoke one action blocking	2		Invoke action	1543862965361	1543862965442	KO	status.find.in(200,304,201,202,203,204,205,206,207,208,209), but actually found 429
REQUEST	Invoke one action blocking	9		Invoke action	1543862964386	1543862970409	OK	 
USER	Invoke one action blocking	6	END	1543862953219	1543862970413
USER	Invoke one action blocking	3	END	1543862953211	1543862970414
USER	Invoke one action blocking	5	END	1543862953212	1543862970419
USER	Invoke one action blocking	4	END	1543862953212	1543862970420
USER	Invoke one action blocking	8	END	1543862953220	1543862970421
USER	Invoke one action blocking	7	END	1543862953220	1543862970422
USER	Invoke one action blocking	10	END	1543862953222	1543862970423
USER	Invoke one action blocking	2	END	1543862953203	1543862970429
USER	Invoke one action blocking	9	END	1543862953221	1543862970429
REQUEST	Invoke one action blocking	1		Delete action	1543862970421	1543862970626	OK	 
USER	Invoke one action blocking	1	END	1543862952970	1543862970627
