ASSERTION	AAEAAR5XYXJtIHB5dGhvbjpkZWZhdWx0IGludm9jYXRpb24EAAECBwAAAAAAAABZQA==
ASSERTION	AAEAAR5XYXJtIHB5dGhvbjpkZWZhdWx0IGludm9jYXRpb24EAAECBgAAAAAAAABZQA==
ASSERTION	AAEAAR5XYXJtIHB5dGhvbjpkZWZhdWx0IGludm9jYXRpb24BAAIHAAAAAADwafhA
ASSERTION	AAEAAR5XYXJtIHB5dGhvbjpkZWZhdWx0IGludm9jYXRpb24DAAIHAK5H4XoUru8/
RUN	org.apache.openwhisk.LatencySimulation		latencysimulation	1544621208341	 	2.0
USER	Invoke one action after each other to test latency	1	START	1544621209538	1544621209538
REQUEST	Invoke one action after each other to test latency	1		Warm python:default invocation	1544621209642	1544621212464	OK	 
REQUEST	Invoke one action after each other to test latency	1		Warm python:default invocation	1544621212527	1544621215231	OK	 
REQUEST	Invoke one action after each other to test latency	1		Warm python:default invocation	1544621215235	1544621218315	OK	 
REQUEST	Invoke one action after each other to test latency	1		Warm python:default invocation	1544621218318	1544621218871	OK	 
REQUEST	Invoke one action after each other to test latency	1		Warm python:default invocation	1544621218877	1544621219448	OK	 
REQUEST	Invoke one action after each other to test latency	1		Warm python:default invocation	1544621219450	1544621219987	OK	 
REQUEST	Invoke one action after each other to test latency	1		Warm python:default invocation	1544621219990	1544621221589	OK	 
REQUEST	Invoke one action after each other to test latency	1		Warm python:default invocation	1544621221590	1544621224264	OK	 
REQUEST	Invoke one action after each other to test latency	1		Warm python:default invocation	1544621224267	1544621224839	OK	 
REQUEST	Invoke one action after each other to test latency	1		Warm python:default invocation	1544621224841	1544621225396	OK	 
REQUEST	Invoke one action after each other to test latency	1		Warm python:default invocation	1544621225398	1544621225943	OK	 
REQUEST	Invoke one action after each other to test latency	1		Warm python:default invocation	1544621225945	1544621226546	OK	 
REQUEST	Invoke one action after each other to test latency	1		Warm python:default invocation	1544621226547	1544621227093	OK	 
REQUEST	Invoke one action after each other to test latency	1		Warm python:default invocation	1544621227095	1544621227664	OK	 
REQUEST	Invoke one action after each other to test latency	1		Warm python:default invocation	1544621227667	1544621228235	OK	 
REQUEST	Invoke one action after each other to test latency	1		Warm python:default invocation	1544621228238	1544621229350	OK	 
REQUEST	Invoke one action after each other to test latency	1		Warm python:default invocation	1544621229352	1544621231011	OK	 
REQUEST	Invoke one action after each other to test latency	1		Warm python:default invocation	1544621231017	1544621234069	OK	 
REQUEST	Invoke one action after each other to test latency	1		Warm python:default invocation	1544621234071	1544621234696	OK	 
REQUEST	Invoke one action after each other to test latency	1		Warm python:default invocation	1544621234698	1544621235243	OK	 
REQUEST	Invoke one action after each other to test latency	1		Warm python:default invocation	1544621235245	1544621235787	OK	 
REQUEST	Invoke one action after each other to test latency	1		Warm python:default invocation	1544621235788	1544621236304	OK	 
REQUEST	Invoke one action after each other to test latency	1		Warm python:default invocation	1544621236305	1544621236832	OK	 
REQUEST	Invoke one action after each other to test latency	1		Warm python:default invocation	1544621236834	1544621237430	OK	 
REQUEST	Invoke one action after each other to test latency	1		Warm python:default invocation	1544621237431	1544621237993	OK	 
REQUEST	Invoke one action after each other to test latency	1		Warm python:default invocation	1544621237994	1544621238547	OK	 
REQUEST	Invoke one action after each other to test latency	1		Warm python:default invocation	1544621238549	1544621239132	OK	 
REQUEST	Invoke one action after each other to test latency	1		Warm python:default invocation	1544621239135	1544621239730	OK	 
REQUEST	Invoke one action after each other to test latency	1		Warm python:default invocation	1544621239733	1544621240320	OK	 
REQUEST	Invoke one action after each other to test latency	1		Warm python:default invocation	1544621240322	1544621240880	OK	 
REQUEST	Invoke one action after each other to test latency	1		med2 python:default invocation	1544621240882	1544621247240	OK	 
REQUEST	Invoke one action after each other to test latency	1		med2 python:default invocation	1544621247246	1544621249320	OK	 
REQUEST	Invoke one action after each other to test latency	1		med2 python:default invocation	1544621249323	1544621250501	OK	 
REQUEST	Invoke one action after each other to test latency	1		med2 python:default invocation	1544621250503	1544621251748	OK	 
REQUEST	Invoke one action after each other to test latency	1		med2 python:default invocation	1544621251750	1544621252875	OK	 
REQUEST	Invoke one action after each other to test latency	1		med2 python:default invocation	1544621252879	1544621254955	OK	 
REQUEST	Invoke one action after each other to test latency	1		med2 python:default invocation	1544621254959	1544621257881	OK	 
REQUEST	Invoke one action after each other to test latency	1		med2 python:default invocation	1544621257884	1544621258933	OK	 
REQUEST	Invoke one action after each other to test latency	1		med2 python:default invocation	1544621258936	1544621259984	OK	 
REQUEST	Invoke one action after each other to test latency	1		med2 python:default invocation	1544621259985	1544621262050	OK	 
REQUEST	Invoke one action after each other to test latency	1		med2 python:default invocation	1544621262053	1544621265011	OK	 
REQUEST	Invoke one action after each other to test latency	1		med2 python:default invocation	1544621265013	1544621266070	OK	 
REQUEST	Invoke one action after each other to test latency	1		med2 python:default invocation	1544621266073	1544621267141	OK	 
REQUEST	Invoke one action after each other to test latency	1		med2 python:default invocation	1544621267143	1544621270540	OK	 
REQUEST	Invoke one action after each other to test latency	1		med2 python:default invocation	1544621270541	1544621272710	OK	 
REQUEST	Invoke one action after each other to test latency	1		med2 python:default invocation	1544621272712	1544621275764	OK	 
REQUEST	Invoke one action after each other to test latency	1		med2 python:default invocation	1544621275766	1544621276841	OK	 
REQUEST	Invoke one action after each other to test latency	1		med2 python:default invocation	1544621276842	1544621277877	OK	 
REQUEST	Invoke one action after each other to test latency	1		med2 python:default invocation	1544621277879	1544621278962	OK	 
REQUEST	Invoke one action after each other to test latency	1		med2 python:default invocation	1544621278964	1544621280012	OK	 
REQUEST	Invoke one action after each other to test latency	1		med2 python:default invocation	1544621280013	1544621281027	OK	 
REQUEST	Invoke one action after each other to test latency	1		med2 python:default invocation	1544621281029	1544621282070	OK	 
REQUEST	Invoke one action after each other to test latency	1		med2 python:default invocation	1544621282073	1544621283125	OK	 
REQUEST	Invoke one action after each other to test latency	1		med2 python:default invocation	1544621283131	1544621284196	OK	 
REQUEST	Invoke one action after each other to test latency	1		med2 python:default invocation	1544621284197	1544621285270	OK	 
REQUEST	Invoke one action after each other to test latency	1		med2 python:default invocation	1544621285271	1544621286344	OK	 
REQUEST	Invoke one action after each other to test latency	1		med2 python:default invocation	1544621286348	1544621288361	OK	 
REQUEST	Invoke one action after each other to test latency	1		med2 python:default invocation	1544621288363	1544621291357	OK	 
REQUEST	Invoke one action after each other to test latency	1		med2 python:default invocation	1544621291359	1544621292425	OK	 
REQUEST	Invoke one action after each other to test latency	1		med2 python:default invocation	1544621292427	1544621293457	OK	 
REQUEST	Invoke one action after each other to test latency	1		ligh1 python:default invocation	1544621293459	1544621294020	OK	 
REQUEST	Invoke one action after each other to test latency	1		ligh1 python:default invocation	1544621294022	1544621294564	OK	 
REQUEST	Invoke one action after each other to test latency	1		ligh1 python:default invocation	1544621294567	1544621295100	OK	 
REQUEST	Invoke one action after each other to test latency	1		ligh1 python:default invocation	1544621295103	1544621295634	OK	 
REQUEST	Invoke one action after each other to test latency	1		ligh1 python:default invocation	1544621295637	1544621296181	OK	 
REQUEST	Invoke one action after each other to test latency	1		ligh1 python:default invocation	1544621296183	1544621296716	OK	 
REQUEST	Invoke one action after each other to test latency	1		ligh1 python:default invocation	1544621296717	1544621297260	OK	 
REQUEST	Invoke one action after each other to test latency	1		ligh1 python:default invocation	1544621297261	1544621297808	OK	 
REQUEST	Invoke one action after each other to test latency	1		ligh1 python:default invocation	1544621297810	1544621298374	OK	 
REQUEST	Invoke one action after each other to test latency	1		ligh1 python:default invocation	1544621298375	1544621298932	OK	 
REQUEST	Invoke one action after each other to test latency	1		ligh1 python:default invocation	1544621298937	1544621299507	OK	 
REQUEST	Invoke one action after each other to test latency	1		ligh1 python:default invocation	1544621299508	1544621300037	OK	 
REQUEST	Invoke one action after each other to test latency	1		ligh1 python:default invocation	1544621300038	1544621300569	OK	 
REQUEST	Invoke one action after each other to test latency	1		ligh1 python:default invocation	1544621300570	1544621301153	OK	 
REQUEST	Invoke one action after each other to test latency	1		ligh1 python:default invocation	1544621301155	1544621301682	OK	 
REQUEST	Invoke one action after each other to test latency	1		ligh1 python:default invocation	1544621301684	1544621302257	OK	 
REQUEST	Invoke one action after each other to test latency	1		ligh1 python:default invocation	1544621302259	1544621302850	OK	 
REQUEST	Invoke one action after each other to test latency	1		ligh1 python:default invocation	1544621302853	1544621303925	OK	 
REQUEST	Invoke one action after each other to test latency	1		ligh1 python:default invocation	1544621303929	1544621304512	OK	 
REQUEST	Invoke one action after each other to test latency	1		ligh1 python:default invocation	1544621304514	1544621305033	OK	 
REQUEST	Invoke one action after each other to test latency	1		ligh1 python:default invocation	1544621305036	1544621305545	OK	 
REQUEST	Invoke one action after each other to test latency	1		ligh1 python:default invocation	1544621305549	1544621306082	OK	 
REQUEST	Invoke one action after each other to test latency	1		ligh1 python:default invocation	1544621306084	1544621306618	OK	 
REQUEST	Invoke one action after each other to test latency	1		ligh1 python:default invocation	1544621306619	1544621307161	OK	 
REQUEST	Invoke one action after each other to test latency	1		ligh1 python:default invocation	1544621307162	1544621307657	OK	 
REQUEST	Invoke one action after each other to test latency	1		ligh1 python:default invocation	1544621307658	1544621308159	OK	 
REQUEST	Invoke one action after each other to test latency	1		ligh1 python:default invocation	1544621308160	1544621308666	OK	 
REQUEST	Invoke one action after each other to test latency	1		ligh1 python:default invocation	1544621308669	1544621309169	OK	 
REQUEST	Invoke one action after each other to test latency	1		ligh1 python:default invocation	1544621309171	1544621309678	OK	 
REQUEST	Invoke one action after each other to test latency	1		ligh1 python:default invocation	1544621309680	1544621310230	OK	 
USER	Invoke one action after each other to test latency	1	END	1544621209538	1544621310243
