ASSERTION	AAEAAQ1JbnZva2UgYWN0aW9uAgIAAAAAAAAAAAA=
ASSERTION	AAEAAQ1JbnZva2UgYWN0aW9uAgIAAAAAAAAAAEA=
ASSERTION	AAEAAQ1JbnZva2UgYWN0aW9uAQACBwAAAAAA8Gn4QA==
ASSERTION	AAEAAQ1JbnZva2UgYWN0aW9uAwACBwCuR+F6FK7vPw==
RUN	org.apache.openwhisk.BlockingInvokeOneActionSimulation		blockinginvokeoneactionsimulation	1543862623620	 	2.0
USER	Invoke one action blocking	1	START	1543862626390	1543862626390
REQUEST	Invoke one action blocking	1		Create action	1543862626610	1543862626941	OK	 
REQUEST	Invoke one action blocking	1		Warm containers up	1543862627040	1543862627145	OK	 
REQUEST	Invoke one action blocking	1		Warm containers up	1543862627151	1543862627172	OK	 
REQUEST	Invoke one action blocking	1		Warm containers up	1543862627174	1543862627190	OK	 
REQUEST	Invoke one action blocking	1		Warm containers up	1543862627192	1543862627209	OK	 
REQUEST	Invoke one action blocking	1		Warm containers up	1543862627211	1543862627230	OK	 
REQUEST	Invoke one action blocking	1		Warm containers up	1543862627231	1543862627249	OK	 
REQUEST	Invoke one action blocking	1		Warm containers up	1543862627251	1543862627271	OK	 
REQUEST	Invoke one action blocking	1		Warm containers up	1543862627272	1543862627293	OK	 
REQUEST	Invoke one action blocking	1		Warm containers up	1543862627295	1543862627313	OK	 
REQUEST	Invoke one action blocking	1		Warm containers up	1543862627314	1543862627329	OK	 
REQUEST	Invoke one action blocking	1		Warm containers up	1543862627330	1543862627344	OK	 
REQUEST	Invoke one action blocking	1		Warm containers up	1543862627346	1543862627360	OK	 
REQUEST	Invoke one action blocking	1		Warm containers up	1543862627362	1543862627378	OK	 
REQUEST	Invoke one action blocking	1		Warm containers up	1543862627379	1543862627404	OK	 
REQUEST	Invoke one action blocking	1		Warm containers up	1543862627405	1543862627419	OK	 
REQUEST	Invoke one action blocking	1		Warm containers up	1543862627421	1543862627438	OK	 
REQUEST	Invoke one action blocking	1		Warm containers up	1543862627440	1543862627454	OK	 
REQUEST	Invoke one action blocking	1		Warm containers up	1543862627456	1543862627472	OK	 
REQUEST	Invoke one action blocking	1		Warm containers up	1543862627473	1543862627490	OK	 
REQUEST	Invoke one action blocking	1		Warm containers up	1543862627492	1543862628541	OK	 
REQUEST	Invoke one action blocking	1		Warm containers up	1543862628542	1543862628623	OK	 
REQUEST	Invoke one action blocking	1		Warm containers up	1543862628624	1543862628641	OK	 
REQUEST	Invoke one action blocking	1		Warm containers up	1543862628642	1543862629691	OK	 
REQUEST	Invoke one action blocking	1		Warm containers up	1543862629692	1543862629782	OK	 
REQUEST	Invoke one action blocking	1		Warm containers up	1543862629783	1543862629797	OK	 
REQUEST	Invoke one action blocking	1		Warm containers up	1543862629798	1543862629813	OK	 
REQUEST	Invoke one action blocking	1		Warm containers up	1543862629814	1543862629829	OK	 
REQUEST	Invoke one action blocking	1		Warm containers up	1543862629830	1543862629844	OK	 
REQUEST	Invoke one action blocking	1		Warm containers up	1543862629845	1543862629859	OK	 
REQUEST	Invoke one action blocking	1		Warm containers up	1543862629860	1543862629875	OK	 
REQUEST	Invoke one action blocking	1		Warm containers up	1543862629876	1543862629890	OK	 
REQUEST	Invoke one action blocking	1		Warm containers up	1543862629891	1543862629905	OK	 
REQUEST	Invoke one action blocking	1		Warm containers up	1543862629906	1543862629920	OK	 
REQUEST	Invoke one action blocking	1		Warm containers up	1543862629921	1543862629935	OK	 
REQUEST	Invoke one action blocking	1		Warm containers up	1543862629936	1543862629951	OK	 
REQUEST	Invoke one action blocking	1		Warm containers up	1543862629951	1543862629967	OK	 
REQUEST	Invoke one action blocking	1		Warm containers up	1543862629968	1543862629985	OK	 
REQUEST	Invoke one action blocking	1		Warm containers up	1543862629986	1543862633458	OK	 
REQUEST	Invoke one action blocking	1		Invoke action	1543862633462	1543862633481	OK	 
REQUEST	Invoke one action blocking	1		Invoke action	1543862633482	1543862633506	OK	 
REQUEST	Invoke one action blocking	1		Invoke action	1543862633506	1543862633529	OK	 
REQUEST	Invoke one action blocking	1		Invoke action	1543862633530	1543862633552	OK	 
REQUEST	Invoke one action blocking	1		Invoke action	1543862633553	1543862633578	OK	 
REQUEST	Invoke one action blocking	1		Invoke action	1543862633579	1543862633593	OK	 
REQUEST	Invoke one action blocking	1		Invoke action	1543862633594	1543862633677	OK	 
REQUEST	Invoke one action blocking	1		Invoke action	1543862633678	1543862633692	OK	 
REQUEST	Invoke one action blocking	1		Invoke action	1543862633693	1543862633709	OK	 
REQUEST	Invoke one action blocking	1		Invoke action	1543862633710	1543862633734	OK	 
REQUEST	Invoke one action blocking	1		Invoke action	1543862633735	1543862633760	OK	 
REQUEST	Invoke one action blocking	1		Invoke action	1543862633761	1543862633775	OK	 
REQUEST	Invoke one action blocking	1		Invoke action	1543862633776	1543862633798	OK	 
REQUEST	Invoke one action blocking	1		Invoke action	1543862633799	1543862633882	OK	 
REQUEST	Invoke one action blocking	1		Invoke action	1543862633883	1543862633899	OK	 
REQUEST	Invoke one action blocking	1		Invoke action	1543862633900	1543862633922	OK	 
REQUEST	Invoke one action blocking	1		Invoke action	1543862633923	1543862633939	OK	 
REQUEST	Invoke one action blocking	1		Invoke action	1543862633940	1543862633955	OK	 
REQUEST	Invoke one action blocking	1		Invoke action	1543862633955	1543862633970	OK	 
REQUEST	Invoke one action blocking	1		Invoke action	1543862633971	1543862635020	OK	 
REQUEST	Invoke one action blocking	1		Delete action	1543862635022	1543862635128	OK	 
USER	Invoke one action blocking	1	END	1543862626390	1543862635134
