ASSERTION	AAEAAQ1JbnZva2UgYWN0aW9uAgIAAAAAAAAAAAA=
ASSERTION	AAEAAQ1JbnZva2UgYWN0aW9uAgIAAAAAAAAAIkA=
ASSERTION	AAEAAQ1JbnZva2UgYWN0aW9uAQACBwAAAAAA8Gn4QA==
ASSERTION	AAEAAQ1JbnZva2UgYWN0aW9uAwACBwCuR+F6FK7vPw==
RUN	org.apache.openwhisk.BlockingInvokeOneActionSimulation		blockinginvokeoneactionsimulation	1543864076901	 	2.0
USER	Invoke one action blocking	1	START	1543864079600	1543864079600
REQUEST	Invoke one action blocking	1		Create action	1543864079811	1543864080079	OK	 
REQUEST	Invoke one action blocking	1		Warm containers up	1543864080171	1543864080273	OK	 
REQUEST	Invoke one action blocking	1		Warm containers up	1543864080281	1543864080304	OK	 
REQUEST	Invoke one action blocking	1		Warm containers up	1543864080305	1543864080320	OK	 
REQUEST	Invoke one action blocking	1		Warm containers up	1543864080321	1543864080336	OK	 
REQUEST	Invoke one action blocking	1		Warm containers up	1543864080337	1543864080352	OK	 
REQUEST	Invoke one action blocking	1		Warm containers up	1543864080353	1543864081401	OK	 
REQUEST	Invoke one action blocking	1		Warm containers up	1543864081403	1543864081497	OK	 
REQUEST	Invoke one action blocking	1		Warm containers up	1543864081498	1543864081514	OK	 
REQUEST	Invoke one action blocking	1		Warm containers up	1543864081515	1543864081534	OK	 
REQUEST	Invoke one action blocking	1		Warm containers up	1543864081535	1543864081550	OK	 
REQUEST	Invoke one action blocking	1		Warm containers up	1543864081551	1543864084649	OK	 
REQUEST	Invoke one action blocking	1		Warm containers up	1543864084650	1543864084666	OK	 
REQUEST	Invoke one action blocking	1		Warm containers up	1543864084667	1543864084682	OK	 
REQUEST	Invoke one action blocking	1		Warm containers up	1543864084683	1543864084699	OK	 
REQUEST	Invoke one action blocking	1		Warm containers up	1543864084700	1543864084718	OK	 
REQUEST	Invoke one action blocking	1		Warm containers up	1543864084719	1543864084734	OK	 
REQUEST	Invoke one action blocking	1		Warm containers up	1543864084735	1543864084749	OK	 
REQUEST	Invoke one action blocking	1		Warm containers up	1543864084750	1543864084764	OK	 
REQUEST	Invoke one action blocking	1		Warm containers up	1543864084766	1543864084779	OK	 
REQUEST	Invoke one action blocking	1		Warm containers up	1543864084780	1543864084803	OK	 
REQUEST	Invoke one action blocking	1		Warm containers up	1543864084804	1543864084822	OK	 
REQUEST	Invoke one action blocking	1		Warm containers up	1543864084823	1543864084839	OK	 
REQUEST	Invoke one action blocking	1		Warm containers up	1543864084840	1543864084874	OK	 
REQUEST	Invoke one action blocking	1		Warm containers up	1543864084875	1543864084898	OK	 
REQUEST	Invoke one action blocking	1		Warm containers up	1543864084899	1543864084916	OK	 
REQUEST	Invoke one action blocking	1		Warm containers up	1543864084917	1543864084934	OK	 
REQUEST	Invoke one action blocking	1		Warm containers up	1543864084934	1543864084950	OK	 
REQUEST	Invoke one action blocking	1		Warm containers up	1543864084951	1543864084975	OK	 
REQUEST	Invoke one action blocking	1		Warm containers up	1543864084976	1543864084997	OK	 
REQUEST	Invoke one action blocking	1		Warm containers up	1543864084998	1543864085016	OK	 
REQUEST	Invoke one action blocking	1		Warm containers up	1543864085017	1543864085032	OK	 
REQUEST	Invoke one action blocking	1		Warm containers up	1543864085033	1543864085061	OK	 
REQUEST	Invoke one action blocking	1		Warm containers up	1543864085061	1543864085076	OK	 
REQUEST	Invoke one action blocking	1		Warm containers up	1543864085076	1543864085104	OK	 
REQUEST	Invoke one action blocking	1		Warm containers up	1543864085105	1543864085119	OK	 
REQUEST	Invoke one action blocking	1		Warm containers up	1543864085120	1543864085137	OK	 
REQUEST	Invoke one action blocking	1		Warm containers up	1543864085137	1543864085158	OK	 
REQUEST	Invoke one action blocking	1		Invoke action	1543864085161	1543864085183	OK	 
REQUEST	Invoke one action blocking	1		Invoke action	1543864085184	1543864085198	OK	 
REQUEST	Invoke one action blocking	1		Invoke action	1543864085199	1543864085214	OK	 
REQUEST	Invoke one action blocking	1		Invoke action	1543864085215	1543864085234	OK	 
REQUEST	Invoke one action blocking	1		Invoke action	1543864085235	1543864085251	OK	 
REQUEST	Invoke one action blocking	1		Invoke action	1543864085252	1543864085269	OK	 
REQUEST	Invoke one action blocking	1		Invoke action	1543864085270	1543864085301	OK	 
REQUEST	Invoke one action blocking	1		Invoke action	1543864085302	1543864085317	OK	 
REQUEST	Invoke one action blocking	1		Invoke action	1543864085318	1543864085333	OK	 
REQUEST	Invoke one action blocking	1		Invoke action	1543864085333	1543864085347	OK	 
REQUEST	Invoke one action blocking	1		Invoke action	1543864085348	1543864085372	OK	 
REQUEST	Invoke one action blocking	1		Invoke action	1543864085372	1543864085387	OK	 
REQUEST	Invoke one action blocking	1		Invoke action	1543864085388	1543864085412	OK	 
REQUEST	Invoke one action blocking	1		Invoke action	1543864085413	1543864085427	OK	 
REQUEST	Invoke one action blocking	1		Invoke action	1543864085428	1543864085448	OK	 
REQUEST	Invoke one action blocking	1		Invoke action	1543864085449	1543864085464	OK	 
REQUEST	Invoke one action blocking	1		Invoke action	1543864085465	1543864085488	OK	 
REQUEST	Invoke one action blocking	1		Invoke action	1543864085489	1543864085503	OK	 
REQUEST	Invoke one action blocking	1		Invoke action	1543864085504	1543864085517	OK	 
REQUEST	Invoke one action blocking	1		Invoke action	1543864085518	1543864085600	OK	 
REQUEST	Invoke one action blocking	1		Invoke action	1543864085601	1543864085630	OK	 
REQUEST	Invoke one action blocking	1		Invoke action	1543864085631	1543864085646	OK	 
REQUEST	Invoke one action blocking	1		Invoke action	1543864085648	1543864085663	OK	 
REQUEST	Invoke one action blocking	1		Invoke action	1543864085663	1543864085666	KO	status.find.in(200,304,201,202,203,204,205,206,207,208,209), but actually found 429
REQUEST	Invoke one action blocking	1		Invoke action	1543864085693	1543864085702	KO	status.find.in(200,304,201,202,203,204,205,206,207,208,209), but actually found 429
REQUEST	Invoke one action blocking	1		Invoke action	1543864085704	1543864085710	KO	status.find.in(200,304,201,202,203,204,205,206,207,208,209), but actually found 429
REQUEST	Invoke one action blocking	1		Invoke action	1543864085711	1543864085714	KO	status.find.in(200,304,201,202,203,204,205,206,207,208,209), but actually found 429
REQUEST	Invoke one action blocking	1		Invoke action	1543864085719	1543864085722	KO	status.find.in(200,304,201,202,203,204,205,206,207,208,209), but actually found 429
REQUEST	Invoke one action blocking	1		Invoke action	1543864085724	1543864085731	KO	status.find.in(200,304,201,202,203,204,205,206,207,208,209), but actually found 429
REQUEST	Invoke one action blocking	1		Invoke action	1543864085733	1543864085735	KO	status.find.in(200,304,201,202,203,204,205,206,207,208,209), but actually found 429
REQUEST	Invoke one action blocking	1		Invoke action	1543864085740	1543864085743	KO	status.find.in(200,304,201,202,203,204,205,206,207,208,209), but actually found 429
REQUEST	Invoke one action blocking	1		Invoke action	1543864085750	1543864085755	KO	status.find.in(200,304,201,202,203,204,205,206,207,208,209), but actually found 429
REQUEST	Invoke one action blocking	1		Invoke action	1543864085770	1543864085773	KO	status.find.in(200,304,201,202,203,204,205,206,207,208,209), but actually found 429
REQUEST	Invoke one action blocking	1		Invoke action	1543864085826	1543864085832	KO	status.find.in(200,304,201,202,203,204,205,206,207,208,209), but actually found 429
REQUEST	Invoke one action blocking	1		Invoke action	1543864085834	1543864085836	KO	status.find.in(200,304,201,202,203,204,205,206,207,208,209), but actually found 429
REQUEST	Invoke one action blocking	1		Invoke action	1543864085840	1543864085843	KO	status.find.in(200,304,201,202,203,204,205,206,207,208,209), but actually found 429
REQUEST	Invoke one action blocking	1		Invoke action	1543864085844	1543864085853	KO	status.find.in(200,304,201,202,203,204,205,206,207,208,209), but actually found 429
REQUEST	Invoke one action blocking	1		Invoke action	1543864085861	1543864085863	KO	status.find.in(200,304,201,202,203,204,205,206,207,208,209), but actually found 429
REQUEST	Invoke one action blocking	1		Invoke action	1543864085870	1543864085873	KO	status.find.in(200,304,201,202,203,204,205,206,207,208,209), but actually found 429
REQUEST	Invoke one action blocking	1		Invoke action	1543864085874	1543864085881	KO	status.find.in(200,304,201,202,203,204,205,206,207,208,209), but actually found 429
REQUEST	Invoke one action blocking	1		Invoke action	1543864085883	1543864085889	KO	status.find.in(200,304,201,202,203,204,205,206,207,208,209), but actually found 429
REQUEST	Invoke one action blocking	1		Invoke action	1543864085891	1543864085894	KO	status.find.in(200,304,201,202,203,204,205,206,207,208,209), but actually found 429
REQUEST	Invoke one action blocking	1		Invoke action	1543864085900	1543864085903	KO	status.find.in(200,304,201,202,203,204,205,206,207,208,209), but actually found 429
REQUEST	Invoke one action blocking	1		Invoke action	1543864085904	1543864085909	KO	status.find.in(200,304,201,202,203,204,205,206,207,208,209), but actually found 429
REQUEST	Invoke one action blocking	1		Invoke action	1543864085911	1543864085920	KO	status.find.in(200,304,201,202,203,204,205,206,207,208,209), but actually found 429
REQUEST	Invoke one action blocking	1		Invoke action	1543864085921	1543864085931	KO	status.find.in(200,304,201,202,203,204,205,206,207,208,209), but actually found 429
REQUEST	Invoke one action blocking	1		Invoke action	1543864085933	1543864085935	KO	status.find.in(200,304,201,202,203,204,205,206,207,208,209), but actually found 429
REQUEST	Invoke one action blocking	1		Invoke action	1543864085940	1543864085943	KO	status.find.in(200,304,201,202,203,204,205,206,207,208,209), but actually found 429
REQUEST	Invoke one action blocking	1		Invoke action	1543864085944	1543864085949	KO	status.find.in(200,304,201,202,203,204,205,206,207,208,209), but actually found 429
REQUEST	Invoke one action blocking	1		Invoke action	1543864085951	1543864085959	KO	status.find.in(200,304,201,202,203,204,205,206,207,208,209), but actually found 429
REQUEST	Invoke one action blocking	1		Invoke action	1543864085961	1543864085971	KO	status.find.in(200,304,201,202,203,204,205,206,207,208,209), but actually found 429
REQUEST	Invoke one action blocking	1		Invoke action	1543864085973	1543864085982	KO	status.find.in(200,304,201,202,203,204,205,206,207,208,209), but actually found 429
REQUEST	Invoke one action blocking	1		Invoke action	1543864085983	1543864085989	KO	status.find.in(200,304,201,202,203,204,205,206,207,208,209), but actually found 429
REQUEST	Invoke one action blocking	1		Invoke action	1543864085991	1543864085999	KO	status.find.in(200,304,201,202,203,204,205,206,207,208,209), but actually found 429
REQUEST	Invoke one action blocking	1		Invoke action	1543864086001	1543864086003	KO	status.find.in(200,304,201,202,203,204,205,206,207,208,209), but actually found 429
REQUEST	Invoke one action blocking	1		Invoke action	1543864086009	1543864086012	KO	status.find.in(200,304,201,202,203,204,205,206,207,208,209), but actually found 429
REQUEST	Invoke one action blocking	1		Invoke action	1543864086013	1543864086019	KO	status.find.in(200,304,201,202,203,204,205,206,207,208,209), but actually found 429
REQUEST	Invoke one action blocking	1		Invoke action	1543864086021	1543864086029	KO	status.find.in(200,304,201,202,203,204,205,206,207,208,209), but actually found 429
REQUEST	Invoke one action blocking	1		Invoke action	1543864086031	1543864086034	KO	status.find.in(200,304,201,202,203,204,205,206,207,208,209), but actually found 429
REQUEST	Invoke one action blocking	1		Invoke action	1543864086035	1543864086041	KO	status.find.in(200,304,201,202,203,204,205,206,207,208,209), but actually found 429
REQUEST	Invoke one action blocking	1		Invoke action	1543864086042	1543864086045	KO	status.find.in(200,304,201,202,203,204,205,206,207,208,209), but actually found 429
REQUEST	Invoke one action blocking	1		Invoke action	1543864086062	1543864086071	KO	status.find.in(200,304,201,202,203,204,205,206,207,208,209), but actually found 429
REQUEST	Invoke one action blocking	1		Invoke action	1543864086082	1543864086125	KO	status.find.in(200,304,201,202,203,204,205,206,207,208,209), but actually found 429
REQUEST	Invoke one action blocking	1		Invoke action	1543864086131	1543864086134	KO	status.find.in(200,304,201,202,203,204,205,206,207,208,209), but actually found 429
REQUEST	Invoke one action blocking	1		Invoke action	1543864086140	1543864086143	KO	status.find.in(200,304,201,202,203,204,205,206,207,208,209), but actually found 429
REQUEST	Invoke one action blocking	1		Invoke action	1543864086149	1543864086152	KO	status.find.in(200,304,201,202,203,204,205,206,207,208,209), but actually found 429
REQUEST	Invoke one action blocking	1		Invoke action	1543864086154	1543864086159	KO	status.find.in(200,304,201,202,203,204,205,206,207,208,209), but actually found 429
REQUEST	Invoke one action blocking	1		Invoke action	1543864086161	1543864086163	KO	status.find.in(200,304,201,202,203,204,205,206,207,208,209), but actually found 429
REQUEST	Invoke one action blocking	1		Delete action	1543864086165	1543864086288	OK	 
USER	Invoke one action blocking	1	END	1543864079600	1543864086291
